#
# There is insufficient memory for the Java Runtime Environment to continue.
# Native memory allocation (malloc) failed to allocate 2030352 bytes for Chunk::new
# Possible reasons:
#   The system is out of physical RAM or swap space
#   The process is running with CompressedOops enabled, and the Java Heap may be blocking the growth of the native heap
# Possible solutions:
#   Reduce memory load on the system
#   Increase physical memory or swap space
#   Check if swap backing store is full
#   Decrease Java heap size (-Xmx/-Xms)
#   Decrease number of Java threads
#   Decrease Java thread stack sizes (-Xss)
#   Set larger code cache with -XX:ReservedCodeCacheSize=
#   JVM is running with Unscaled Compressed Oops mode in which the Java heap is
#     placed in the first 4GB address space. The Java Heap base address is the
#     maximum limit for the native heap growth. Please use -XX:HeapBaseMinAddress
#     to set the Java Heap base and to place the Java Heap above 4GB virtual address.
# This output file may be truncated or incomplete.
#
#  Out of Memory Error (arena.cpp:168), pid=10312, tid=9196
#
# JRE version: Java(TM) SE Runtime Environment (21.0.1+12) (build 21.0.1+12-LTS-29)
# Java VM: Java HotSpot(TM) 64-Bit Server VM (21.0.1+12-LTS-29, mixed mode, sharing, tiered, compressed oops, compressed class ptrs, g1 gc, windows-amd64)
# No core dump will be written. Minidumps are not enabled by default on client versions of Windows
#

---------------  S U M M A R Y ------------

Command Line: com.example.gesvet.GesvetApplication

Host: Intel(R) Celeron(R) CPU  N3060  @ 1.60GHz, 2 cores, 3G,  Windows 10 , 64 bit Build 19041 (10.0.19041.3636)
Time: Wed Feb 21 08:04:34 2024 Hora est. Pacífico, Sudamérica elapsed time: 9.662643 seconds (0d 0h 0m 9s)

---------------  T H R E A D  ---------------

Current thread (0x00000167fa3c2b50):  JavaThread "C2 CompilerThread0" daemon [_thread_in_native, id=9196, stack(0x00000046ec000000,0x00000046ec100000) (1024K)]


Current CompileTask:
C2:   9662 2493   !   4       jdk.internal.loader.BuiltinClassLoader::loadClassOrNull (143 bytes)

Stack: [0x00000046ec000000,0x00000046ec100000]
Native frames: (J=compiled Java code, j=interpreted, Vv=VM code, C=native code)
V  [jvm.dll+0x6c9029]
V  [jvm.dll+0x854b81]
V  [jvm.dll+0x856e5e]
V  [jvm.dll+0x857543]
V  [jvm.dll+0x280c06]
V  [jvm.dll+0xc3ead]
V  [jvm.dll+0xc43c3]
V  [jvm.dll+0x3b576c]
V  [jvm.dll+0x382475]
V  [jvm.dll+0x3818ea]
V  [jvm.dll+0x249ad0]
V  [jvm.dll+0x2490b1]
V  [jvm.dll+0x1c9ca1]
V  [jvm.dll+0x2586b9]
V  [jvm.dll+0x256c9a]
V  [jvm.dll+0x3ef1b6]
V  [jvm.dll+0x7fd728]
V  [jvm.dll+0x6c777d]
C  [ucrtbase.dll+0x21bb2]
C  [KERNEL32.DLL+0x17344]
C  [ntdll.dll+0x526b1]


---------------  P R O C E S S  ---------------

Threads class SMR info:
_java_thread_list=0x00000167ff3dc700, length=15, elements={
0x00000167dda9a200, 0x00000167fa3b9f30, 0x00000167fa3bc010, 0x00000167fa3bfea0,
0x00000167fa3c0900, 0x00000167fa3c1360, 0x00000167fa3c1dc0, 0x00000167fa3c2b50,
0x00000167fa3ea0b0, 0x00000167fa66e9b0, 0x00000167fa67eb90, 0x00000167ff2abb80,
0x00000167ff7aed70, 0x00000167c120c020, 0x00000167c17f71e0
}

Java Threads: ( => current thread )
  0x00000167dda9a200 JavaThread "main"                              [_thread_blocked, id=6096, stack(0x00000046eb100000,0x00000046eb200000) (1024K)]
  0x00000167fa3b9f30 JavaThread "Reference Handler"          daemon [_thread_blocked, id=5424, stack(0x00000046eba00000,0x00000046ebb00000) (1024K)]
  0x00000167fa3bc010 JavaThread "Finalizer"                  daemon [_thread_blocked, id=11984, stack(0x00000046ebb00000,0x00000046ebc00000) (1024K)]
  0x00000167fa3bfea0 JavaThread "Signal Dispatcher"          daemon [_thread_blocked, id=7276, stack(0x00000046ebc00000,0x00000046ebd00000) (1024K)]
  0x00000167fa3c0900 JavaThread "Attach Listener"            daemon [_thread_blocked, id=2528, stack(0x00000046ebd00000,0x00000046ebe00000) (1024K)]
  0x00000167fa3c1360 JavaThread "Service Thread"             daemon [_thread_blocked, id=4128, stack(0x00000046ebe00000,0x00000046ebf00000) (1024K)]
  0x00000167fa3c1dc0 JavaThread "Monitor Deflation Thread"   daemon [_thread_blocked, id=11620, stack(0x00000046ebf00000,0x00000046ec000000) (1024K)]
=>0x00000167fa3c2b50 JavaThread "C2 CompilerThread0"         daemon [_thread_in_native, id=9196, stack(0x00000046ec000000,0x00000046ec100000) (1024K)]
  0x00000167fa3ea0b0 JavaThread "C1 CompilerThread0"         daemon [_thread_blocked, id=9680, stack(0x00000046ec100000,0x00000046ec200000) (1024K)]
  0x00000167fa66e9b0 JavaThread "Notification Thread"        daemon [_thread_blocked, id=11656, stack(0x00000046ec200000,0x00000046ec300000) (1024K)]
  0x00000167fa67eb90 JavaThread "Common-Cleaner"             daemon [_thread_blocked, id=11648, stack(0x00000046ec300000,0x00000046ec400000) (1024K)]
  0x00000167ff2abb80 JavaThread "Thread-0"                          [_thread_blocked, id=3164, stack(0x00000046ec500000,0x00000046ec600000) (1024K)]
  0x00000167ff7aed70 JavaThread "restartedMain"                     [_thread_blocked, id=9668, stack(0x00000046ec600000,0x00000046ec700000) (1024K)]
  0x00000167c120c020 JavaThread "background-preinit"                [_thread_in_vm, id=7336, stack(0x00000046ec700000,0x00000046ec800000) (1024K)]
  0x00000167c17f71e0 JavaThread "Thread-3"                          [_thread_in_vm, id=2328, stack(0x00000046ec800000,0x00000046ec900000) (1024K)]
Total: 15

Other Threads:
  0x00000167dfc2c180 VMThread "VM Thread"                           [id=9268, stack(0x00000046eb900000,0x00000046eba00000) (1024K)]
  0x00000167fa3ad290 WatcherThread "VM Periodic Task Thread"        [id=10740, stack(0x00000046eb800000,0x00000046eb900000) (1024K)]
  0x00000167dfbafdd0 WorkerThread "GC Thread#0"                     [id=11088, stack(0x00000046eb300000,0x00000046eb400000) (1024K)]
  0x00000167ff09a970 WorkerThread "GC Thread#1"                     [id=6480, stack(0x00000046ec400000,0x00000046ec500000) (1024K)]
  0x00000167dfbb8af0 ConcurrentGCThread "G1 Main Marker"            [id=11248, stack(0x00000046eb400000,0x00000046eb500000) (1024K)]
  0x00000167dfbb97a0 WorkerThread "G1 Conc#0"                       [id=9792, stack(0x00000046eb500000,0x00000046eb600000) (1024K)]
  0x00000167dfc042d0 ConcurrentGCThread "G1 Refine#0"               [id=2792, stack(0x00000046eb600000,0x00000046eb700000) (1024K)]
  0x00000167dfc04ff0 ConcurrentGCThread "G1 Service"                [id=10920, stack(0x00000046eb700000,0x00000046eb800000) (1024K)]
Total: 8

Threads with active compile tasks:
C2 CompilerThread0     9790 2493   !   4       jdk.internal.loader.BuiltinClassLoader::loadClassOrNull (143 bytes)
Total: 1

VM state: not at safepoint (normal execution)

VM Mutex/Monitor currently owned by a thread:  ([mutex/lock_event])
[0x00007fff2e1b8578] Metaspace_lock - owner thread: 0x00000167c120c020

Heap address: 0x00000000c1600000, size: 1002 MB, Compressed Oops mode: 32-bit

CDS archive(s) mapped at: [0x0000016780000000-0x0000016780c90000-0x0000016780c90000), size 13172736, SharedBaseAddress: 0x0000016780000000, ArchiveRelocationMode: 1.
Compressed class space mapped at: 0x0000016781000000-0x00000167c1000000, reserved size: 1073741824
Narrow klass base: 0x0000016780000000, Narrow klass shift: 0, Narrow klass range: 0x100000000

GC Precious Log:
 CardTable entry size: 512
 Card Set container configuration: InlinePtr #cards 5 size 8 Array Of Cards #cards 12 size 40 Howl #buckets 4 coarsen threshold 1843 Howl Bitmap #cards 512 size 80 coarsen threshold 460 Card regions per heap region 1 cards per card region 2048
 CPUs: 2 total, 2 available
 Memory: 4001M
 Large Page Support: Disabled
 NUMA Support: Disabled
 Compressed Oops: Enabled (32-bit)
 Heap Region Size: 1M
 Heap Min Capacity: 8M
 Heap Initial Capacity: 64M
 Heap Max Capacity: 1002M
 Pre-touch: Disabled
 Parallel Workers: 2
 Concurrent Workers: 1
 Concurrent Refinement Workers: 2
 Periodic GC: Disabled

Heap:
 garbage-first heap   total 65536K, used 27323K [0x00000000c1600000, 0x0000000100000000)
  region size 1024K, 23 young (23552K), 5 survivors (5120K)
 Metaspace       used 19719K, committed 20032K, reserved 1114112K
  class space    used 2457K, committed 2624K, reserved 1048576K

Heap Regions: E=young(eden), S=young(survivor), O=old, HS=humongous(starts), HC=humongous(continues), CS=collection set, F=free, TAMS=top-at-mark-start, PB=parsable bottom
|   0|0x00000000c1600000, 0x00000000c1700000, 0x00000000c1700000|100%|HS|  |TAMS 0x00000000c1600000| PB 0x00000000c1600000| Complete 
|   1|0x00000000c1700000, 0x00000000c1800000, 0x00000000c1800000|100%| O|  |TAMS 0x00000000c1700000| PB 0x00000000c1700000| Untracked 
|   2|0x00000000c1800000, 0x00000000c1900000, 0x00000000c1900000|100%| O|  |TAMS 0x00000000c1800000| PB 0x00000000c1800000| Untracked 
|   3|0x00000000c1900000, 0x00000000c1a00000, 0x00000000c1a00000|100%| O|  |TAMS 0x00000000c1900000| PB 0x00000000c1900000| Untracked 
|   4|0x00000000c1a00000, 0x00000000c1b00000, 0x00000000c1b00000|100%| O|  |TAMS 0x00000000c1a00000| PB 0x00000000c1a00000| Untracked 
|   5|0x00000000c1b00000, 0x00000000c1bd1970, 0x00000000c1c00000| 81%| O|  |TAMS 0x00000000c1b00000| PB 0x00000000c1b00000| Untracked 
|   6|0x00000000c1c00000, 0x00000000c1c00000, 0x00000000c1d00000|  0%| F|  |TAMS 0x00000000c1c00000| PB 0x00000000c1c00000| Untracked 
|   7|0x00000000c1d00000, 0x00000000c1d00000, 0x00000000c1e00000|  0%| F|  |TAMS 0x00000000c1d00000| PB 0x00000000c1d00000| Untracked 
|   8|0x00000000c1e00000, 0x00000000c1e00000, 0x00000000c1f00000|  0%| F|  |TAMS 0x00000000c1e00000| PB 0x00000000c1e00000| Untracked 
|   9|0x00000000c1f00000, 0x00000000c1f00000, 0x00000000c2000000|  0%| F|  |TAMS 0x00000000c1f00000| PB 0x00000000c1f00000| Untracked 
|  10|0x00000000c2000000, 0x00000000c2000000, 0x00000000c2100000|  0%| F|  |TAMS 0x00000000c2000000| PB 0x00000000c2000000| Untracked 
|  11|0x00000000c2100000, 0x00000000c2100000, 0x00000000c2200000|  0%| F|  |TAMS 0x00000000c2100000| PB 0x00000000c2100000| Untracked 
|  12|0x00000000c2200000, 0x00000000c2200000, 0x00000000c2300000|  0%| F|  |TAMS 0x00000000c2200000| PB 0x00000000c2200000| Untracked 
|  13|0x00000000c2300000, 0x00000000c2300000, 0x00000000c2400000|  0%| F|  |TAMS 0x00000000c2300000| PB 0x00000000c2300000| Untracked 
|  14|0x00000000c2400000, 0x00000000c2400000, 0x00000000c2500000|  0%| F|  |TAMS 0x00000000c2400000| PB 0x00000000c2400000| Untracked 
|  15|0x00000000c2500000, 0x00000000c2500000, 0x00000000c2600000|  0%| F|  |TAMS 0x00000000c2500000| PB 0x00000000c2500000| Untracked 
|  16|0x00000000c2600000, 0x00000000c2600000, 0x00000000c2700000|  0%| F|  |TAMS 0x00000000c2600000| PB 0x00000000c2600000| Untracked 
|  17|0x00000000c2700000, 0x00000000c2700000, 0x00000000c2800000|  0%| F|  |TAMS 0x00000000c2700000| PB 0x00000000c2700000| Untracked 
|  18|0x00000000c2800000, 0x00000000c2800000, 0x00000000c2900000|  0%| F|  |TAMS 0x00000000c2800000| PB 0x00000000c2800000| Untracked 
|  19|0x00000000c2900000, 0x00000000c2900000, 0x00000000c2a00000|  0%| F|  |TAMS 0x00000000c2900000| PB 0x00000000c2900000| Untracked 
|  20|0x00000000c2a00000, 0x00000000c2a00000, 0x00000000c2b00000|  0%| F|  |TAMS 0x00000000c2a00000| PB 0x00000000c2a00000| Untracked 
|  21|0x00000000c2b00000, 0x00000000c2bdd490, 0x00000000c2c00000| 86%| S|CS|TAMS 0x00000000c2b00000| PB 0x00000000c2b00000| Complete 
|  22|0x00000000c2c00000, 0x00000000c2d00000, 0x00000000c2d00000|100%| S|CS|TAMS 0x00000000c2c00000| PB 0x00000000c2c00000| Complete 
|  23|0x00000000c2d00000, 0x00000000c2e00000, 0x00000000c2e00000|100%| S|CS|TAMS 0x00000000c2d00000| PB 0x00000000c2d00000| Complete 
|  24|0x00000000c2e00000, 0x00000000c2f00000, 0x00000000c2f00000|100%| S|CS|TAMS 0x00000000c2e00000| PB 0x00000000c2e00000| Complete 
|  25|0x00000000c2f00000, 0x00000000c3000000, 0x00000000c3000000|100%| S|CS|TAMS 0x00000000c2f00000| PB 0x00000000c2f00000| Complete 
|  26|0x00000000c3000000, 0x00000000c3000000, 0x00000000c3100000|  0%| F|  |TAMS 0x00000000c3000000| PB 0x00000000c3000000| Untracked 
|  27|0x00000000c3100000, 0x00000000c3100000, 0x00000000c3200000|  0%| F|  |TAMS 0x00000000c3100000| PB 0x00000000c3100000| Untracked 
|  28|0x00000000c3200000, 0x00000000c3200000, 0x00000000c3300000|  0%| F|  |TAMS 0x00000000c3200000| PB 0x00000000c3200000| Untracked 
|  29|0x00000000c3300000, 0x00000000c3300000, 0x00000000c3400000|  0%| F|  |TAMS 0x00000000c3300000| PB 0x00000000c3300000| Untracked 
|  30|0x00000000c3400000, 0x00000000c3400000, 0x00000000c3500000|  0%| F|  |TAMS 0x00000000c3400000| PB 0x00000000c3400000| Untracked 
|  31|0x00000000c3500000, 0x00000000c3500000, 0x00000000c3600000|  0%| F|  |TAMS 0x00000000c3500000| PB 0x00000000c3500000| Untracked 
|  32|0x00000000c3600000, 0x00000000c3600000, 0x00000000c3700000|  0%| F|  |TAMS 0x00000000c3600000| PB 0x00000000c3600000| Untracked 
|  33|0x00000000c3700000, 0x00000000c3700000, 0x00000000c3800000|  0%| F|  |TAMS 0x00000000c3700000| PB 0x00000000c3700000| Untracked 
|  34|0x00000000c3800000, 0x00000000c3800000, 0x00000000c3900000|  0%| F|  |TAMS 0x00000000c3800000| PB 0x00000000c3800000| Untracked 
|  35|0x00000000c3900000, 0x00000000c3900000, 0x00000000c3a00000|  0%| F|  |TAMS 0x00000000c3900000| PB 0x00000000c3900000| Untracked 
|  36|0x00000000c3a00000, 0x00000000c3a00000, 0x00000000c3b00000|  0%| F|  |TAMS 0x00000000c3a00000| PB 0x00000000c3a00000| Untracked 
|  37|0x00000000c3b00000, 0x00000000c3b00000, 0x00000000c3c00000|  0%| F|  |TAMS 0x00000000c3b00000| PB 0x00000000c3b00000| Untracked 
|  38|0x00000000c3c00000, 0x00000000c3c00000, 0x00000000c3d00000|  0%| F|  |TAMS 0x00000000c3c00000| PB 0x00000000c3c00000| Untracked 
|  39|0x00000000c3d00000, 0x00000000c3d00000, 0x00000000c3e00000|  0%| F|  |TAMS 0x00000000c3d00000| PB 0x00000000c3d00000| Untracked 
|  40|0x00000000c3e00000, 0x00000000c3e00000, 0x00000000c3f00000|  0%| F|  |TAMS 0x00000000c3e00000| PB 0x00000000c3e00000| Untracked 
|  41|0x00000000c3f00000, 0x00000000c3f00000, 0x00000000c4000000|  0%| F|  |TAMS 0x00000000c3f00000| PB 0x00000000c3f00000| Untracked 
|  42|0x00000000c4000000, 0x00000000c4000000, 0x00000000c4100000|  0%| F|  |TAMS 0x00000000c4000000| PB 0x00000000c4000000| Untracked 
|  43|0x00000000c4100000, 0x00000000c4100000, 0x00000000c4200000|  0%| F|  |TAMS 0x00000000c4100000| PB 0x00000000c4100000| Untracked 
|  44|0x00000000c4200000, 0x00000000c4200000, 0x00000000c4300000|  0%| F|  |TAMS 0x00000000c4200000| PB 0x00000000c4200000| Untracked 
|  45|0x00000000c4300000, 0x00000000c4300000, 0x00000000c4400000|  0%| F|  |TAMS 0x00000000c4300000| PB 0x00000000c4300000| Untracked 
|  46|0x00000000c4400000, 0x00000000c448fa70, 0x00000000c4500000| 56%| E|  |TAMS 0x00000000c4400000| PB 0x00000000c4400000| Complete 
|  47|0x00000000c4500000, 0x00000000c4600000, 0x00000000c4600000|100%| E|CS|TAMS 0x00000000c4500000| PB 0x00000000c4500000| Complete 
|  48|0x00000000c4600000, 0x00000000c4700000, 0x00000000c4700000|100%| E|  |TAMS 0x00000000c4600000| PB 0x00000000c4600000| Complete 
|  49|0x00000000c4700000, 0x00000000c4800000, 0x00000000c4800000|100%| E|CS|TAMS 0x00000000c4700000| PB 0x00000000c4700000| Complete 
|  50|0x00000000c4800000, 0x00000000c4900000, 0x00000000c4900000|100%| E|CS|TAMS 0x00000000c4800000| PB 0x00000000c4800000| Complete 
|  51|0x00000000c4900000, 0x00000000c4a00000, 0x00000000c4a00000|100%| E|CS|TAMS 0x00000000c4900000| PB 0x00000000c4900000| Complete 
|  52|0x00000000c4a00000, 0x00000000c4b00000, 0x00000000c4b00000|100%| E|CS|TAMS 0x00000000c4a00000| PB 0x00000000c4a00000| Complete 
|  53|0x00000000c4b00000, 0x00000000c4c00000, 0x00000000c4c00000|100%| E|CS|TAMS 0x00000000c4b00000| PB 0x00000000c4b00000| Complete 
|  54|0x00000000c4c00000, 0x00000000c4d00000, 0x00000000c4d00000|100%| E|CS|TAMS 0x00000000c4c00000| PB 0x00000000c4c00000| Complete 
|  55|0x00000000c4d00000, 0x00000000c4e00000, 0x00000000c4e00000|100%| E|CS|TAMS 0x00000000c4d00000| PB 0x00000000c4d00000| Complete 
|  56|0x00000000c4e00000, 0x00000000c4f00000, 0x00000000c4f00000|100%| E|CS|TAMS 0x00000000c4e00000| PB 0x00000000c4e00000| Complete 
|  57|0x00000000c4f00000, 0x00000000c5000000, 0x00000000c5000000|100%| E|CS|TAMS 0x00000000c4f00000| PB 0x00000000c4f00000| Complete 
|  58|0x00000000c5000000, 0x00000000c5100000, 0x00000000c5100000|100%| E|CS|TAMS 0x00000000c5000000| PB 0x00000000c5000000| Complete 
|  59|0x00000000c5100000, 0x00000000c5200000, 0x00000000c5200000|100%| E|CS|TAMS 0x00000000c5100000| PB 0x00000000c5100000| Complete 
|  60|0x00000000c5200000, 0x00000000c5300000, 0x00000000c5300000|100%| E|CS|TAMS 0x00000000c5200000| PB 0x00000000c5200000| Complete 
|  61|0x00000000c5300000, 0x00000000c5400000, 0x00000000c5400000|100%| E|CS|TAMS 0x00000000c5300000| PB 0x00000000c5300000| Complete 
|  62|0x00000000c5400000, 0x00000000c5500000, 0x00000000c5500000|100%| E|CS|TAMS 0x00000000c5400000| PB 0x00000000c5400000| Complete 
|  63|0x00000000c5500000, 0x00000000c5600000, 0x00000000c5600000|100%| E|CS|TAMS 0x00000000c5500000| PB 0x00000000c5500000| Complete 

Card table byte_map: [0x00000167f6fd0000,0x00000167f71d0000] _byte_map_base: 0x00000167f69c5000

Marking Bits: (CMBitMap*) 0x00000167dfbb04d0
 Bits: [0x00000167f71d0000, 0x00000167f8178000)

Polling page: 0x00000167df340000

Metaspace:

Usage:
  Non-class:     16.86 MB used.
      Class:      2.40 MB used.
       Both:     19.26 MB used.

Virtual space:
  Non-class space:       64.00 MB reserved,      17.00 MB ( 27%) committed,  1 nodes.
      Class space:        1.00 GB reserved,       2.56 MB ( <1%) committed,  1 nodes.
             Both:        1.06 GB reserved,      19.56 MB (  2%) committed. 

Chunk freelists:
   Non-Class:  14.73 MB
       Class:  13.48 MB
        Both:  28.22 MB

MaxMetaspaceSize: unlimited
CompressedClassSpaceSize: 1.00 GB
Initial GC threshold: 21.00 MB
Current GC threshold: 21.00 MB
CDS: on
 - commit_granule_bytes: 65536.
 - commit_granule_words: 8192.
 - virtual_space_node_default_size: 8388608.
 - enlarge_chunks_in_place: 1.
 - use_allocation_guard: 0.


Internal statistics:

num_allocs_failed_limit: 0.
num_arena_births: 276.
num_arena_deaths: 0.
num_vsnodes_births: 2.
num_vsnodes_deaths: 0.
num_space_committed: 313.
num_space_uncommitted: 0.
num_chunks_returned_to_freelist: 0.
num_chunks_taken_from_freelist: 952.
num_chunk_merges: 0.
num_chunk_splits: 639.
num_chunks_enlarged: 464.
num_inconsistent_stats: 0.

CodeHeap 'non-profiled nmethods': size=120064Kb used=926Kb max_used=926Kb free=119137Kb
 bounds [0x00000167efa90000, 0x00000167efd00000, 0x00000167f6fd0000]
CodeHeap 'profiled nmethods': size=120000Kb used=5133Kb max_used=5133Kb free=114866Kb
 bounds [0x00000167e7fd0000, 0x00000167e84e0000, 0x00000167ef500000]
CodeHeap 'non-nmethods': size=5696Kb used=1431Kb max_used=1455Kb free=4264Kb
 bounds [0x00000167ef500000, 0x00000167ef770000, 0x00000167efa90000]
 total_blobs=3049 nmethods=2537 adapters=417
 compilation: enabled
              stopped_count=0, restarted_count=0
 full_count=0

Compilation events (20 events):
Event: 9.543 Thread 0x00000167fa3ea0b0 2532       2       java.lang.Class$Atomic::casReflectionData (13 bytes)
Event: 9.543 Thread 0x00000167fa3ea0b0 nmethod 2532 0x00000167e84c6090 code [0x00000167e84c6220, 0x00000167e84c6370]
Event: 9.551 Thread 0x00000167fa3ea0b0 2533       1       java.lang.reflect.Constructor::getRoot (5 bytes)
Event: 9.551 Thread 0x00000167fa3ea0b0 nmethod 2533 0x00000167efb76810 code [0x00000167efb769a0, 0x00000167efb76a68]
Event: 9.620 Thread 0x00000167fa3ea0b0 2534   !   2       java.lang.invoke.AbstractValidatingLambdaMetafactory::<init> (559 bytes)
Event: 9.629 Thread 0x00000167fa3ea0b0 nmethod 2534 0x00000167e84c6410 code [0x00000167e84c69a0, 0x00000167e84c9108]
Event: 9.629 Thread 0x00000167fa3ea0b0 2535       2       java.lang.invoke.InfoFromMemberName::<init> (72 bytes)
Event: 9.630 Thread 0x00000167fa3ea0b0 nmethod 2535 0x00000167e84ca390 code [0x00000167e84ca520, 0x00000167e84ca678]
Event: 9.630 Thread 0x00000167fa3ea0b0 2536       2       java.lang.invoke.AbstractValidatingLambdaMetafactory::validateMetafactoryArgs (607 bytes)
Event: 9.639 Thread 0x00000167fa3ea0b0 nmethod 2536 0x00000167e84ca710 code [0x00000167e84cad80, 0x00000167e84ce540]
Event: 9.639 Thread 0x00000167fa3ea0b0 2537       2       java.lang.invoke.AbstractValidatingLambdaMetafactory::isAdaptableToAsReturnStrict (34 bytes)
Event: 9.640 Thread 0x00000167fa3ea0b0 nmethod 2537 0x00000167e84d0090 code [0x00000167e84d0240, 0x00000167e84d0408]
Event: 9.640 Thread 0x00000167fa3ea0b0 2538   !   2       java.lang.invoke.InnerClassLambdaMetafactory::buildCallSite (150 bytes)
Event: 9.643 Thread 0x00000167fa3ea0b0 nmethod 2538 0x00000167e84d0510 code [0x00000167e84d0800, 0x00000167e84d11b8]
Event: 9.643 Thread 0x00000167fa3ea0b0 2539       2       java.lang.invoke.LambdaProxyClassArchive::find (63 bytes)
Event: 9.644 Thread 0x00000167fa3ea0b0 nmethod 2539 0x00000167e84d1c10 code [0x00000167e84d1de0, 0x00000167e84d2078]
Event: 9.646 Thread 0x00000167fa3ea0b0 2541       2       java.lang.invoke.LambdaForm$DMH/0x0000016781108c00::invokeStatic (31 bytes)
Event: 9.647 Thread 0x00000167fa3ea0b0 nmethod 2541 0x00000167e84d2210 code [0x00000167e84d23c0, 0x00000167e84d2508]
Event: 9.647 Thread 0x00000167fa3ea0b0 2542       2       java.lang.invoke.InnerClassLambdaMetafactory::lambdaClassName (48 bytes)
Event: 9.648 Thread 0x00000167fa3ea0b0 nmethod 2542 0x00000167e84d2610 code [0x00000167e84d2820, 0x00000167e84d2b88]

GC Heap History (10 events):
Event: 1.109 GC heap before
{Heap before GC invocations=0 (full 0):
 garbage-first heap   total 65536K, used 6144K [0x00000000c1600000, 0x0000000100000000)
  region size 1024K, 6 young (6144K), 0 survivors (0K)
 Metaspace       used 603K, committed 768K, reserved 1114112K
  class space    used 29K, committed 128K, reserved 1048576K
}
Event: 1.119 GC heap after
{Heap after GC invocations=1 (full 0):
 garbage-first heap   total 65536K, used 4709K [0x00000000c1600000, 0x0000000100000000)
  region size 1024K, 1 young (1024K), 1 survivors (1024K)
 Metaspace       used 603K, committed 768K, reserved 1114112K
  class space    used 29K, committed 128K, reserved 1048576K
}
Event: 1.726 GC heap before
{Heap before GC invocations=1 (full 0):
 garbage-first heap   total 65536K, used 7781K [0x00000000c1600000, 0x0000000100000000)
  region size 1024K, 4 young (4096K), 1 survivors (1024K)
 Metaspace       used 2151K, committed 2304K, reserved 1114112K
  class space    used 185K, committed 256K, reserved 1048576K
}
Event: 1.733 GC heap after
{Heap after GC invocations=2 (full 0):
 garbage-first heap   total 65536K, used 5867K [0x00000000c1600000, 0x0000000100000000)
  region size 1024K, 1 young (1024K), 1 survivors (1024K)
 Metaspace       used 2151K, committed 2304K, reserved 1114112K
  class space    used 185K, committed 256K, reserved 1048576K
}
Event: 2.800 GC heap before
{Heap before GC invocations=2 (full 0):
 garbage-first heap   total 65536K, used 12011K [0x00000000c1600000, 0x0000000100000000)
  region size 1024K, 7 young (7168K), 1 survivors (1024K)
 Metaspace       used 4082K, committed 4224K, reserved 1114112K
  class space    used 449K, committed 512K, reserved 1048576K
}
Event: 2.808 GC heap after
{Heap after GC invocations=3 (full 0):
 garbage-first heap   total 65536K, used 6905K [0x00000000c1600000, 0x0000000100000000)
  region size 1024K, 1 young (1024K), 1 survivors (1024K)
 Metaspace       used 4082K, committed 4224K, reserved 1114112K
  class space    used 449K, committed 512K, reserved 1048576K
}
Event: 4.131 GC heap before
{Heap before GC invocations=3 (full 0):
 garbage-first heap   total 65536K, used 19193K [0x00000000c1600000, 0x0000000100000000)
  region size 1024K, 13 young (13312K), 1 survivors (1024K)
 Metaspace       used 6905K, committed 7104K, reserved 1114112K
  class space    used 802K, committed 896K, reserved 1048576K
}
Event: 4.142 GC heap after
{Heap after GC invocations=4 (full 0):
 garbage-first heap   total 65536K, used 7861K [0x00000000c1600000, 0x0000000100000000)
  region size 1024K, 2 young (2048K), 2 survivors (2048K)
 Metaspace       used 6905K, committed 7104K, reserved 1114112K
  class space    used 802K, committed 896K, reserved 1048576K
}
Event: 8.215 GC heap before
{Heap before GC invocations=4 (full 0):
 garbage-first heap   total 65536K, used 44725K [0x00000000c1600000, 0x0000000100000000)
  region size 1024K, 38 young (38912K), 2 survivors (2048K)
 Metaspace       used 16064K, committed 16320K, reserved 1114112K
  class space    used 2024K, committed 2112K, reserved 1048576K
}
Event: 8.244 GC heap after
{Heap after GC invocations=5 (full 0):
 garbage-first heap   total 65536K, used 10939K [0x00000000c1600000, 0x0000000100000000)
  region size 1024K, 5 young (5120K), 5 survivors (5120K)
 Metaspace       used 16064K, committed 16320K, reserved 1114112K
  class space    used 2024K, committed 2112K, reserved 1048576K
}

Dll operation events (8 events):
Event: 0.159 Loaded shared library C:\Program Files\Java\jdk-21\bin\java.dll
Event: 0.357 Loaded shared library C:\Program Files\Java\jdk-21\bin\jsvml.dll
Event: 0.678 Loaded shared library C:\Program Files\Java\jdk-21\bin\net.dll
Event: 0.686 Loaded shared library C:\Program Files\Java\jdk-21\bin\nio.dll
Event: 0.699 Loaded shared library C:\Program Files\Java\jdk-21\bin\zip.dll
Event: 1.247 Loaded shared library C:\Program Files\Java\jdk-21\bin\jimage.dll
Event: 2.856 Loaded shared library C:\Program Files\Java\jdk-21\bin\management.dll
Event: 2.868 Loaded shared library C:\Program Files\Java\jdk-21\bin\management_ext.dll

Deoptimization events (20 events):
Event: 9.149 Thread 0x00000167c120c020 DEOPT PACKING pc=0x00000167efb5d5c8 sp=0x00000046ec7fdc20
Event: 9.149 Thread 0x00000167c120c020 DEOPT UNPACKING pc=0x00000167ef55469c sp=0x00000046ec7fdb70 mode 2
Event: 9.149 Thread 0x00000167c120c020 Uncommon trap: trap_request=0xffffffde fr.pc=0x00000167efb5d5c8 relative=0x00000000000005a8
Event: 9.149 Thread 0x00000167c120c020 Uncommon trap: reason=class_check action=maybe_recompile pc=0x00000167efb5d5c8 method=java.util.regex.Pattern$Start.match(Ljava/util/regex/Matcher;ILjava/lang/CharSequence;)Z @ 44 c2
Event: 9.149 Thread 0x00000167c120c020 DEOPT PACKING pc=0x00000167efb5d5c8 sp=0x00000046ec7fdc20
Event: 9.149 Thread 0x00000167c120c020 DEOPT UNPACKING pc=0x00000167ef55469c sp=0x00000046ec7fdb70 mode 2
Event: 9.206 Thread 0x00000167c120c020 DEOPT PACKING pc=0x00000167e83f5739 sp=0x00000046ec7fa8c0
Event: 9.206 Thread 0x00000167c120c020 DEOPT UNPACKING pc=0x00000167ef554e23 sp=0x00000046ec7f9dc8 mode 0
Event: 9.220 Thread 0x00000167c120c020 Uncommon trap: trap_request=0xffffffde fr.pc=0x00000167efb5d5c8 relative=0x00000000000005a8
Event: 9.220 Thread 0x00000167c120c020 Uncommon trap: reason=class_check action=maybe_recompile pc=0x00000167efb5d5c8 method=java.util.regex.Pattern$Start.match(Ljava/util/regex/Matcher;ILjava/lang/CharSequence;)Z @ 44 c2
Event: 9.220 Thread 0x00000167c120c020 DEOPT PACKING pc=0x00000167efb5d5c8 sp=0x00000046ec7fdc20
Event: 9.220 Thread 0x00000167c120c020 DEOPT UNPACKING pc=0x00000167ef55469c sp=0x00000046ec7fdb70 mode 2
Event: 9.355 Thread 0x00000167ff7aed70 DEOPT PACKING pc=0x00000167e83f5739 sp=0x00000046ec6f9fe0
Event: 9.355 Thread 0x00000167ff7aed70 DEOPT UNPACKING pc=0x00000167ef554e23 sp=0x00000046ec6f94e8 mode 0
Event: 9.544 Thread 0x00000167c120c020 Uncommon trap: trap_request=0xffffff45 fr.pc=0x00000167efb59d1c relative=0x000000000000013c
Event: 9.544 Thread 0x00000167c120c020 Uncommon trap: reason=unstable_if action=reinterpret pc=0x00000167efb59d1c method=java.util.regex.Pattern$BmpCharPropertyGreedy.match(Ljava/util/regex/Matcher;ILjava/lang/CharSequence;)Z @ 12 c2
Event: 9.544 Thread 0x00000167c120c020 DEOPT PACKING pc=0x00000167efb59d1c sp=0x00000046ec7fdb50
Event: 9.544 Thread 0x00000167c120c020 DEOPT UNPACKING pc=0x00000167ef55469c sp=0x00000046ec7fdae8 mode 2
Event: 9.580 Thread 0x00000167ff7aed70 DEOPT PACKING pc=0x00000167e83f5739 sp=0x00000046ec6fadc0
Event: 9.580 Thread 0x00000167ff7aed70 DEOPT UNPACKING pc=0x00000167ef554e23 sp=0x00000046ec6fa2c8 mode 0

Classes loaded (20 events):
Event: 9.547 Loading class sun/util/resources/OpenListResourceBundle
Event: 9.547 Loading class sun/util/resources/OpenListResourceBundle done
Event: 9.547 Loading class sun/util/resources/TimeZoneNamesBundle done
Event: 9.547 Loading class sun/util/resources/cldr/TimeZoneNames done
Event: 9.548 Loading class sun/util/resources/cldr/TimeZoneNames_en
Event: 9.550 Loading class sun/util/resources/cldr/TimeZoneNames_en done
Event: 9.551 Loading class sun/util/resources/cldr/TimeZoneNames_en_US
Event: 9.551 Loading class sun/util/resources/cldr/TimeZoneNames_en_US done
Event: 9.555 Loading class sun/util/cldr/CLDRBaseLocaleDataMetaInfo$TZCanonicalIDMapHolder
Event: 9.557 Loading class sun/util/cldr/CLDRBaseLocaleDataMetaInfo$TZCanonicalIDMapHolder done
Event: 9.562 Loading class sun/util/resources/TimeZoneNames
Event: 9.564 Loading class sun/util/resources/TimeZoneNames done
Event: 9.585 Loading class sun/util/resources/TimeZoneNames_en
Event: 9.587 Loading class sun/util/resources/TimeZoneNames_en done
Event: 9.618 Loading class java/util/ResourceBundle$ResourceBundleControlProviderHolder
Event: 9.619 Loading class java/util/ResourceBundle$ResourceBundleControlProviderHolder done
Event: 9.645 Loading class java/util/spi/ResourceBundleControlProvider
Event: 9.646 Loading class java/util/spi/ResourceBundleControlProvider done
Event: 9.651 Loading class java/util/ResourceBundle$CacheKey
Event: 9.652 Loading class java/util/ResourceBundle$CacheKey done

Classes unloaded (0 events):
No events

Classes redefined (0 events):
No events

Internal exceptions (20 events):
Event: 4.910 Thread 0x00000167ff7aed70 Exception <a 'java/lang/NoSuchMethodError'{0x00000000c5145380}: 'void java.lang.invoke.DirectMethodHandle$Holder.invokeStaticInit(java.lang.Object, java.lang.Object)'> (0x00000000c5145380) 
thrown [s\open\src\hotspot\share\interpreter\linkResolver.cpp, line 773]
Event: 4.926 Thread 0x00000167ff7aed70 Exception <a 'java/lang/NoSuchMethodError'{0x00000000c5155bb8}: 'void java.lang.invoke.DirectMethodHandle$Holder.invokeStaticInit(java.lang.Object, java.lang.Object, java.lang.Object)'> (0x00000000c5155bb8) 
thrown [s\open\src\hotspot\share\interpreter\linkResolver.cpp, line 773]
Event: 4.948 Thread 0x00000167ff7aed70 Exception <a 'java/lang/NoSuchMethodError'{0x00000000c5199230}: 'java.lang.Object java.lang.invoke.DirectMethodHandle$Holder.invokeStatic(java.lang.Object, long, java.lang.Object)'> (0x00000000c5199230) 
thrown [s\open\src\hotspot\share\interpreter\linkResolver.cpp, line 773]
Event: 4.950 Thread 0x00000167ff7aed70 Exception <a 'java/lang/NoSuchMethodError'{0x00000000c519c888}: 'java.lang.Object java.lang.invoke.DirectMethodHandle$Holder.invokeStaticInit(java.lang.Object, long, java.lang.Object)'> (0x00000000c519c888) 
thrown [s\open\src\hotspot\share\interpreter\linkResolver.cpp, line 773]
Event: 4.951 Thread 0x00000167ff7aed70 Exception <a 'java/lang/NoSuchMethodError'{0x00000000c51a2030}: 'java.lang.Object java.lang.invoke.DirectMethodHandle$Holder.newInvokeSpecial(java.lang.Object, long)'> (0x00000000c51a2030) 
thrown [s\open\src\hotspot\share\interpreter\linkResolver.cpp, line 773]
Event: 5.019 Thread 0x00000167ff7aed70 Exception <a 'java/lang/NoSuchMethodError'{0x00000000c51ebe70}: 'void java.lang.invoke.DirectMethodHandle$Holder.invokeSpecial(java.lang.Object, java.lang.Object, java.lang.Object, java.lang.Object, java.lang.Object)'> (0x00000000c51ebe70) 
thrown [s\open\src\hotspot\share\interpreter\linkResolver.cpp, line 773]
Event: 5.021 Thread 0x00000167ff7aed70 Exception <a 'java/lang/NoSuchMethodError'{0x00000000c51f36d8}: 'void java.lang.invoke.DirectMethodHandle$Holder.invokeVirtual(java.lang.Object, java.lang.Object, java.lang.Object, java.lang.Object)'> (0x00000000c51f36d8) 
thrown [s\open\src\hotspot\share\interpreter\linkResolver.cpp, line 773]
Event: 5.198 Thread 0x00000167ff7aed70 Exception <a 'java/lang/NoSuchMethodError'{0x00000000c4f3e758}: 'java.lang.Object java.lang.invoke.DirectMethodHandle$Holder.invokeVirtual(java.lang.Object, java.lang.Object, java.lang.Object)'> (0x00000000c4f3e758) 
thrown [s\open\src\hotspot\share\interpreter\linkResolver.cpp, line 773]
Event: 5.301 Thread 0x00000167ff7aed70 Exception <a 'java/lang/IncompatibleClassChangeError'{0x00000000c4e5b558}: Found class java.lang.Object, but interface was expected> (0x00000000c4e5b558) 
thrown [s\open\src\hotspot\share\interpreter\linkResolver.cpp, line 840]
Event: 5.326 Thread 0x00000167ff7aed70 Exception <a 'java/lang/NoSuchMethodError'{0x00000000c4e70378}: 'java.lang.Object java.lang.invoke.DirectMethodHandle$Holder.invokeStaticInit(java.lang.Object, int)'> (0x00000000c4e70378) 
thrown [s\open\src\hotspot\share\interpreter\linkResolver.cpp, line 773]
Event: 5.363 Thread 0x00000167ff7aed70 Exception <a 'java/lang/NoSuchMethodError'{0x00000000c4e7a4b8}: 'java.lang.Object java.lang.invoke.DirectMethodHandle$Holder.invokeStatic(java.lang.Object, int, java.lang.Object)'> (0x00000000c4e7a4b8) 
thrown [s\open\src\hotspot\share\interpreter\linkResolver.cpp, line 773]
Event: 5.364 Thread 0x00000167ff7aed70 Exception <a 'java/lang/NoSuchMethodError'{0x00000000c4e7db08}: 'java.lang.Object java.lang.invoke.DirectMethodHandle$Holder.invokeStaticInit(java.lang.Object, int, java.lang.Object)'> (0x00000000c4e7db08) 
thrown [s\open\src\hotspot\share\interpreter\linkResolver.cpp, line 773]
Event: 7.023 Thread 0x00000167ff7aed70 Exception <a 'java/lang/NoSuchMethodError'{0x00000000c3a856c0}: 'int java.lang.invoke.DirectMethodHandle$Holder.invokeSpecial(java.lang.Object, java.lang.Object, java.lang.Object, java.lang.Object, java.lang.Object)'> (0x00000000c3a856c0) 
thrown [s\open\src\hotspot\share\interpreter\linkResolver.cpp, line 773]
Event: 7.038 Thread 0x00000167ff7aed70 Exception <a 'java/lang/NoSuchMethodError'{0x00000000c3a8d970}: 'void java.lang.invoke.DirectMethodHandle$Holder.invokeVirtual(java.lang.Object, java.lang.Object)'> (0x00000000c3a8d970) 
thrown [s\open\src\hotspot\share\interpreter\linkResolver.cpp, line 773]
Event: 9.275 Thread 0x00000167c120c020 Exception <a 'java/lang/NoSuchMethodError'{0x00000000c49b2c70}: 'long java.lang.invoke.DirectMethodHandle$Holder.invokeSpecial(java.lang.Object, java.lang.Object)'> (0x00000000c49b2c70) 
thrown [s\open\src\hotspot\share\interpreter\linkResolver.cpp, line 773]
Event: 9.314 Thread 0x00000167c120c020 Exception <a 'java/lang/NoSuchMethodError'{0x00000000c49bc858}: 'long java.lang.invoke.DirectMethodHandle$Holder.invokeStatic(java.lang.Object, java.lang.Object)'> (0x00000000c49bc858) 
thrown [s\open\src\hotspot\share\interpreter\linkResolver.cpp, line 773]
Event: 9.315 Thread 0x00000167c120c020 Exception <a 'java/lang/NoSuchMethodError'{0x00000000c49bfbc0}: 'long java.lang.invoke.DirectMethodHandle$Holder.invokeStaticInit(java.lang.Object, java.lang.Object)'> (0x00000000c49bfbc0) 
thrown [s\open\src\hotspot\share\interpreter\linkResolver.cpp, line 773]
Event: 9.321 Thread 0x00000167c120c020 Exception <a 'java/lang/NoSuchMethodError'{0x00000000c49cbd08}: 'long java.lang.invoke.DirectMethodHandle$Holder.invokeInterface(java.lang.Object, java.lang.Object)'> (0x00000000c49cbd08) 
thrown [s\open\src\hotspot\share\interpreter\linkResolver.cpp, line 773]
Event: 9.321 Thread 0x00000167c120c020 Exception <a 'java/lang/IncompatibleClassChangeError'{0x00000000c49cefb8}: Found class java.lang.Object, but interface was expected> (0x00000000c49cefb8) 
thrown [s\open\src\hotspot\share\interpreter\linkResolver.cpp, line 840]
Event: 9.404 Thread 0x00000167c120c020 Exception <a 'java/lang/NoSuchMethodError'{0x00000000c476e058}: 'java.lang.Object java.lang.invoke.DirectMethodHandle$Holder.invokeVirtual(java.lang.Object, java.lang.Object, java.lang.Object, java.lang.Object)'> (0x00000000c476e058) 
thrown [s\open\src\hotspot\share\interpreter\linkResolver.cpp, line 773]

ZGC Phase Switch (0 events):
No events

VM Operations (20 events):
Event: 5.153 Executing VM operation: HandshakeAllThreads (Deoptimize)
Event: 5.153 Executing VM operation: HandshakeAllThreads (Deoptimize) done
Event: 5.153 Executing VM operation: Cleanup
Event: 5.153 Executing VM operation: Cleanup done
Event: 5.169 Executing VM operation: HandshakeAllThreads (Deoptimize)
Event: 5.169 Executing VM operation: HandshakeAllThreads (Deoptimize) done
Event: 6.181 Executing VM operation: Cleanup
Event: 6.216 Executing VM operation: Cleanup done
Event: 6.628 Executing VM operation: HandshakeAllThreads (Deoptimize)
Event: 6.633 Executing VM operation: HandshakeAllThreads (Deoptimize) done
Event: 6.914 Executing VM operation: HandshakeAllThreads (Deoptimize)
Event: 6.916 Executing VM operation: HandshakeAllThreads (Deoptimize) done
Event: 7.917 Executing VM operation: Cleanup
Event: 7.919 Executing VM operation: Cleanup done
Event: 8.169 Executing VM operation: HandshakeAllThreads (Deoptimize)
Event: 8.169 Executing VM operation: HandshakeAllThreads (Deoptimize) done
Event: 8.190 Executing VM operation: G1CollectForAllocation (G1 Evacuation Pause)
Event: 8.245 Executing VM operation: G1CollectForAllocation (G1 Evacuation Pause) done
Event: 9.258 Executing VM operation: Cleanup
Event: 9.259 Executing VM operation: Cleanup done

Events (15 events):
Event: 0.286 Thread 0x00000167dda9a200 Thread added: 0x00000167dda9a200
Event: 0.349 Thread 0x00000167fa3b9f30 Thread added: 0x00000167fa3b9f30
Event: 0.349 Thread 0x00000167fa3bc010 Thread added: 0x00000167fa3bc010
Event: 0.350 Thread 0x00000167fa3bfea0 Thread added: 0x00000167fa3bfea0
Event: 0.351 Thread 0x00000167fa3c0900 Thread added: 0x00000167fa3c0900
Event: 0.351 Thread 0x00000167fa3c1360 Thread added: 0x00000167fa3c1360
Event: 0.351 Thread 0x00000167fa3c1dc0 Thread added: 0x00000167fa3c1dc0
Event: 0.351 Thread 0x00000167fa3c2b50 Thread added: 0x00000167fa3c2b50
Event: 0.356 Thread 0x00000167fa3ea0b0 Thread added: 0x00000167fa3ea0b0
Event: 0.633 Thread 0x00000167fa66e9b0 Thread added: 0x00000167fa66e9b0
Event: 0.647 Thread 0x00000167fa67eb90 Thread added: 0x00000167fa67eb90
Event: 3.092 Thread 0x00000167ff2abb80 Thread added: 0x00000167ff2abb80
Event: 3.103 Thread 0x00000167ff7aed70 Thread added: 0x00000167ff7aed70
Event: 5.294 Thread 0x00000167c120c020 Thread added: 0x00000167c120c020
Event: 9.421 Thread 0x00000167c17f71e0 Thread added: 0x00000167c17f71e0


Dynamic libraries:
0x00007ff6917c0000 - 0x00007ff6917d0000 	C:\Program Files\Java\jdk-21\bin\java.exe
0x00007fff5dbf0000 - 0x00007fff5dde8000 	C:\WINDOWS\SYSTEM32\ntdll.dll
0x00007fff5d440000 - 0x00007fff5d4fd000 	C:\WINDOWS\System32\KERNEL32.DLL
0x00007fff5b2b0000 - 0x00007fff5b5a6000 	C:\WINDOWS\System32\KERNELBASE.dll
0x00007fff5b770000 - 0x00007fff5b870000 	C:\WINDOWS\System32\ucrtbase.dll
0x00007fff530b0000 - 0x00007fff530c9000 	C:\Program Files\Java\jdk-21\bin\jli.dll
0x00007fff5daf0000 - 0x00007fff5dba3000 	C:\WINDOWS\System32\ADVAPI32.dll
0x00007fff5d500000 - 0x00007fff5d59e000 	C:\WINDOWS\System32\msvcrt.dll
0x00007fff5bd60000 - 0x00007fff5bdff000 	C:\WINDOWS\System32\sechost.dll
0x00007fff5bc30000 - 0x00007fff5bd56000 	C:\WINDOWS\System32\RPCRT4.dll
0x00007fff5b620000 - 0x00007fff5b647000 	C:\WINDOWS\System32\bcrypt.dll
0x00007fff5cb50000 - 0x00007fff5ccee000 	C:\WINDOWS\System32\USER32.dll
0x00007fff5b8c0000 - 0x00007fff5b8e2000 	C:\WINDOWS\System32\win32u.dll
0x00007fff5beb0000 - 0x00007fff5bedb000 	C:\WINDOWS\System32\GDI32.dll
0x00007fff5b650000 - 0x00007fff5b767000 	C:\WINDOWS\System32\gdi32full.dll
0x00007fff5b8f0000 - 0x00007fff5b98d000 	C:\WINDOWS\System32\msvcp_win.dll
0x00007fff537d0000 - 0x00007fff537eb000 	C:\Program Files\Java\jdk-21\bin\VCRUNTIME140.dll
0x00007fff4a470000 - 0x00007fff4a70a000 	C:\WINDOWS\WinSxS\amd64_microsoft.windows.common-controls_6595b64144ccf1df_6.0.19041.3636_none_60b6a03d71f818d5\COMCTL32.dll
0x00007fff51be0000 - 0x00007fff51bea000 	C:\WINDOWS\SYSTEM32\VERSION.dll
0x00007fff5bfb0000 - 0x00007fff5bfe2000 	C:\WINDOWS\System32\IMM32.DLL
0x00007fff54d00000 - 0x00007fff54d0c000 	C:\Program Files\Java\jdk-21\bin\vcruntime140_1.dll
0x00007fff3db80000 - 0x00007fff3dc0e000 	C:\Program Files\Java\jdk-21\bin\msvcp140.dll
0x00007fff2d580000 - 0x00007fff2e295000 	C:\Program Files\Java\jdk-21\bin\server\jvm.dll
0x00007fff5bee0000 - 0x00007fff5bf4b000 	C:\WINDOWS\System32\WS2_32.dll
0x00007fff5b110000 - 0x00007fff5b15b000 	C:\WINDOWS\SYSTEM32\POWRPROF.dll
0x00007fff54bf0000 - 0x00007fff54c17000 	C:\WINDOWS\SYSTEM32\WINMM.dll
0x00007fff5b0f0000 - 0x00007fff5b102000 	C:\WINDOWS\SYSTEM32\UMPDC.dll
0x00007fff59b40000 - 0x00007fff59b52000 	C:\WINDOWS\SYSTEM32\kernel.appcore.dll
0x00007fff50840000 - 0x00007fff5084a000 	C:\Program Files\Java\jdk-21\bin\jimage.dll
0x00007fff59010000 - 0x00007fff591f4000 	C:\WINDOWS\SYSTEM32\DBGHELP.DLL
0x00007fff53a40000 - 0x00007fff53a74000 	C:\WINDOWS\SYSTEM32\dbgcore.DLL
0x00007fff5b990000 - 0x00007fff5ba12000 	C:\WINDOWS\System32\bcryptPrimitives.dll
0x00007fff45d40000 - 0x00007fff45d5f000 	C:\Program Files\Java\jdk-21\bin\java.dll
0x00007fff5ccf0000 - 0x00007fff5d435000 	C:\WINDOWS\System32\SHELL32.dll
0x00007fff59200000 - 0x00007fff5999c000 	C:\WINDOWS\SYSTEM32\windows.storage.dll
0x00007fff5c5d0000 - 0x00007fff5c924000 	C:\WINDOWS\System32\combase.dll
0x00007fff5ac10000 - 0x00007fff5ac3e000 	C:\WINDOWS\SYSTEM32\Wldp.dll
0x00007fff5c410000 - 0x00007fff5c4dd000 	C:\WINDOWS\System32\OLEAUT32.dll
0x00007fff5c950000 - 0x00007fff5c9fd000 	C:\WINDOWS\System32\SHCORE.dll
0x00007fff5c4e0000 - 0x00007fff5c535000 	C:\WINDOWS\System32\shlwapi.dll
0x00007fff5b1e0000 - 0x00007fff5b205000 	C:\WINDOWS\SYSTEM32\profapi.dll
0x00007fff3dc80000 - 0x00007fff3dd57000 	C:\Program Files\Java\jdk-21\bin\jsvml.dll
0x00007fff4f010000 - 0x00007fff4f020000 	C:\Program Files\Java\jdk-21\bin\net.dll
0x00007fff51a10000 - 0x00007fff51b1a000 	C:\WINDOWS\SYSTEM32\WINHTTP.dll
0x00007fff5a970000 - 0x00007fff5a9da000 	C:\WINDOWS\system32\mswsock.dll
0x00007fff45cf0000 - 0x00007fff45d06000 	C:\Program Files\Java\jdk-21\bin\nio.dll
0x00007fff41af0000 - 0x00007fff41b08000 	C:\Program Files\Java\jdk-21\bin\zip.dll
0x00007fff54f80000 - 0x00007fff54f8a000 	C:\Program Files\Java\jdk-21\bin\management.dll
0x00007fff47650000 - 0x00007fff4765b000 	C:\Program Files\Java\jdk-21\bin\management_ext.dll
0x00007fff5c130000 - 0x00007fff5c138000 	C:\WINDOWS\System32\PSAPI.DLL

dbghelp: loaded successfully - version: 4.0.5 - missing functions: none
symbol engine: initialized successfully - sym options: 0x614 - pdb path: .;C:\Program Files\Java\jdk-21\bin;C:\WINDOWS\SYSTEM32;C:\WINDOWS\WinSxS\amd64_microsoft.windows.common-controls_6595b64144ccf1df_6.0.19041.3636_none_60b6a03d71f818d5;C:\Program Files\Java\jdk-21\bin\server

VM Arguments:
java_command: com.example.gesvet.GesvetApplication
java_class_path (initial): C:\Users\nicol\OneDrive\Escritorio\sprinboot\gesvetnico\GesVet\target\classes;C:\Users\nicol\.m2\repository\org\springframework\boot\spring-boot-starter-thymeleaf\3.2.0\spring-boot-starter-thymeleaf-3.2.0.jar;C:\Users\nicol\.m2\repository\org\springframework\boot\spring-boot-starter\3.2.0\spring-boot-starter-3.2.0.jar;C:\Users\nicol\.m2\repository\org\springframework\boot\spring-boot-starter-logging\3.2.0\spring-boot-starter-logging-3.2.0.jar;C:\Users\nicol\.m2\repository\ch\qos\logback\logback-classic\1.4.11\logback-classic-1.4.11.jar;C:\Users\nicol\.m2\repository\ch\qos\logback\logback-core\1.4.11\logback-core-1.4.11.jar;C:\Users\nicol\.m2\repository\org\apache\logging\log4j\log4j-to-slf4j\2.21.1\log4j-to-slf4j-2.21.1.jar;C:\Users\nicol\.m2\repository\org\apache\logging\log4j\log4j-api\2.21.1\log4j-api-2.21.1.jar;C:\Users\nicol\.m2\repository\org\slf4j\jul-to-slf4j\2.0.9\jul-to-slf4j-2.0.9.jar;C:\Users\nicol\.m2\repository\jakarta\annotation\jakarta.annotation-api\2.1.1\jakarta.annotation-api-2.1.1.jar;C:\Users\nicol\.m2\repository\org\yaml\snakeyaml\2.2\snakeyaml-2.2.jar;C:\Users\nicol\.m2\repository\org\thymeleaf\thymeleaf-spring6\3.1.2.RELEASE\thymeleaf-spring6-3.1.2.RELEASE.jar;C:\Users\nicol\.m2\repository\org\thymeleaf\thymeleaf\3.1.2.RELEASE\thymeleaf-3.1.2.RELEASE.jar;C:\Users\nicol\.m2\repository\org\attoparser\attoparser\2.0.7.RELEASE\attoparser-2.0.7.RELEASE.jar;C:\Users\nicol\.m2\repository\org\unbescape\unbescape\1.1.6.RELEASE\unbescape-1.1.6.RELEASE.jar;C:\Users\nicol\.m2\repository\org\springframework\boot\spring-boot-starter-web\3.2.0\spring-boot-starter-web-3.2.0.jar;C:\Users\nicol\.m2\repository\org\springframework\boot\spring-boot-starter-json\3.2.0\spring-boot-starter-json-3.2.0.jar;C:\Users\nicol\.m2\repository\com\fasterxml\jackson\core\jackson-databind\2.15.3\jackson-databind-2.15.3.jar;C:\Users\nicol\.m2\repository\com\fasterxml\jackson\core\jackson-annotations\2.15.3\jackson-annotations-2.15.3.jar;C:\Users\nicol\.m2\repository\com\fasterxml\jackson\core\jackson-core\2.15.3\jackson-core-2.15.3.jar;C:\Users\nicol\.m2\repository\com\fasterxml\jackson\datatype\jackson-datatype-jdk8\2.15.3\jackson-datatype-jdk8-2.15.3.jar;C:\Users\nicol\.m2\repository\com\fasterxml\jackson\datatype\jackson-datatype-jsr310\2.15.3\jackson-datatype-jsr310-2.15.3.jar;C:\Users\nicol\.m2\repository\com\fasterxml\jackson\module\jackson-module-parameter-names\2.15.3\jackson-module-parameter-names-2.15.3.jar;C:\Users\nicol\.m2\repository\org\springframework\boot\spring-boot-starter-tomcat\3.2.0\spring-boot-starter-tomcat-3.2.0.jar;C:\Users\nicol\.m2\repository\org\apache\tomcat\embed\tomcat-embed-core\10.1.16\tomcat-embed-core-10.1.16.jar;C:\Users\nicol\.m2\repository\org\apache\tomcat\embed\tomcat-embed-websocket\10.1.16\tomcat-embed-websocket-10.1.16.jar;C:\Users\nicol\.m2\repository\org\springframework\spring-web\6.1.1\spring-web-6.1.1.jar;C:\Users\nicol\.m2\repository\org\springframework\spring-beans\6.1.1\spring-beans-6.1.1.jar;C:\Users\nicol\.m2\repository\io\micrometer\micrometer-observation\1.12.0\micrometer-observation-1.12.0.jar;C:\Users\nicol\.m2\repository\io\micrometer\micrometer-commons\1.12.0\micrometer-commons-1.12.0.jar;C:\Users\nicol\.m2\repository\org\springframework\spring-webmvc\6.1.1\spring-webmvc-6.1.1.jar;C:\Users\nicol\.m2\repository\org\springframework\spring-context\6.1.1\spring-context-6.1.1.jar;C:\Users\nicol\.m2\repository\org\springframework\spring-expression\6.1.1\spring-expression-6.1.1.jar;C:\Users\nicol\.m2\repository\org\springframework\boot\spring-boot-devtools\3.2.0\spring-boot-devtools-3.2.0.jar;C:\Users\nicol\.m2\repository\org\springframework\boot\spring-boot\3.2.0\spring-boot-3.2.0.jar;C:\Users\nicol\.m2\repository\org\springframework\boot\spring-boot-autoconfigure\3.2.0\spring-boot-autoconfigure-3.2.0.jar;C:\Users\nicol\.m2\repository\com\mysql\mysql-connector-j\8.1.0\mysql-connector-j-8.1.0.jar;C:\Users\nicol\.m2\repository\org\projectlombok\lombok\1.18.30\lombok-1.18.30.jar;C:\Users\nicol\.m2\repository\jakarta\xml\bind\jakarta.xml.bind-api\4.0.1\jakarta.xml.bind-api-4.0.1.jar;C:\Users\nicol\.m2\repository\jakarta\activation\jakarta.activation-api\2.1.2\jakarta.activation-api-2.1.2.jar;C:\Users\nicol\.m2\repository\net\bytebuddy\byte-buddy\1.14.10\byte-buddy-1.14.10.jar;C:\Users\nicol\.m2\repository\org\springframework\spring-core\6.1.1\spring-core-6.1.1.jar;C:\Users\nicol\.m2\repository\org\springframework\spring-jcl\6.1.1\spring-jcl-6.1.1.jar;C:\Users\nicol\.m2\repository\org\springframework\boot\spring-boot-starter-validation\3.2.0\spring-boot-starter-validation-3.2.0.jar;C:\Users\nicol\.m2\repository\org\apache\tomcat\embed\tomcat-embed-el\10.1.16\tomcat-embed-el-10.1.16.jar;C:\Users\nicol\.m2\repository\org\hibernate\validator\hibernate-validator\8.0.1.Final\hibernate-validator-8.0.1.Final.jar;C:\Users\nicol\.m2\repository\jakarta\validation\jakarta.validation-api\3.0.2\jakarta.validation-api-3.0.2.jar;C:\Users\nicol\.m2\repository\org\jboss\logging\jboss-logging\3.5.3.Final\jboss-logging-3.5.3.Final.jar;C:\Users\nicol\.m2\repository\com\fasterxml\classmate\1.6.0\classmate-1.6.0.jar;C:\Users\nicol\.m2\repository\javax\persistence\javax.persistence-api\2.2\javax.persistence-api-2.2.jar;C:\Users\nicol\.m2\repository\org\springframework\boot\spring-boot-starter-data-jpa\3.2.0\spring-boot-starter-data-jpa-3.2.0.jar;C:\Users\nicol\.m2\repository\org\springframework\boot\spring-boot-starter-aop\3.2.0\spring-boot-starter-aop-3.2.0.jar;C:\Users\nicol\.m2\repository\org\aspectj\aspectjweaver\1.9.20.1\aspectjweaver-1.9.20.1.jar;C:\Users\nicol\.m2\repository\org\springframework\boot\spring-boot-starter-jdbc\3.2.0\spring-boot-starter-jdbc-3.2.0.jar;C:\Users\nicol\.m2\repository\com\zaxxer\HikariCP\5.0.1\HikariCP-5.0.1.jar;C:\Users\nicol\.m2\repository\org\springframework\spring-jdbc\6.1.1\spring-jdbc-6.1.1.jar;C:\Users\nicol\.m2\repository\org\hibernate\orm\hibernate-core\6.3.1.Final\hibernate-core-6.3.1.Final.jar;C:\Users\nicol\.m2\repository\jakarta\persistence\jakarta.persistence-api\3.1.0\jakarta.persistence-api-3.1.0.jar;C:\Users\nicol\.m2\repository\jakarta\transaction\jakarta.transaction-api\2.0.1\jakarta.transaction-api-2.0.1.jar;C:\Users\nicol\.m2\repository\org\hibernate\common\hibernate-commons-annotations\6.0.6.Final\hibernate-commons-annotations-6.0.6.Final.jar;C:\Users\nicol\.m2\repository\io\smallrye\jandex\3.1.2\jandex-3.1.2.jar;C:\Users\nicol\.m2\repository\org\glassfish\jaxb\jaxb-runtime\4.0.4\jaxb-runtime-4.0.4.jar;C:\Users\nicol\.m2\repository\org\glassfish\jaxb\jaxb-core\4.0.4\jaxb-core-4.0.4.jar;C:\Users\nicol\.m2\repository\org\glassfish\jaxb\txw2\4.0.4\txw2-4.0.4.jar;C:\Users\nicol\.m2\repository\com\sun\istack\istack-commons-runtime\4.1.2\istack-commons-runtime-4.1.2.jar;C:\Users\nicol\.m2\repository\jakarta\inject\jakarta.inject-api\2.0.1\jakarta.inject-api-2.0.1.jar;C:\Users\nicol\.m2\repository\org\antlr\antlr4-runtime\4.10.1\antlr4-runtime-4.10.1.jar;C:\Users\nicol\.m2\repository\org\springframework\data\spring-data-jpa\3.2.0\spring-data-jpa-3.2.0.jar;C:\Users\nicol\.m2\repository\org\springframework\data\spring-data-commons\3.2.0\spring-data-commons-3.2.0.jar;C:\Users\nicol\.m2\repository\org\springframework\spring-orm\6.1.1\spring-orm-6.1.1.jar;C:\Users\nicol\.m2\repository\org\springframework\spring-tx\6.1.1\spring-tx-6.1.1.jar;C:\Users\nicol\.m2\repository\org\springframework\spring-aspects\6.1.1\spring-aspects-6.1.1.jar;C:\Users\nicol\.m2\repository\org\springframework\security\spring-security-core\6.2.0\spring-security-core-6.2.0.jar;C:\Users\nicol\.m2\repository\org\springframework\security\spring-security-crypto\6.2.0\spring-security-crypto-6.2.0.jar;C:\Users\nicol\.m2\repository\org\springframework\security\spring-security-web\6.2.0\spring-security-web-6.2.0.jar;C:\Users\nicol\.m2\repository\org\thymeleaf\extras\thymeleaf-extras-springsecurity6\3.1.2.RELEASE\thymeleaf-extras-springsecurity6-3.1.2.RELEASE.jar;C:\Users\nicol\.m2\repository\org\slf4j\slf4j-api\2.0.9\slf4j-api-2.0.9.jar;C:\Users\nicol\.m2\repository\org\springframework\boot\spring-boot-starter-security\3.2.0\spring-boot-starter-security-3.2.0.jar;C:\Users\nicol\.m2\repository\org\springframework\spring-aop\6.1.1\spring-aop-6.1.1.jar;C:\Users\nicol\.m2\repository\org\springframework\security\spring-security-config\6.2.0\spring-security-config-6.2.0.jar;C:\Users\nicol\.m2\repository\org\springframework\boot\spring-boot-starter-mail\3.2.0\spring-boot-starter-mail-3.2.0.jar;C:\Users\nicol\.m2\repository\org\springframework\spring-context-support\6.1.1\spring-context-support-6.1.1.jar;C:\Users\nicol\.m2\repository\org\eclipse\angus\jakarta.mail\2.0.2\jakarta.mail-2.0.2.jar;C:\Users\nicol\.m2\repository\org\eclipse\angus\angus-activation\2.0.1\angus-activation-2.0.1.jar;C:\Users\nicol\.m2\repository\ch\frostnova\persistence-jpa\1.0.0-RC1\persistence-jpa-1.0.0-RC1.jar
Launcher Type: SUN_STANDARD

[Global flags]
     intx CICompilerCount                          = 2                                         {product} {ergonomic}
     uint ConcGCThreads                            = 1                                         {product} {ergonomic}
     uint G1ConcRefinementThreads                  = 2                                         {product} {ergonomic}
   size_t G1HeapRegionSize                         = 1048576                                   {product} {ergonomic}
    uintx GCDrainStackTargetSize                   = 64                                        {product} {ergonomic}
   size_t InitialHeapSize                          = 67108864                                  {product} {ergonomic}
   size_t MarkStackSize                            = 4194304                                   {product} {ergonomic}
   size_t MaxHeapSize                              = 1050673152                                {product} {ergonomic}
   size_t MaxNewSize                               = 630194176                                 {product} {ergonomic}
   size_t MinHeapDeltaBytes                        = 1048576                                   {product} {ergonomic}
   size_t MinHeapSize                              = 8388608                                   {product} {ergonomic}
    uintx NonNMethodCodeHeapSize                   = 5826188                                {pd product} {ergonomic}
    uintx NonProfiledCodeHeapSize                  = 122916026                              {pd product} {ergonomic}
    uintx ProfiledCodeHeapSize                     = 122916026                              {pd product} {ergonomic}
    uintx ReservedCodeCacheSize                    = 251658240                              {pd product} {ergonomic}
     bool SegmentedCodeCache                       = true                                      {product} {ergonomic}
   size_t SoftMaxHeapSize                          = 1050673152                             {manageable} {ergonomic}
     bool UseCompressedOops                        = true                           {product lp64_product} {ergonomic}
     bool UseG1GC                                  = true                                      {product} {ergonomic}
     bool UseLargePagesIndividualAllocation        = false                                  {pd product} {ergonomic}

Logging:
Log output configuration:
 #0: stdout all=warning uptime,level,tags foldmultilines=false
 #1: stderr all=off uptime,level,tags foldmultilines=false

Environment Variables:
JAVA_HOME=C:\Program Files\Java\jdk-21
PATH=C:\Program Files\Common Files\Oracle\Java\javapath;C:\Program Files (x86)\Common Files\Oracle\Java\javapath;C:\WINDOWS\system32;C:\WINDOWS;C:\WINDOWS\System32\Wbem;C:\WINDOWS\System32\WindowsPowerShell\v1.0\;C:\WINDOWS\System32\OpenSSH\;C:\Program Files\Git\cmd;C:\Users\nicol\.console-ninja\.bin;C:\Users\nicol\AppData\Local\Programs\Python\Python312\Scripts\;C:\Users\nicol\AppData\Local\Programs\Python\Python312\;C:\Users\nicol\AppData\Local\Programs\Python\Launcher\;C:\Users\nicol\AppData\Local\Microsoft\WindowsApps;C:\Users\nicol\AppData\Local\Programs\Microsoft VS Code\bin;C:\Program Files\NetBeans-16\netbeans\java\maven\bin;
USERNAME=nicol
OS=Windows_NT
PROCESSOR_IDENTIFIER=Intel64 Family 6 Model 76 Stepping 4, GenuineIntel
TMP=C:\Users\nicol\AppData\Local\Temp
TEMP=C:\Users\nicol\AppData\Local\Temp




Periodic native trim disabled

---------------  S Y S T E M  ---------------

OS:
 Windows 10 , 64 bit Build 19041 (10.0.19041.3636)
OS uptime: 2 days 14:21 hours

CPU: total 2 (initial active 2) (2 cores per cpu, 1 threads per core) family 6 model 76 stepping 4 microcode 0x411, cx8, cmov, fxsr, mmx, 3dnowpref, sse, sse2, sse3, ssse3, sse4.1, sse4.2, popcnt, tsc, tscinvbit, aes, erms, clmul, clflush, rdtscp
Processor Information for all 2 processors :
  Max Mhz: 1601, Current Mhz: 1601, Mhz Limit: 1601

Memory: 4k page, system-wide physical 4001M (31M free)
TotalPageFile size 6791M (AvailPageFile size 3M)
current process WorkingSet (physical memory assigned to process): 136M, peak: 136M
current process commit charge ("private bytes"): 183M, peak: 184M

vm_info: Java HotSpot(TM) 64-Bit Server VM (21.0.1+12-LTS-29) for windows-amd64 JRE (21.0.1+12-LTS-29), built on 2023-10-05T13:27:09Z by "mach5one" with MS VC++ 17.1 (VS2022)

END.
