#
# There is insufficient memory for the Java Runtime Environment to continue.
# Native memory allocation (malloc) failed to allocate 1438416 bytes for Chunk::new
# Possible reasons:
#   The system is out of physical RAM or swap space
#   The process is running with CompressedOops enabled, and the Java Heap may be blocking the growth of the native heap
# Possible solutions:
#   Reduce memory load on the system
#   Increase physical memory or swap space
#   Check if swap backing store is full
#   Decrease Java heap size (-Xmx/-Xms)
#   Decrease number of Java threads
#   Decrease Java thread stack sizes (-Xss)
#   Set larger code cache with -XX:ReservedCodeCacheSize=
#   JVM is running with Unscaled Compressed Oops mode in which the Java heap is
#     placed in the first 4GB address space. The Java Heap base address is the
#     maximum limit for the native heap growth. Please use -XX:HeapBaseMinAddress
#     to set the Java Heap base and to place the Java Heap above 4GB virtual address.
# This output file may be truncated or incomplete.
#
#  Out of Memory Error (arena.cpp:168), pid=8472, tid=5736
#
# JRE version: Java(TM) SE Runtime Environment (21.0.1+12) (build 21.0.1+12-LTS-29)
# Java VM: Java HotSpot(TM) 64-Bit Server VM (21.0.1+12-LTS-29, mixed mode, sharing, tiered, compressed oops, compressed class ptrs, g1 gc, windows-amd64)
# No core dump will be written. Minidumps are not enabled by default on client versions of Windows
#

---------------  S U M M A R Y ------------

Command Line: com.example.gesvet.GesvetApplication

Host: Intel(R) Celeron(R) CPU  N3060  @ 1.60GHz, 2 cores, 3G,  Windows 10 , 64 bit Build 19041 (10.0.19041.3636)
Time: Tue Feb 13 18:05:46 2024 Hora est. Pacífico, Sudamérica elapsed time: 44.939087 seconds (0d 0h 0m 44s)

---------------  T H R E A D  ---------------

Current thread (0x00000139492d5650):  JavaThread "C2 CompilerThread0" daemon [_thread_in_native, id=5736, stack(0x0000000ec9900000,0x0000000ec9a00000) (1024K)]


Current CompileTask:
C2:  44939 2639       4       java.lang.invoke.MethodType::makeImpl (109 bytes)

Stack: [0x0000000ec9900000,0x0000000ec9a00000]
Native frames: (J=compiled Java code, j=interpreted, Vv=VM code, C=native code)
V  [jvm.dll+0x6c9029]
V  [jvm.dll+0x854b81]
V  [jvm.dll+0x856e5e]
V  [jvm.dll+0x857543]
V  [jvm.dll+0x280c06]
V  [jvm.dll+0xc3ead]
V  [jvm.dll+0xc43c3]
V  [jvm.dll+0x3b5732]
V  [jvm.dll+0x382475]
V  [jvm.dll+0x3818ea]
V  [jvm.dll+0x249ad0]
V  [jvm.dll+0x2490b1]
V  [jvm.dll+0x1c9ca1]
V  [jvm.dll+0x2586b9]
V  [jvm.dll+0x256c9a]
V  [jvm.dll+0x3ef1b6]
V  [jvm.dll+0x7fd728]
V  [jvm.dll+0x6c777d]
C  [ucrtbase.dll+0x21bb2]
C  [KERNEL32.DLL+0x17344]
C  [ntdll.dll+0x526b1]


---------------  P R O C E S S  ---------------

Threads class SMR info:
_java_thread_list=0x000001398f5f8560, length=14, elements={
0x000001392c9cdcc0, 0x00000139492caca0, 0x00000139492ceae0, 0x00000139492d29a0,
0x00000139492d3400, 0x00000139492d3e60, 0x00000139492d48c0, 0x00000139492d5650,
0x00000139492d8100, 0x000001394955d860, 0x0000013949563a30, 0x000001398f2f1e10,
0x000001398f2658d0, 0x000001398f7fe210
}

Java Threads: ( => current thread )
  0x000001392c9cdcc0 JavaThread "main"                              [_thread_blocked, id=1980, stack(0x0000000ec8b00000,0x0000000ec8c00000) (1024K)]
  0x00000139492caca0 JavaThread "Reference Handler"          daemon [_thread_blocked, id=3064, stack(0x0000000ec9300000,0x0000000ec9400000) (1024K)]
  0x00000139492ceae0 JavaThread "Finalizer"                  daemon [_thread_blocked, id=8612, stack(0x0000000ec9400000,0x0000000ec9500000) (1024K)]
  0x00000139492d29a0 JavaThread "Signal Dispatcher"          daemon [_thread_blocked, id=6304, stack(0x0000000ec9500000,0x0000000ec9600000) (1024K)]
  0x00000139492d3400 JavaThread "Attach Listener"            daemon [_thread_blocked, id=4260, stack(0x0000000ec9600000,0x0000000ec9700000) (1024K)]
  0x00000139492d3e60 JavaThread "Service Thread"             daemon [_thread_blocked, id=8872, stack(0x0000000ec9700000,0x0000000ec9800000) (1024K)]
  0x00000139492d48c0 JavaThread "Monitor Deflation Thread"   daemon [_thread_blocked, id=10228, stack(0x0000000ec9800000,0x0000000ec9900000) (1024K)]
=>0x00000139492d5650 JavaThread "C2 CompilerThread0"         daemon [_thread_in_native, id=5736, stack(0x0000000ec9900000,0x0000000ec9a00000) (1024K)]
  0x00000139492d8100 JavaThread "C1 CompilerThread0"         daemon [_thread_blocked, id=4388, stack(0x0000000ec9a00000,0x0000000ec9b00000) (1024K)]
  0x000001394955d860 JavaThread "Notification Thread"        daemon [_thread_blocked, id=6232, stack(0x0000000ec9b00000,0x0000000ec9c00000) (1024K)]
  0x0000013949563a30 JavaThread "Common-Cleaner"             daemon [_thread_blocked, id=9684, stack(0x0000000ec9c00000,0x0000000ec9d00000) (1024K)]
  0x000001398f2f1e10 JavaThread "Thread-0"                          [_thread_blocked, id=5684, stack(0x0000000ec9e00000,0x0000000ec9f00000) (1024K)]
  0x000001398f2658d0 JavaThread "restartedMain"                     [_thread_in_Java, id=9688, stack(0x0000000ec9f00000,0x0000000eca000000) (1024K)]
  0x000001398f7fe210 JavaThread "background-preinit"                [_thread_in_vm, id=4572, stack(0x0000000eca000000,0x0000000eca100000) (1024K)]
Total: 14

Other Threads:
  0x000001392ebeddc0 VMThread "VM Thread"                           [id=1752, stack(0x0000000ec9200000,0x0000000ec9300000) (1024K)]
  0x000001392ebd7640 WatcherThread "VM Periodic Task Thread"        [id=9812, stack(0x0000000ec9100000,0x0000000ec9200000) (1024K)]
  0x000001392eb70940 WorkerThread "GC Thread#0"                     [id=6812, stack(0x0000000ec8c00000,0x0000000ec8d00000) (1024K)]
  0x000001394989b060 WorkerThread "GC Thread#1"                     [id=8172, stack(0x0000000ec9d00000,0x0000000ec9e00000) (1024K)]
  0x000001392eb7a580 ConcurrentGCThread "G1 Main Marker"            [id=2100, stack(0x0000000ec8d00000,0x0000000ec8e00000) (1024K)]
  0x000001392eb7af90 WorkerThread "G1 Conc#0"                       [id=3244, stack(0x0000000ec8e00000,0x0000000ec8f00000) (1024K)]
  0x000001392ebc5f60 ConcurrentGCThread "G1 Refine#0"               [id=8956, stack(0x0000000ec8f00000,0x0000000ec9000000) (1024K)]
  0x000001392ebc69e0 ConcurrentGCThread "G1 Service"                [id=10172, stack(0x0000000ec9000000,0x0000000ec9100000) (1024K)]
Total: 8

Threads with active compile tasks:
C2 CompilerThread0    45100 2639       4       java.lang.invoke.MethodType::makeImpl (109 bytes)
Total: 1

VM state: not at safepoint (normal execution)

VM Mutex/Monitor currently owned by a thread: None

Heap address: 0x00000000c1600000, size: 1002 MB, Compressed Oops mode: 32-bit

CDS archive(s) mapped at: [0x000001394a000000-0x000001394ac90000-0x000001394ac90000), size 13172736, SharedBaseAddress: 0x000001394a000000, ArchiveRelocationMode: 1.
Compressed class space mapped at: 0x000001394b000000-0x000001398b000000, reserved size: 1073741824
Narrow klass base: 0x000001394a000000, Narrow klass shift: 0, Narrow klass range: 0x100000000

GC Precious Log:
 CardTable entry size: 512
 Card Set container configuration: InlinePtr #cards 5 size 8 Array Of Cards #cards 12 size 40 Howl #buckets 4 coarsen threshold 1843 Howl Bitmap #cards 512 size 80 coarsen threshold 460 Card regions per heap region 1 cards per card region 2048
 CPUs: 2 total, 2 available
 Memory: 4001M
 Large Page Support: Disabled
 NUMA Support: Disabled
 Compressed Oops: Enabled (32-bit)
 Heap Region Size: 1M
 Heap Min Capacity: 8M
 Heap Initial Capacity: 64M
 Heap Max Capacity: 1002M
 Pre-touch: Disabled
 Parallel Workers: 2
 Concurrent Workers: 1
 Concurrent Refinement Workers: 2
 Periodic GC: Disabled

Heap:
 garbage-first heap   total 65536K, used 33033K [0x00000000c1600000, 0x0000000100000000)
  region size 1024K, 29 young (29696K), 5 survivors (5120K)
 Metaspace       used 20544K, committed 20800K, reserved 1114112K
  class space    used 2568K, committed 2688K, reserved 1048576K

Heap Regions: E=young(eden), S=young(survivor), O=old, HS=humongous(starts), HC=humongous(continues), CS=collection set, F=free, TAMS=top-at-mark-start, PB=parsable bottom
|   0|0x00000000c1600000, 0x00000000c1700000, 0x00000000c1700000|100%|HS|  |TAMS 0x00000000c1600000| PB 0x00000000c1600000| Complete 
|   1|0x00000000c1700000, 0x00000000c1800000, 0x00000000c1800000|100%| O|  |TAMS 0x00000000c1700000| PB 0x00000000c1700000| Untracked 
|   2|0x00000000c1800000, 0x00000000c1900000, 0x00000000c1900000|100%| O|  |TAMS 0x00000000c1800000| PB 0x00000000c1800000| Untracked 
|   3|0x00000000c1900000, 0x00000000c1a00000, 0x00000000c1a00000|100%| O|  |TAMS 0x00000000c1900000| PB 0x00000000c1900000| Untracked 
|   4|0x00000000c1a00000, 0x00000000c1b00000, 0x00000000c1b00000|100%| O|  |TAMS 0x00000000c1a00000| PB 0x00000000c1a00000| Untracked 
|   5|0x00000000c1b00000, 0x00000000c1bb8888, 0x00000000c1c00000| 72%| O|  |TAMS 0x00000000c1b00000| PB 0x00000000c1b00000| Untracked 
|   6|0x00000000c1c00000, 0x00000000c1c00000, 0x00000000c1d00000|  0%| F|  |TAMS 0x00000000c1c00000| PB 0x00000000c1c00000| Untracked 
|   7|0x00000000c1d00000, 0x00000000c1d00000, 0x00000000c1e00000|  0%| F|  |TAMS 0x00000000c1d00000| PB 0x00000000c1d00000| Untracked 
|   8|0x00000000c1e00000, 0x00000000c1e00000, 0x00000000c1f00000|  0%| F|  |TAMS 0x00000000c1e00000| PB 0x00000000c1e00000| Untracked 
|   9|0x00000000c1f00000, 0x00000000c1f00000, 0x00000000c2000000|  0%| F|  |TAMS 0x00000000c1f00000| PB 0x00000000c1f00000| Untracked 
|  10|0x00000000c2000000, 0x00000000c2000000, 0x00000000c2100000|  0%| F|  |TAMS 0x00000000c2000000| PB 0x00000000c2000000| Untracked 
|  11|0x00000000c2100000, 0x00000000c2100000, 0x00000000c2200000|  0%| F|  |TAMS 0x00000000c2100000| PB 0x00000000c2100000| Untracked 
|  12|0x00000000c2200000, 0x00000000c2200000, 0x00000000c2300000|  0%| F|  |TAMS 0x00000000c2200000| PB 0x00000000c2200000| Untracked 
|  13|0x00000000c2300000, 0x00000000c2300000, 0x00000000c2400000|  0%| F|  |TAMS 0x00000000c2300000| PB 0x00000000c2300000| Untracked 
|  14|0x00000000c2400000, 0x00000000c2400000, 0x00000000c2500000|  0%| F|  |TAMS 0x00000000c2400000| PB 0x00000000c2400000| Untracked 
|  15|0x00000000c2500000, 0x00000000c2500000, 0x00000000c2600000|  0%| F|  |TAMS 0x00000000c2500000| PB 0x00000000c2500000| Untracked 
|  16|0x00000000c2600000, 0x00000000c2600000, 0x00000000c2700000|  0%| F|  |TAMS 0x00000000c2600000| PB 0x00000000c2600000| Untracked 
|  17|0x00000000c2700000, 0x00000000c2700000, 0x00000000c2800000|  0%| F|  |TAMS 0x00000000c2700000| PB 0x00000000c2700000| Untracked 
|  18|0x00000000c2800000, 0x00000000c2800000, 0x00000000c2900000|  0%| F|  |TAMS 0x00000000c2800000| PB 0x00000000c2800000| Untracked 
|  19|0x00000000c2900000, 0x00000000c2900000, 0x00000000c2a00000|  0%| F|  |TAMS 0x00000000c2900000| PB 0x00000000c2900000| Untracked 
|  20|0x00000000c2a00000, 0x00000000c2a00000, 0x00000000c2b00000|  0%| F|  |TAMS 0x00000000c2a00000| PB 0x00000000c2a00000| Untracked 
|  21|0x00000000c2b00000, 0x00000000c2b89c60, 0x00000000c2c00000| 53%| S|CS|TAMS 0x00000000c2b00000| PB 0x00000000c2b00000| Complete 
|  22|0x00000000c2c00000, 0x00000000c2d00000, 0x00000000c2d00000|100%| S|CS|TAMS 0x00000000c2c00000| PB 0x00000000c2c00000| Complete 
|  23|0x00000000c2d00000, 0x00000000c2e00000, 0x00000000c2e00000|100%| S|CS|TAMS 0x00000000c2d00000| PB 0x00000000c2d00000| Complete 
|  24|0x00000000c2e00000, 0x00000000c2f00000, 0x00000000c2f00000|100%| S|CS|TAMS 0x00000000c2e00000| PB 0x00000000c2e00000| Complete 
|  25|0x00000000c2f00000, 0x00000000c3000000, 0x00000000c3000000|100%| S|CS|TAMS 0x00000000c2f00000| PB 0x00000000c2f00000| Complete 
|  26|0x00000000c3000000, 0x00000000c3000000, 0x00000000c3100000|  0%| F|  |TAMS 0x00000000c3000000| PB 0x00000000c3000000| Untracked 
|  27|0x00000000c3100000, 0x00000000c3100000, 0x00000000c3200000|  0%| F|  |TAMS 0x00000000c3100000| PB 0x00000000c3100000| Untracked 
|  28|0x00000000c3200000, 0x00000000c3200000, 0x00000000c3300000|  0%| F|  |TAMS 0x00000000c3200000| PB 0x00000000c3200000| Untracked 
|  29|0x00000000c3300000, 0x00000000c3300000, 0x00000000c3400000|  0%| F|  |TAMS 0x00000000c3300000| PB 0x00000000c3300000| Untracked 
|  30|0x00000000c3400000, 0x00000000c3400000, 0x00000000c3500000|  0%| F|  |TAMS 0x00000000c3400000| PB 0x00000000c3400000| Untracked 
|  31|0x00000000c3500000, 0x00000000c3500000, 0x00000000c3600000|  0%| F|  |TAMS 0x00000000c3500000| PB 0x00000000c3500000| Untracked 
|  32|0x00000000c3600000, 0x00000000c3600000, 0x00000000c3700000|  0%| F|  |TAMS 0x00000000c3600000| PB 0x00000000c3600000| Untracked 
|  33|0x00000000c3700000, 0x00000000c3700000, 0x00000000c3800000|  0%| F|  |TAMS 0x00000000c3700000| PB 0x00000000c3700000| Untracked 
|  34|0x00000000c3800000, 0x00000000c3800000, 0x00000000c3900000|  0%| F|  |TAMS 0x00000000c3800000| PB 0x00000000c3800000| Untracked 
|  35|0x00000000c3900000, 0x00000000c3900000, 0x00000000c3a00000|  0%| F|  |TAMS 0x00000000c3900000| PB 0x00000000c3900000| Untracked 
|  36|0x00000000c3a00000, 0x00000000c3a00000, 0x00000000c3b00000|  0%| F|  |TAMS 0x00000000c3a00000| PB 0x00000000c3a00000| Untracked 
|  37|0x00000000c3b00000, 0x00000000c3b00000, 0x00000000c3c00000|  0%| F|  |TAMS 0x00000000c3b00000| PB 0x00000000c3b00000| Untracked 
|  38|0x00000000c3c00000, 0x00000000c3c00000, 0x00000000c3d00000|  0%| F|  |TAMS 0x00000000c3c00000| PB 0x00000000c3c00000| Untracked 
|  39|0x00000000c3d00000, 0x00000000c3d00000, 0x00000000c3e00000|  0%| F|  |TAMS 0x00000000c3d00000| PB 0x00000000c3d00000| Untracked 
|  40|0x00000000c3e00000, 0x00000000c3e59f58, 0x00000000c3f00000| 35%| E|  |TAMS 0x00000000c3e00000| PB 0x00000000c3e00000| Complete 
|  41|0x00000000c3f00000, 0x00000000c4000000, 0x00000000c4000000|100%| E|CS|TAMS 0x00000000c3f00000| PB 0x00000000c3f00000| Complete 
|  42|0x00000000c4000000, 0x00000000c4100000, 0x00000000c4100000|100%| E|CS|TAMS 0x00000000c4000000| PB 0x00000000c4000000| Complete 
|  43|0x00000000c4100000, 0x00000000c4200000, 0x00000000c4200000|100%| E|CS|TAMS 0x00000000c4100000| PB 0x00000000c4100000| Complete 
|  44|0x00000000c4200000, 0x00000000c4300000, 0x00000000c4300000|100%| E|CS|TAMS 0x00000000c4200000| PB 0x00000000c4200000| Complete 
|  45|0x00000000c4300000, 0x00000000c4400000, 0x00000000c4400000|100%| E|  |TAMS 0x00000000c4300000| PB 0x00000000c4300000| Complete 
|  46|0x00000000c4400000, 0x00000000c4500000, 0x00000000c4500000|100%| E|CS|TAMS 0x00000000c4400000| PB 0x00000000c4400000| Complete 
|  47|0x00000000c4500000, 0x00000000c4600000, 0x00000000c4600000|100%| E|CS|TAMS 0x00000000c4500000| PB 0x00000000c4500000| Complete 
|  48|0x00000000c4600000, 0x00000000c4700000, 0x00000000c4700000|100%| E|CS|TAMS 0x00000000c4600000| PB 0x00000000c4600000| Complete 
|  49|0x00000000c4700000, 0x00000000c4800000, 0x00000000c4800000|100%| E|CS|TAMS 0x00000000c4700000| PB 0x00000000c4700000| Complete 
|  50|0x00000000c4800000, 0x00000000c4900000, 0x00000000c4900000|100%| E|CS|TAMS 0x00000000c4800000| PB 0x00000000c4800000| Complete 
|  51|0x00000000c4900000, 0x00000000c4a00000, 0x00000000c4a00000|100%| E|CS|TAMS 0x00000000c4900000| PB 0x00000000c4900000| Complete 
|  52|0x00000000c4a00000, 0x00000000c4b00000, 0x00000000c4b00000|100%| E|CS|TAMS 0x00000000c4a00000| PB 0x00000000c4a00000| Complete 
|  53|0x00000000c4b00000, 0x00000000c4c00000, 0x00000000c4c00000|100%| E|CS|TAMS 0x00000000c4b00000| PB 0x00000000c4b00000| Complete 
|  54|0x00000000c4c00000, 0x00000000c4d00000, 0x00000000c4d00000|100%| E|CS|TAMS 0x00000000c4c00000| PB 0x00000000c4c00000| Complete 
|  55|0x00000000c4d00000, 0x00000000c4e00000, 0x00000000c4e00000|100%| E|CS|TAMS 0x00000000c4d00000| PB 0x00000000c4d00000| Complete 
|  56|0x00000000c4e00000, 0x00000000c4f00000, 0x00000000c4f00000|100%| E|CS|TAMS 0x00000000c4e00000| PB 0x00000000c4e00000| Complete 
|  57|0x00000000c4f00000, 0x00000000c5000000, 0x00000000c5000000|100%| E|CS|TAMS 0x00000000c4f00000| PB 0x00000000c4f00000| Complete 
|  58|0x00000000c5000000, 0x00000000c5100000, 0x00000000c5100000|100%| E|CS|TAMS 0x00000000c5000000| PB 0x00000000c5000000| Complete 
|  59|0x00000000c5100000, 0x00000000c5200000, 0x00000000c5200000|100%| E|CS|TAMS 0x00000000c5100000| PB 0x00000000c5100000| Complete 
|  60|0x00000000c5200000, 0x00000000c5300000, 0x00000000c5300000|100%| E|CS|TAMS 0x00000000c5200000| PB 0x00000000c5200000| Complete 
|  61|0x00000000c5300000, 0x00000000c5400000, 0x00000000c5400000|100%| E|CS|TAMS 0x00000000c5300000| PB 0x00000000c5300000| Complete 
|  62|0x00000000c5400000, 0x00000000c5500000, 0x00000000c5500000|100%| E|CS|TAMS 0x00000000c5400000| PB 0x00000000c5400000| Complete 
|  63|0x00000000c5500000, 0x00000000c5600000, 0x00000000c5600000|100%| E|CS|TAMS 0x00000000c5500000| PB 0x00000000c5500000| Complete 

Card table byte_map: [0x000001392e900000,0x000001392eb00000] _byte_map_base: 0x000001392e2f5000

Marking Bits: (CMBitMap*) 0x000001392eb71f60
 Bits: [0x0000013945f90000, 0x0000013946f38000)

Polling page: 0x000001392c950000

Metaspace:

Usage:
  Non-class:     17.55 MB used.
      Class:      2.51 MB used.
       Both:     20.06 MB used.

Virtual space:
  Non-class space:       64.00 MB reserved,      17.69 MB ( 28%) committed,  1 nodes.
      Class space:        1.00 GB reserved,       2.62 MB ( <1%) committed,  1 nodes.
             Both:        1.06 GB reserved,      20.31 MB (  2%) committed. 

Chunk freelists:
   Non-Class:  14.12 MB
       Class:  13.41 MB
        Both:  27.53 MB

MaxMetaspaceSize: unlimited
CompressedClassSpaceSize: 1.00 GB
Initial GC threshold: 21.00 MB
Current GC threshold: 21.00 MB
CDS: on
 - commit_granule_bytes: 65536.
 - commit_granule_words: 8192.
 - virtual_space_node_default_size: 8388608.
 - enlarge_chunks_in_place: 1.
 - use_allocation_guard: 0.


Internal statistics:

num_allocs_failed_limit: 0.
num_arena_births: 276.
num_arena_deaths: 0.
num_vsnodes_births: 2.
num_vsnodes_deaths: 0.
num_space_committed: 325.
num_space_uncommitted: 0.
num_chunks_returned_to_freelist: 0.
num_chunks_taken_from_freelist: 984.
num_chunk_merges: 0.
num_chunk_splits: 654.
num_chunks_enlarged: 481.
num_inconsistent_stats: 0.

CodeHeap 'non-profiled nmethods': size=120064Kb used=1123Kb max_used=1123Kb free=118940Kb
 bounds [0x000001393ea50000, 0x000001393ecc0000, 0x0000013945f90000]
CodeHeap 'profiled nmethods': size=120000Kb used=5466Kb max_used=5466Kb free=114533Kb
 bounds [0x0000013936f90000, 0x00000139374f0000, 0x000001393e4c0000]
CodeHeap 'non-nmethods': size=5696Kb used=1432Kb max_used=1463Kb free=4264Kb
 bounds [0x000001393e4c0000, 0x000001393e730000, 0x000001393ea50000]
 total_blobs=3189 nmethods=2674 adapters=420
 compilation: enabled
              stopped_count=0, restarted_count=0
 full_count=0

Compilation events (20 events):
Event: 44.489 Thread 0x00000139492d8100 2658       3       java.util.Calendar::internalSet (8 bytes)
Event: 44.490 Thread 0x00000139492d8100 nmethod 2658 0x00000139374de910 code [0x00000139374deac0, 0x00000139374debf8]
Event: 44.513 Thread 0x00000139492d8100 2659       3       java.util.LinkedHashMap::get (29 bytes)
Event: 44.514 Thread 0x00000139492d8100 nmethod 2659 0x00000139374ded10 code [0x00000139374deee0, 0x00000139374df1a8]
Event: 44.530 Thread 0x00000139492d8100 2661       3       org.slf4j.LoggerFactory::getLogger (12 bytes)
Event: 44.531 Thread 0x00000139492d8100 nmethod 2661 0x00000139374df290 code [0x00000139374df460, 0x00000139374df770]
Event: 44.533 Thread 0x00000139492d8100 2662       3       ch.qos.logback.classic.LoggerContext::getLogger (6 bytes)
Event: 44.533 Thread 0x00000139492d8100 nmethod 2662 0x00000139374df890 code [0x00000139374dfa40, 0x00000139374dfb98]
Event: 44.534 Thread 0x00000139492d8100 2663       3       java.util.stream.ReferencePipeline$3::opWrapSink (10 bytes)
Event: 44.535 Thread 0x00000139492d8100 nmethod 2663 0x00000139374dfc90 code [0x00000139374dfe80, 0x00000139374e0440]
Event: 44.535 Thread 0x00000139492d8100 2664       3       java.util.stream.Sink$ChainedReference::begin (11 bytes)
Event: 44.536 Thread 0x00000139492d8100 nmethod 2664 0x00000139374e0610 code [0x00000139374e07c0, 0x00000139374e0998]
Event: 44.536 Thread 0x00000139492d8100 2665       3       org.springframework.core.annotation.MergedAnnotation$Adapt::addIfTrue (13 bytes)
Event: 44.539 Thread 0x00000139492d8100 nmethod 2665 0x00000139374e0a90 code [0x00000139374e0c40, 0x00000139374e0e30]
Event: 44.659 Thread 0x00000139492d8100 2666       3       java.net.URL::openConnection (9 bytes)
Event: 44.660 Thread 0x00000139492d8100 nmethod 2666 0x00000139374e0f10 code [0x00000139374e10c0, 0x00000139374e12a0]
Event: 44.660 Thread 0x00000139492d8100 2667       3       java.net.URLConnection::<init> (62 bytes)
Event: 44.662 Thread 0x00000139492d8100 nmethod 2667 0x00000139374e1390 code [0x00000139374e1580, 0x00000139374e1a88]
Event: 44.663 Thread 0x00000139492d8100 2668       3       java.net.URLConnection::getDefaultUseCaches (27 bytes)
Event: 44.664 Thread 0x00000139492d8100 nmethod 2668 0x00000139374e1c10 code [0x00000139374e1de0, 0x00000139374e20d0]

GC Heap History (10 events):
Event: 2.715 GC heap before
{Heap before GC invocations=0 (full 0):
 garbage-first heap   total 65536K, used 6144K [0x00000000c1600000, 0x0000000100000000)
  region size 1024K, 6 young (6144K), 0 survivors (0K)
 Metaspace       used 616K, committed 768K, reserved 1114112K
  class space    used 29K, committed 128K, reserved 1048576K
}
Event: 2.733 GC heap after
{Heap after GC invocations=1 (full 0):
 garbage-first heap   total 65536K, used 4720K [0x00000000c1600000, 0x0000000100000000)
  region size 1024K, 1 young (1024K), 1 survivors (1024K)
 Metaspace       used 616K, committed 768K, reserved 1114112K
  class space    used 29K, committed 128K, reserved 1048576K
}
Event: 4.645 GC heap before
{Heap before GC invocations=1 (full 0):
 garbage-first heap   total 65536K, used 7792K [0x00000000c1600000, 0x0000000100000000)
  region size 1024K, 4 young (4096K), 1 survivors (1024K)
 Metaspace       used 2153K, committed 2304K, reserved 1114112K
  class space    used 183K, committed 256K, reserved 1048576K
}
Event: 4.651 GC heap after
{Heap after GC invocations=2 (full 0):
 garbage-first heap   total 65536K, used 5915K [0x00000000c1600000, 0x0000000100000000)
  region size 1024K, 1 young (1024K), 1 survivors (1024K)
 Metaspace       used 2153K, committed 2304K, reserved 1114112K
  class space    used 183K, committed 256K, reserved 1048576K
}
Event: 9.102 GC heap before
{Heap before GC invocations=2 (full 0):
 garbage-first heap   total 65536K, used 12059K [0x00000000c1600000, 0x0000000100000000)
  region size 1024K, 7 young (7168K), 1 survivors (1024K)
 Metaspace       used 4090K, committed 4288K, reserved 1114112K
  class space    used 449K, committed 512K, reserved 1048576K
}
Event: 9.112 GC heap after
{Heap after GC invocations=3 (full 0):
 garbage-first heap   total 65536K, used 6850K [0x00000000c1600000, 0x0000000100000000)
  region size 1024K, 1 young (1024K), 1 survivors (1024K)
 Metaspace       used 4090K, committed 4288K, reserved 1114112K
  class space    used 449K, committed 512K, reserved 1048576K
}
Event: 13.574 GC heap before
{Heap before GC invocations=3 (full 0):
 garbage-first heap   total 65536K, used 18114K [0x00000000c1600000, 0x0000000100000000)
  region size 1024K, 12 young (12288K), 1 survivors (1024K)
 Metaspace       used 6685K, committed 6976K, reserved 1114112K
  class space    used 771K, committed 896K, reserved 1048576K
}
Event: 13.584 GC heap after
{Heap after GC invocations=4 (full 0):
 garbage-first heap   total 65536K, used 7644K [0x00000000c1600000, 0x0000000100000000)
  region size 1024K, 2 young (2048K), 2 survivors (2048K)
 Metaspace       used 6685K, committed 6976K, reserved 1114112K
  class space    used 771K, committed 896K, reserved 1048576K
}
Event: 30.552 GC heap before
{Heap before GC invocations=4 (full 0):
 garbage-first heap   total 65536K, used 43484K [0x00000000c1600000, 0x0000000100000000)
  region size 1024K, 38 young (38912K), 2 survivors (2048K)
 Metaspace       used 15269K, committed 15552K, reserved 1114112K
  class space    used 1957K, committed 2048K, reserved 1048576K
}
Event: 30.583 GC heap after
{Heap after GC invocations=5 (full 0):
 garbage-first heap   total 65536K, used 10505K [0x00000000c1600000, 0x0000000100000000)
  region size 1024K, 5 young (5120K), 5 survivors (5120K)
 Metaspace       used 15269K, committed 15552K, reserved 1114112K
  class space    used 1957K, committed 2048K, reserved 1048576K
}

Dll operation events (8 events):
Event: 0.180 Loaded shared library C:\Program Files\Java\jdk-21\bin\java.dll
Event: 0.850 Loaded shared library C:\Program Files\Java\jdk-21\bin\jsvml.dll
Event: 1.482 Loaded shared library C:\Program Files\Java\jdk-21\bin\net.dll
Event: 1.498 Loaded shared library C:\Program Files\Java\jdk-21\bin\nio.dll
Event: 1.514 Loaded shared library C:\Program Files\Java\jdk-21\bin\zip.dll
Event: 2.952 Loaded shared library C:\Program Files\Java\jdk-21\bin\jimage.dll
Event: 9.414 Loaded shared library C:\Program Files\Java\jdk-21\bin\management.dll
Event: 9.495 Loaded shared library C:\Program Files\Java\jdk-21\bin\management_ext.dll

Deoptimization events (20 events):
Event: 43.270 Thread 0x000001398f7fe210 DEOPT PACKING pc=0x000001393eb5b95c sp=0x0000000eca0fe1e0
Event: 43.270 Thread 0x000001398f7fe210 DEOPT UNPACKING pc=0x000001393e51469c sp=0x0000000eca0fe178 mode 2
Event: 43.295 Thread 0x000001398f7fe210 Uncommon trap: trap_request=0xffffff76 fr.pc=0x000001393eb3fbec relative=0x000000000000014c
Event: 43.296 Thread 0x000001398f7fe210 Uncommon trap: reason=predicate action=maybe_recompile pc=0x000001393eb3fbec method=java.util.Properties$LineReader.readLine()I @ 53 c2
Event: 43.303 Thread 0x000001398f7fe210 DEOPT PACKING pc=0x000001393eb3fbec sp=0x0000000eca0fe1d0
Event: 43.303 Thread 0x000001398f7fe210 DEOPT UNPACKING pc=0x000001393e51469c sp=0x0000000eca0fe180 mode 2
Event: 43.410 Thread 0x000001398f7fe210 Uncommon trap: trap_request=0xffffff45 fr.pc=0x000001393eb0365c relative=0x000000000000029c
Event: 43.410 Thread 0x000001398f7fe210 Uncommon trap: reason=unstable_if action=reinterpret pc=0x000001393eb0365c method=java.util.LinkedHashMap.get(Ljava/lang/Object;)Ljava/lang/Object; @ 16 c2
Event: 43.410 Thread 0x000001398f7fe210 DEOPT PACKING pc=0x000001393eb0365c sp=0x0000000eca0fe530
Event: 43.410 Thread 0x000001398f7fe210 DEOPT UNPACKING pc=0x000001393e51469c sp=0x0000000eca0fe4d8 mode 2
Event: 44.470 Thread 0x000001398f7fe210 Uncommon trap: trap_request=0xffffff45 fr.pc=0x000001393eb5a324 relative=0x0000000000000704
Event: 44.470 Thread 0x000001398f7fe210 Uncommon trap: reason=unstable_if action=reinterpret pc=0x000001393eb5a324 method=java.util.Properties.loadConvert([CIILjava/lang/StringBuilder;)Ljava/lang/String; @ 148 c2
Event: 44.470 Thread 0x000001398f7fe210 DEOPT PACKING pc=0x000001393eb5a324 sp=0x0000000eca0fddd0
Event: 44.470 Thread 0x000001398f7fe210 DEOPT UNPACKING pc=0x000001393e51469c sp=0x0000000eca0fdd70 mode 2
Event: 44.470 Thread 0x000001398f7fe210 Uncommon trap: trap_request=0xffffff45 fr.pc=0x000001393eaa6524 relative=0x0000000000000464
Event: 44.470 Thread 0x000001398f7fe210 Uncommon trap: reason=unstable_if action=reinterpret pc=0x000001393eaa6524 method=java.lang.AbstractStringBuilder.isLatin1()Z @ 10 c2
Event: 44.470 Thread 0x000001398f7fe210 DEOPT PACKING pc=0x000001393eaa6524 sp=0x0000000eca0fdd20
Event: 44.470 Thread 0x000001398f7fe210 DEOPT UNPACKING pc=0x000001393e51469c sp=0x0000000eca0fdbb8 mode 2
Event: 44.475 Thread 0x000001398f7fe210 DEOPT PACKING pc=0x00000139374ddfb6 sp=0x0000000eca0fdd70
Event: 44.475 Thread 0x000001398f7fe210 DEOPT UNPACKING pc=0x000001393e514e23 sp=0x0000000eca0fd258 mode 0

Classes loaded (20 events):
Event: 43.110 Loading class java/util/ResourceBundle$Control$2 done
Event: 43.113 Loading class java/util/PropertyResourceBundle
Event: 43.143 Loading class java/util/PropertyResourceBundle done
Event: 43.143 Loading class sun/util/PropertyResourceBundleCharset
Event: 43.260 Loading class sun/util/PropertyResourceBundleCharset done
Event: 43.261 Loading class sun/util/PropertyResourceBundleCharset$PropertiesFileDecoder
Event: 43.268 Loading class sun/util/PropertyResourceBundleCharset$PropertiesFileDecoder done
Event: 43.304 Loading class java/util/ResourceBundle$BundleReference
Event: 43.305 Loading class java/util/ResourceBundle$BundleReference done
Event: 43.449 Loading class javax/management/MBeanRegistration
Event: 43.450 Loading class javax/management/MBeanRegistration done
Event: 43.474 Loading class javax/security/auth/login/LoginException
Event: 43.475 Loading class javax/security/auth/login/LoginException done
Event: 44.516 Loading class java/security/NoSuchAlgorithmException
Event: 44.545 Loading class java/security/NoSuchAlgorithmException done
Event: 44.545 Loading class java/security/NoSuchProviderException
Event: 44.545 Loading class java/security/NoSuchProviderException done
Event: 44.550 Loading class sun/security/jca/Providers
Event: 44.653 Loading class sun/security/jca/Providers done
Event: 44.654 Loading class sun/security/jca/ProviderList

Classes unloaded (0 events):
No events

Classes redefined (0 events):
No events

Internal exceptions (20 events):
Event: 16.401 Thread 0x000001398f2658d0 Exception <a 'java/lang/NoSuchMethodError'{0x00000000c5069a18}: 'void java.lang.invoke.DirectMethodHandle$Holder.invokeStaticInit(java.lang.Object, java.lang.Object, java.lang.Object)'> (0x00000000c5069a18) 
thrown [s\open\src\hotspot\share\interpreter\linkResolver.cpp, line 773]
Event: 16.454 Thread 0x000001398f2658d0 Exception <a 'java/lang/NoSuchMethodError'{0x00000000c50acff0}: 'java.lang.Object java.lang.invoke.DirectMethodHandle$Holder.invokeStatic(java.lang.Object, long, java.lang.Object)'> (0x00000000c50acff0) 
thrown [s\open\src\hotspot\share\interpreter\linkResolver.cpp, line 773]
Event: 16.455 Thread 0x000001398f2658d0 Exception <a 'java/lang/NoSuchMethodError'{0x00000000c50b0648}: 'java.lang.Object java.lang.invoke.DirectMethodHandle$Holder.invokeStaticInit(java.lang.Object, long, java.lang.Object)'> (0x00000000c50b0648) 
thrown [s\open\src\hotspot\share\interpreter\linkResolver.cpp, line 773]
Event: 16.498 Thread 0x000001398f2658d0 Exception <a 'java/lang/NoSuchMethodError'{0x00000000c50b6038}: 'java.lang.Object java.lang.invoke.DirectMethodHandle$Holder.newInvokeSpecial(java.lang.Object, long)'> (0x00000000c50b6038) 
thrown [s\open\src\hotspot\share\interpreter\linkResolver.cpp, line 773]
Event: 16.987 Thread 0x000001398f2658d0 Exception <a 'java/lang/NoSuchMethodError'{0x00000000c4f19958}: 'void java.lang.invoke.DirectMethodHandle$Holder.invokeSpecial(java.lang.Object, java.lang.Object, java.lang.Object, java.lang.Object, java.lang.Object)'> (0x00000000c4f19958) 
thrown [s\open\src\hotspot\share\interpreter\linkResolver.cpp, line 773]
Event: 17.018 Thread 0x000001398f2658d0 Exception <a 'java/lang/NoSuchMethodError'{0x00000000c4f211c0}: 'void java.lang.invoke.DirectMethodHandle$Holder.invokeVirtual(java.lang.Object, java.lang.Object, java.lang.Object, java.lang.Object)'> (0x00000000c4f211c0) 
thrown [s\open\src\hotspot\share\interpreter\linkResolver.cpp, line 773]
Event: 18.396 Thread 0x000001398f2658d0 Exception <a 'java/lang/NoSuchMethodError'{0x00000000c4e6bdf8}: 'java.lang.Object java.lang.invoke.DirectMethodHandle$Holder.invokeVirtual(java.lang.Object, java.lang.Object, java.lang.Object)'> (0x00000000c4e6bdf8) 
thrown [s\open\src\hotspot\share\interpreter\linkResolver.cpp, line 773]
Event: 19.023 Thread 0x000001398f2658d0 Exception <a 'java/lang/IncompatibleClassChangeError'{0x00000000c4d5aa50}: Found class java.lang.Object, but interface was expected> (0x00000000c4d5aa50) 
thrown [s\open\src\hotspot\share\interpreter\linkResolver.cpp, line 840]
Event: 19.125 Thread 0x000001398f2658d0 Exception <a 'java/lang/NoSuchMethodError'{0x00000000c4d9da90}: 'java.lang.Object java.lang.invoke.DirectMethodHandle$Holder.invokeStaticInit(java.lang.Object, int)'> (0x00000000c4d9da90) 
thrown [s\open\src\hotspot\share\interpreter\linkResolver.cpp, line 773]
Event: 19.165 Thread 0x000001398f2658d0 Exception <a 'java/lang/NoSuchMethodError'{0x00000000c4da7bd0}: 'java.lang.Object java.lang.invoke.DirectMethodHandle$Holder.invokeStatic(java.lang.Object, int, java.lang.Object)'> (0x00000000c4da7bd0) 
thrown [s\open\src\hotspot\share\interpreter\linkResolver.cpp, line 773]
Event: 19.166 Thread 0x000001398f2658d0 Exception <a 'java/lang/NoSuchMethodError'{0x00000000c4dab220}: 'java.lang.Object java.lang.invoke.DirectMethodHandle$Holder.invokeStaticInit(java.lang.Object, int, java.lang.Object)'> (0x00000000c4dab220) 
thrown [s\open\src\hotspot\share\interpreter\linkResolver.cpp, line 773]
Event: 25.241 Thread 0x000001398f2658d0 Exception <a 'java/lang/NoSuchMethodError'{0x00000000c3c3c3f0}: 'int java.lang.invoke.DirectMethodHandle$Holder.invokeSpecial(java.lang.Object, java.lang.Object, java.lang.Object, java.lang.Object, java.lang.Object)'> (0x00000000c3c3c3f0) 
thrown [s\open\src\hotspot\share\interpreter\linkResolver.cpp, line 773]
Event: 25.343 Thread 0x000001398f2658d0 Exception <a 'java/lang/NoSuchMethodError'{0x00000000c3c446a0}: 'void java.lang.invoke.DirectMethodHandle$Holder.invokeVirtual(java.lang.Object, java.lang.Object)'> (0x00000000c3c446a0) 
thrown [s\open\src\hotspot\share\interpreter\linkResolver.cpp, line 773]
Event: 38.223 Thread 0x000001398f7fe210 Exception <a 'java/lang/NoSuchMethodError'{0x00000000c445d270}: 'long java.lang.invoke.DirectMethodHandle$Holder.invokeSpecial(java.lang.Object, java.lang.Object)'> (0x00000000c445d270) 
thrown [s\open\src\hotspot\share\interpreter\linkResolver.cpp, line 773]
Event: 38.701 Thread 0x000001398f7fe210 Exception <a 'java/lang/NoSuchMethodError'{0x00000000c4466e58}: 'long java.lang.invoke.DirectMethodHandle$Holder.invokeStatic(java.lang.Object, java.lang.Object)'> (0x00000000c4466e58) 
thrown [s\open\src\hotspot\share\interpreter\linkResolver.cpp, line 773]
Event: 38.714 Thread 0x000001398f7fe210 Exception <a 'java/lang/NoSuchMethodError'{0x00000000c446a1c0}: 'long java.lang.invoke.DirectMethodHandle$Holder.invokeStaticInit(java.lang.Object, java.lang.Object)'> (0x00000000c446a1c0) 
thrown [s\open\src\hotspot\share\interpreter\linkResolver.cpp, line 773]
Event: 38.736 Thread 0x000001398f7fe210 Exception <a 'java/lang/NoSuchMethodError'{0x00000000c4304a68}: 'long java.lang.invoke.DirectMethodHandle$Holder.invokeInterface(java.lang.Object, java.lang.Object)'> (0x00000000c4304a68) 
thrown [s\open\src\hotspot\share\interpreter\linkResolver.cpp, line 773]
Event: 38.745 Thread 0x000001398f7fe210 Exception <a 'java/lang/IncompatibleClassChangeError'{0x00000000c4307d18}: Found class java.lang.Object, but interface was expected> (0x00000000c4307d18) 
thrown [s\open\src\hotspot\share\interpreter\linkResolver.cpp, line 840]
Event: 39.954 Thread 0x000001398f7fe210 Exception <a 'java/lang/NoSuchMethodError'{0x00000000c43c45f8}: 'java.lang.Object java.lang.invoke.DirectMethodHandle$Holder.invokeVirtual(java.lang.Object, java.lang.Object, java.lang.Object, java.lang.Object)'> (0x00000000c43c45f8) 
thrown [s\open\src\hotspot\share\interpreter\linkResolver.cpp, line 773]
Event: 41.203 Thread 0x000001398f2658d0 Exception <a 'java/lang/IncompatibleClassChangeError'{0x00000000c42557f0}: Found class java.lang.Object, but interface was expected> (0x00000000c42557f0) 
thrown [s\open\src\hotspot\share\interpreter\linkResolver.cpp, line 840]

ZGC Phase Switch (0 events):
No events

VM Operations (20 events):
Event: 31.588 Executing VM operation: Cleanup
Event: 31.698 Executing VM operation: Cleanup done
Event: 32.206 Executing VM operation: HandshakeAllThreads (Deoptimize)
Event: 32.206 Executing VM operation: HandshakeAllThreads (Deoptimize) done
Event: 33.218 Executing VM operation: Cleanup
Event: 33.346 Executing VM operation: Cleanup done
Event: 36.454 Executing VM operation: Cleanup
Event: 37.007 Executing VM operation: Cleanup done
Event: 38.009 Executing VM operation: Cleanup
Event: 38.083 Executing VM operation: Cleanup done
Event: 40.094 Executing VM operation: Cleanup
Event: 40.256 Executing VM operation: Cleanup done
Event: 41.264 Executing VM operation: Cleanup
Event: 41.356 Executing VM operation: Cleanup done
Event: 42.365 Executing VM operation: Cleanup
Event: 42.365 Executing VM operation: Cleanup done
Event: 43.366 Executing VM operation: Cleanup
Event: 43.366 Executing VM operation: Cleanup done
Event: 44.366 Executing VM operation: Cleanup
Event: 44.366 Executing VM operation: Cleanup done

Events (16 events):
Event: 0.643 Thread 0x000001392c9cdcc0 Thread added: 0x000001392c9cdcc0
Event: 0.825 Thread 0x00000139492caca0 Thread added: 0x00000139492caca0
Event: 0.825 Thread 0x00000139492ceae0 Thread added: 0x00000139492ceae0
Event: 0.832 Thread 0x00000139492d29a0 Thread added: 0x00000139492d29a0
Event: 0.832 Thread 0x00000139492d3400 Thread added: 0x00000139492d3400
Event: 0.832 Thread 0x00000139492d3e60 Thread added: 0x00000139492d3e60
Event: 0.833 Thread 0x00000139492d48c0 Thread added: 0x00000139492d48c0
Event: 0.833 Thread 0x00000139492d5650 Thread added: 0x00000139492d5650
Event: 0.834 Thread 0x00000139492d8100 Thread added: 0x00000139492d8100
Event: 1.333 Thread 0x000001394955d860 Thread added: 0x000001394955d860
Event: 1.354 Thread 0x0000013949563a30 Thread added: 0x0000013949563a30
Event: 10.541 Thread 0x000001398f2f1e10 Thread added: 0x000001398f2f1e10
Event: 10.707 Thread 0x000001398f2658d0 Thread added: 0x000001398f2658d0
Event: 18.975 Thread 0x000001398f7fe210 Thread added: 0x000001398f7fe210
Event: 33.434 Thread 0x00000139903c9810 Thread added: 0x00000139903c9810
Event: 37.913 Thread 0x00000139903c9810 Thread exited: 0x00000139903c9810


Dynamic libraries:
0x00007ff6e9730000 - 0x00007ff6e9740000 	C:\Program Files\Java\jdk-21\bin\java.exe
0x00007ff9efa90000 - 0x00007ff9efc88000 	C:\WINDOWS\SYSTEM32\ntdll.dll
0x00007ff9ef830000 - 0x00007ff9ef8ed000 	C:\WINDOWS\System32\KERNEL32.DLL
0x00007ff9ed5a0000 - 0x00007ff9ed896000 	C:\WINDOWS\System32\KERNELBASE.dll
0x00007ff9ed4a0000 - 0x00007ff9ed5a0000 	C:\WINDOWS\System32\ucrtbase.dll
0x00007ff9dc290000 - 0x00007ff9dc2ab000 	C:\Program Files\Java\jdk-21\bin\VCRUNTIME140.dll
0x00007ff9e1a70000 - 0x00007ff9e1a89000 	C:\Program Files\Java\jdk-21\bin\jli.dll
0x00007ff9ef8f0000 - 0x00007ff9ef9a3000 	C:\WINDOWS\System32\ADVAPI32.dll
0x00007ff9ef9b0000 - 0x00007ff9efa4e000 	C:\WINDOWS\System32\msvcrt.dll
0x00007ff9edfd0000 - 0x00007ff9ee06f000 	C:\WINDOWS\System32\sechost.dll
0x00007ff9ede80000 - 0x00007ff9edfa6000 	C:\WINDOWS\System32\RPCRT4.dll
0x00007ff9ed310000 - 0x00007ff9ed337000 	C:\WINDOWS\System32\bcrypt.dll
0x00007ff9edc70000 - 0x00007ff9ede0e000 	C:\WINDOWS\System32\USER32.dll
0x00007ff9ed470000 - 0x00007ff9ed492000 	C:\WINDOWS\System32\win32u.dll
0x00007ff9ee9d0000 - 0x00007ff9ee9fc000 	C:\WINDOWS\System32\GDI32.dll
0x00007ff9ed8a0000 - 0x00007ff9ed9ba000 	C:\WINDOWS\System32\gdi32full.dll
0x00007ff9ed3d0000 - 0x00007ff9ed46d000 	C:\WINDOWS\System32\msvcp_win.dll
0x00007ff9dbf60000 - 0x00007ff9dc1fa000 	C:\WINDOWS\WinSxS\amd64_microsoft.windows.common-controls_6595b64144ccf1df_6.0.19041.3636_none_60b6a03d71f818d5\COMCTL32.dll
0x00007ff9e60e0000 - 0x00007ff9e60ea000 	C:\WINDOWS\SYSTEM32\VERSION.dll
0x00007ff9ef730000 - 0x00007ff9ef760000 	C:\WINDOWS\System32\IMM32.DLL
0x00007ff9db8b0000 - 0x00007ff9db8bc000 	C:\Program Files\Java\jdk-21\bin\vcruntime140_1.dll
0x00007ff9c1890000 - 0x00007ff9c191e000 	C:\Program Files\Java\jdk-21\bin\msvcp140.dll
0x00007ff9c1ab0000 - 0x00007ff9c27c5000 	C:\Program Files\Java\jdk-21\bin\server\jvm.dll
0x00007ff9ef760000 - 0x00007ff9ef7cb000 	C:\WINDOWS\System32\WS2_32.dll
0x00007ff9ecfc0000 - 0x00007ff9ed00b000 	C:\WINDOWS\SYSTEM32\POWRPROF.dll
0x00007ff9cfdb0000 - 0x00007ff9cfdd7000 	C:\WINDOWS\SYSTEM32\WINMM.dll
0x00007ff9ecfa0000 - 0x00007ff9ecfb2000 	C:\WINDOWS\SYSTEM32\UMPDC.dll
0x00007ff9eb9f0000 - 0x00007ff9eba02000 	C:\WINDOWS\SYSTEM32\kernel.appcore.dll
0x00007ff9db650000 - 0x00007ff9db65a000 	C:\Program Files\Java\jdk-21\bin\jimage.dll
0x00007ff9eb670000 - 0x00007ff9eb854000 	C:\WINDOWS\SYSTEM32\DBGHELP.DLL
0x00007ff9d9040000 - 0x00007ff9d9074000 	C:\WINDOWS\SYSTEM32\dbgcore.DLL
0x00007ff9ed340000 - 0x00007ff9ed3c2000 	C:\WINDOWS\System32\bcryptPrimitives.dll
0x00007ff9daec0000 - 0x00007ff9daedf000 	C:\Program Files\Java\jdk-21\bin\java.dll
0x00007ff9ee280000 - 0x00007ff9ee9c5000 	C:\WINDOWS\System32\SHELL32.dll
0x00007ff9eae00000 - 0x00007ff9eb59b000 	C:\WINDOWS\SYSTEM32\windows.storage.dll
0x00007ff9eeb90000 - 0x00007ff9eeee4000 	C:\WINDOWS\System32\combase.dll
0x00007ff9ecac0000 - 0x00007ff9ecaed000 	C:\WINDOWS\SYSTEM32\Wldp.dll
0x00007ff9edbb0000 - 0x00007ff9edc5d000 	C:\WINDOWS\System32\SHCORE.dll
0x00007ff9ee0f0000 - 0x00007ff9ee145000 	C:\WINDOWS\System32\shlwapi.dll
0x00007ff9ed090000 - 0x00007ff9ed0b5000 	C:\WINDOWS\SYSTEM32\profapi.dll
0x00007ff9c31f0000 - 0x00007ff9c32c7000 	C:\Program Files\Java\jdk-21\bin\jsvml.dll
0x00007ff9db4c0000 - 0x00007ff9db4d0000 	C:\Program Files\Java\jdk-21\bin\net.dll
0x00007ff9dfe90000 - 0x00007ff9dff9a000 	C:\WINDOWS\SYSTEM32\WINHTTP.dll
0x00007ff9ec820000 - 0x00007ff9ec88a000 	C:\WINDOWS\system32\mswsock.dll
0x00007ff9daea0000 - 0x00007ff9daeb6000 	C:\Program Files\Java\jdk-21\bin\nio.dll
0x00007ff9daa50000 - 0x00007ff9daa68000 	C:\Program Files\Java\jdk-21\bin\zip.dll
0x00007ff9dc280000 - 0x00007ff9dc28a000 	C:\Program Files\Java\jdk-21\bin\management.dll
0x00007ff9d7500000 - 0x00007ff9d750b000 	C:\Program Files\Java\jdk-21\bin\management_ext.dll
0x00007ff9edc60000 - 0x00007ff9edc68000 	C:\WINDOWS\System32\PSAPI.DLL

dbghelp: loaded successfully - version: 4.0.5 - missing functions: none
symbol engine: initialized successfully - sym options: 0x614 - pdb path: .;C:\Program Files\Java\jdk-21\bin;C:\WINDOWS\SYSTEM32;C:\WINDOWS\WinSxS\amd64_microsoft.windows.common-controls_6595b64144ccf1df_6.0.19041.3636_none_60b6a03d71f818d5;C:\Program Files\Java\jdk-21\bin\server

VM Arguments:
java_command: com.example.gesvet.GesvetApplication
java_class_path (initial): C:\Users\nicol\OneDrive\Escritorio\sprinboot\gesvetnico\GesVet\target\classes;C:\Users\nicol\.m2\repository\org\springframework\boot\spring-boot-starter-thymeleaf\3.2.0\spring-boot-starter-thymeleaf-3.2.0.jar;C:\Users\nicol\.m2\repository\org\springframework\boot\spring-boot-starter\3.2.0\spring-boot-starter-3.2.0.jar;C:\Users\nicol\.m2\repository\org\springframework\boot\spring-boot-starter-logging\3.2.0\spring-boot-starter-logging-3.2.0.jar;C:\Users\nicol\.m2\repository\ch\qos\logback\logback-classic\1.4.11\logback-classic-1.4.11.jar;C:\Users\nicol\.m2\repository\ch\qos\logback\logback-core\1.4.11\logback-core-1.4.11.jar;C:\Users\nicol\.m2\repository\org\apache\logging\log4j\log4j-to-slf4j\2.21.1\log4j-to-slf4j-2.21.1.jar;C:\Users\nicol\.m2\repository\org\apache\logging\log4j\log4j-api\2.21.1\log4j-api-2.21.1.jar;C:\Users\nicol\.m2\repository\org\slf4j\jul-to-slf4j\2.0.9\jul-to-slf4j-2.0.9.jar;C:\Users\nicol\.m2\repository\jakarta\annotation\jakarta.annotation-api\2.1.1\jakarta.annotation-api-2.1.1.jar;C:\Users\nicol\.m2\repository\org\yaml\snakeyaml\2.2\snakeyaml-2.2.jar;C:\Users\nicol\.m2\repository\org\thymeleaf\thymeleaf-spring6\3.1.2.RELEASE\thymeleaf-spring6-3.1.2.RELEASE.jar;C:\Users\nicol\.m2\repository\org\thymeleaf\thymeleaf\3.1.2.RELEASE\thymeleaf-3.1.2.RELEASE.jar;C:\Users\nicol\.m2\repository\org\attoparser\attoparser\2.0.7.RELEASE\attoparser-2.0.7.RELEASE.jar;C:\Users\nicol\.m2\repository\org\unbescape\unbescape\1.1.6.RELEASE\unbescape-1.1.6.RELEASE.jar;C:\Users\nicol\.m2\repository\org\springframework\boot\spring-boot-starter-web\3.2.0\spring-boot-starter-web-3.2.0.jar;C:\Users\nicol\.m2\repository\org\springframework\boot\spring-boot-starter-json\3.2.0\spring-boot-starter-json-3.2.0.jar;C:\Users\nicol\.m2\repository\com\fasterxml\jackson\core\jackson-databind\2.15.3\jackson-databind-2.15.3.jar;C:\Users\nicol\.m2\repository\com\fasterxml\jackson\core\jackson-annotations\2.15.3\jackson-annotations-2.15.3.jar;C:\Users\nicol\.m2\repository\com\fasterxml\jackson\core\jackson-core\2.15.3\jackson-core-2.15.3.jar;C:\Users\nicol\.m2\repository\com\fasterxml\jackson\datatype\jackson-datatype-jdk8\2.15.3\jackson-datatype-jdk8-2.15.3.jar;C:\Users\nicol\.m2\repository\com\fasterxml\jackson\datatype\jackson-datatype-jsr310\2.15.3\jackson-datatype-jsr310-2.15.3.jar;C:\Users\nicol\.m2\repository\com\fasterxml\jackson\module\jackson-module-parameter-names\2.15.3\jackson-module-parameter-names-2.15.3.jar;C:\Users\nicol\.m2\repository\org\springframework\boot\spring-boot-starter-tomcat\3.2.0\spring-boot-starter-tomcat-3.2.0.jar;C:\Users\nicol\.m2\repository\org\apache\tomcat\embed\tomcat-embed-core\10.1.16\tomcat-embed-core-10.1.16.jar;C:\Users\nicol\.m2\repository\org\apache\tomcat\embed\tomcat-embed-websocket\10.1.16\tomcat-embed-websocket-10.1.16.jar;C:\Users\nicol\.m2\repository\org\springframework\spring-web\6.1.1\spring-web-6.1.1.jar;C:\Users\nicol\.m2\repository\org\springframework\spring-beans\6.1.1\spring-beans-6.1.1.jar;C:\Users\nicol\.m2\repository\io\micrometer\micrometer-observation\1.12.0\micrometer-observation-1.12.0.jar;C:\Users\nicol\.m2\repository\io\micrometer\micrometer-commons\1.12.0\micrometer-commons-1.12.0.jar;C:\Users\nicol\.m2\repository\org\springframework\spring-webmvc\6.1.1\spring-webmvc-6.1.1.jar;C:\Users\nicol\.m2\repository\org\springframework\spring-context\6.1.1\spring-context-6.1.1.jar;C:\Users\nicol\.m2\repository\org\springframework\spring-expression\6.1.1\spring-expression-6.1.1.jar;C:\Users\nicol\.m2\repository\org\springframework\boot\spring-boot-devtools\3.2.0\spring-boot-devtools-3.2.0.jar;C:\Users\nicol\.m2\repository\org\springframework\boot\spring-boot\3.2.0\spring-boot-3.2.0.jar;C:\Users\nicol\.m2\repository\org\springframework\boot\spring-boot-autoconfigure\3.2.0\spring-boot-autoconfigure-3.2.0.jar;C:\Users\nicol\.m2\repository\com\mysql\mysql-connector-j\8.1.0\mysql-connector-j-8.1.0.jar;C:\Users\nicol\.m2\repository\org\projectlombok\lombok\1.18.30\lombok-1.18.30.jar;C:\Users\nicol\.m2\repository\jakarta\xml\bind\jakarta.xml.bind-api\4.0.1\jakarta.xml.bind-api-4.0.1.jar;C:\Users\nicol\.m2\repository\jakarta\activation\jakarta.activation-api\2.1.2\jakarta.activation-api-2.1.2.jar;C:\Users\nicol\.m2\repository\net\bytebuddy\byte-buddy\1.14.10\byte-buddy-1.14.10.jar;C:\Users\nicol\.m2\repository\org\springframework\spring-core\6.1.1\spring-core-6.1.1.jar;C:\Users\nicol\.m2\repository\org\springframework\spring-jcl\6.1.1\spring-jcl-6.1.1.jar;C:\Users\nicol\.m2\repository\org\springframework\boot\spring-boot-starter-validation\3.2.0\spring-boot-starter-validation-3.2.0.jar;C:\Users\nicol\.m2\repository\org\apache\tomcat\embed\tomcat-embed-el\10.1.16\tomcat-embed-el-10.1.16.jar;C:\Users\nicol\.m2\repository\org\hibernate\validator\hibernate-validator\8.0.1.Final\hibernate-validator-8.0.1.Final.jar;C:\Users\nicol\.m2\repository\jakarta\validation\jakarta.validation-api\3.0.2\jakarta.validation-api-3.0.2.jar;C:\Users\nicol\.m2\repository\org\jboss\logging\jboss-logging\3.5.3.Final\jboss-logging-3.5.3.Final.jar;C:\Users\nicol\.m2\repository\com\fasterxml\classmate\1.6.0\classmate-1.6.0.jar;C:\Users\nicol\.m2\repository\javax\persistence\javax.persistence-api\2.2\javax.persistence-api-2.2.jar;C:\Users\nicol\.m2\repository\org\springframework\boot\spring-boot-starter-data-jpa\3.2.0\spring-boot-starter-data-jpa-3.2.0.jar;C:\Users\nicol\.m2\repository\org\springframework\boot\spring-boot-starter-aop\3.2.0\spring-boot-starter-aop-3.2.0.jar;C:\Users\nicol\.m2\repository\org\aspectj\aspectjweaver\1.9.20.1\aspectjweaver-1.9.20.1.jar;C:\Users\nicol\.m2\repository\org\springframework\boot\spring-boot-starter-jdbc\3.2.0\spring-boot-starter-jdbc-3.2.0.jar;C:\Users\nicol\.m2\repository\com\zaxxer\HikariCP\5.0.1\HikariCP-5.0.1.jar;C:\Users\nicol\.m2\repository\org\springframework\spring-jdbc\6.1.1\spring-jdbc-6.1.1.jar;C:\Users\nicol\.m2\repository\org\hibernate\orm\hibernate-core\6.3.1.Final\hibernate-core-6.3.1.Final.jar;C:\Users\nicol\.m2\repository\jakarta\persistence\jakarta.persistence-api\3.1.0\jakarta.persistence-api-3.1.0.jar;C:\Users\nicol\.m2\repository\jakarta\transaction\jakarta.transaction-api\2.0.1\jakarta.transaction-api-2.0.1.jar;C:\Users\nicol\.m2\repository\org\hibernate\common\hibernate-commons-annotations\6.0.6.Final\hibernate-commons-annotations-6.0.6.Final.jar;C:\Users\nicol\.m2\repository\io\smallrye\jandex\3.1.2\jandex-3.1.2.jar;C:\Users\nicol\.m2\repository\org\glassfish\jaxb\jaxb-runtime\4.0.4\jaxb-runtime-4.0.4.jar;C:\Users\nicol\.m2\repository\org\glassfish\jaxb\jaxb-core\4.0.4\jaxb-core-4.0.4.jar;C:\Users\nicol\.m2\repository\org\glassfish\jaxb\txw2\4.0.4\txw2-4.0.4.jar;C:\Users\nicol\.m2\repository\com\sun\istack\istack-commons-runtime\4.1.2\istack-commons-runtime-4.1.2.jar;C:\Users\nicol\.m2\repository\jakarta\inject\jakarta.inject-api\2.0.1\jakarta.inject-api-2.0.1.jar;C:\Users\nicol\.m2\repository\org\antlr\antlr4-runtime\4.10.1\antlr4-runtime-4.10.1.jar;C:\Users\nicol\.m2\repository\org\springframework\data\spring-data-jpa\3.2.0\spring-data-jpa-3.2.0.jar;C:\Users\nicol\.m2\repository\org\springframework\data\spring-data-commons\3.2.0\spring-data-commons-3.2.0.jar;C:\Users\nicol\.m2\repository\org\springframework\spring-orm\6.1.1\spring-orm-6.1.1.jar;C:\Users\nicol\.m2\repository\org\springframework\spring-tx\6.1.1\spring-tx-6.1.1.jar;C:\Users\nicol\.m2\repository\org\springframework\spring-aspects\6.1.1\spring-aspects-6.1.1.jar;C:\Users\nicol\.m2\repository\org\springframework\security\spring-security-core\6.2.0\spring-security-core-6.2.0.jar;C:\Users\nicol\.m2\repository\org\springframework\security\spring-security-crypto\6.2.0\spring-security-crypto-6.2.0.jar;C:\Users\nicol\.m2\repository\org\springframework\security\spring-security-web\6.2.0\spring-security-web-6.2.0.jar;C:\Users\nicol\.m2\repository\org\thymeleaf\extras\thymeleaf-extras-springsecurity6\3.1.2.RELEASE\thymeleaf-extras-springsecurity6-3.1.2.RELEASE.jar;C:\Users\nicol\.m2\repository\org\slf4j\slf4j-api\2.0.9\slf4j-api-2.0.9.jar;C:\Users\nicol\.m2\repository\org\springframework\boot\spring-boot-starter-security\3.2.0\spring-boot-starter-security-3.2.0.jar;C:\Users\nicol\.m2\repository\org\springframework\spring-aop\6.1.1\spring-aop-6.1.1.jar;C:\Users\nicol\.m2\repository\org\springframework\security\spring-security-config\6.2.0\spring-security-config-6.2.0.jar;C:\Users\nicol\.m2\repository\org\springframework\boot\spring-boot-starter-mail\3.2.0\spring-boot-starter-mail-3.2.0.jar;C:\Users\nicol\.m2\repository\org\springframework\spring-context-support\6.1.1\spring-context-support-6.1.1.jar;C:\Users\nicol\.m2\repository\org\eclipse\angus\jakarta.mail\2.0.2\jakarta.mail-2.0.2.jar;C:\Users\nicol\.m2\repository\org\eclipse\angus\angus-activation\2.0.1\angus-activation-2.0.1.jar;C:\Users\nicol\.m2\repository\ch\frostnova\persistence-jpa\1.0.0-RC1\persistence-jpa-1.0.0-RC1.jar
Launcher Type: SUN_STANDARD

[Global flags]
     intx CICompilerCount                          = 2                                         {product} {ergonomic}
     uint ConcGCThreads                            = 1                                         {product} {ergonomic}
     uint G1ConcRefinementThreads                  = 2                                         {product} {ergonomic}
   size_t G1HeapRegionSize                         = 1048576                                   {product} {ergonomic}
    uintx GCDrainStackTargetSize                   = 64                                        {product} {ergonomic}
   size_t InitialHeapSize                          = 67108864                                  {product} {ergonomic}
   size_t MarkStackSize                            = 4194304                                   {product} {ergonomic}
   size_t MaxHeapSize                              = 1050673152                                {product} {ergonomic}
   size_t MaxNewSize                               = 630194176                                 {product} {ergonomic}
   size_t MinHeapDeltaBytes                        = 1048576                                   {product} {ergonomic}
   size_t MinHeapSize                              = 8388608                                   {product} {ergonomic}
    uintx NonNMethodCodeHeapSize                   = 5826188                                {pd product} {ergonomic}
    uintx NonProfiledCodeHeapSize                  = 122916026                              {pd product} {ergonomic}
    uintx ProfiledCodeHeapSize                     = 122916026                              {pd product} {ergonomic}
    uintx ReservedCodeCacheSize                    = 251658240                              {pd product} {ergonomic}
     bool SegmentedCodeCache                       = true                                      {product} {ergonomic}
   size_t SoftMaxHeapSize                          = 1050673152                             {manageable} {ergonomic}
     bool UseCompressedOops                        = true                           {product lp64_product} {ergonomic}
     bool UseG1GC                                  = true                                      {product} {ergonomic}
     bool UseLargePagesIndividualAllocation        = false                                  {pd product} {ergonomic}

Logging:
Log output configuration:
 #0: stdout all=warning uptime,level,tags foldmultilines=false
 #1: stderr all=off uptime,level,tags foldmultilines=false

Environment Variables:
JAVA_HOME=C:\Program Files\Java\jdk-21
PATH=C:\Program Files\Common Files\Oracle\Java\javapath;C:\Program Files (x86)\Common Files\Oracle\Java\javapath;C:\WINDOWS\system32;C:\WINDOWS;C:\WINDOWS\System32\Wbem;C:\WINDOWS\System32\WindowsPowerShell\v1.0\;C:\WINDOWS\System32\OpenSSH\;C:\Program Files\Git\cmd;C:\Users\nicol\.console-ninja\.bin;C:\Users\nicol\AppData\Local\Programs\Python\Python312\Scripts\;C:\Users\nicol\AppData\Local\Programs\Python\Python312\;C:\Users\nicol\AppData\Local\Programs\Python\Launcher\;C:\Users\nicol\AppData\Local\Microsoft\WindowsApps;C:\Users\nicol\AppData\Local\Programs\Microsoft VS Code\bin;C:\Program Files\NetBeans-16\netbeans\java\maven\bin;
USERNAME=nicol
OS=Windows_NT
PROCESSOR_IDENTIFIER=Intel64 Family 6 Model 76 Stepping 4, GenuineIntel
TMP=C:\Users\nicol\AppData\Local\Temp
TEMP=C:\Users\nicol\AppData\Local\Temp




Periodic native trim disabled

---------------  S Y S T E M  ---------------

OS:
 Windows 10 , 64 bit Build 19041 (10.0.19041.3636)
OS uptime: 0 days 23:08 hours

CPU: total 2 (initial active 2) (2 cores per cpu, 1 threads per core) family 6 model 76 stepping 4 microcode 0x411, cx8, cmov, fxsr, mmx, 3dnowpref, sse, sse2, sse3, ssse3, sse4.1, sse4.2, popcnt, tsc, tscinvbit, aes, erms, clmul, clflush, rdtscp
Processor Information for all 2 processors :
  Max Mhz: 1601, Current Mhz: 1601, Mhz Limit: 1601

Memory: 4k page, system-wide physical 4001M (148M free)
TotalPageFile size 6791M (AvailPageFile size 11M)
current process WorkingSet (physical memory assigned to process): 135M, peak: 142M
current process commit charge ("private bytes"): 183M, peak: 188M

vm_info: Java HotSpot(TM) 64-Bit Server VM (21.0.1+12-LTS-29) for windows-amd64 JRE (21.0.1+12-LTS-29), built on 2023-10-05T13:27:09Z by "mach5one" with MS VC++ 17.1 (VS2022)

END.
