#
# There is insufficient memory for the Java Runtime Environment to continue.
# Native memory allocation (mmap) failed to map 65536 bytes for Failed to commit metaspace.
# Possible reasons:
#   The system is out of physical RAM or swap space
#   The process is running with CompressedOops enabled, and the Java Heap may be blocking the growth of the native heap
# Possible solutions:
#   Reduce memory load on the system
#   Increase physical memory or swap space
#   Check if swap backing store is full
#   Decrease Java heap size (-Xmx/-Xms)
#   Decrease number of Java threads
#   Decrease Java thread stack sizes (-Xss)
#   Set larger code cache with -XX:ReservedCodeCacheSize=
#   JVM is running with Unscaled Compressed Oops mode in which the Java heap is
#     placed in the first 4GB address space. The Java Heap base address is the
#     maximum limit for the native heap growth. Please use -XX:HeapBaseMinAddress
#     to set the Java Heap base and to place the Java Heap above 4GB virtual address.
# This output file may be truncated or incomplete.
#
#  Out of Memory Error (virtualSpaceNode.cpp:112), pid=11648, tid=2912
#
# JRE version: Java(TM) SE Runtime Environment (21.0.1+12) (build 21.0.1+12-LTS-29)
# Java VM: Java HotSpot(TM) 64-Bit Server VM (21.0.1+12-LTS-29, mixed mode, sharing, tiered, compressed oops, compressed class ptrs, g1 gc, windows-amd64)
# No core dump will be written. Minidumps are not enabled by default on client versions of Windows
#

---------------  S U M M A R Y ------------

Command Line: -Dmaven.multiModuleProjectDirectory=C:\Users\nicol\OneDrive\Escritorio\sprinboot\gesvetnico\GesVet org.apache.maven.wrapper.MavenWrapperMain -Dexec.vmArgs= -Dexec.args=${exec.vmArgs} -classpath %classpath ${exec.mainClass} ${exec.appArgs} -Dexec.executable=C:\Program Files\Java\jdk-21\bin\java.exe -Dexec.mainClass=com.example.gesvet.GesvetApplication -Dexec.classpathScope=runtime -Dexec.appArgs= -Dmaven.ext.class.path=C:\Program Files\NetBeans-20\netbeans\java\maven-nblib\netbeans-eventspy.jar --no-transfer-progress process-classes org.codehaus.mojo:exec-maven-plugin:3.1.0:exec

Host: Intel(R) Celeron(R) CPU  N3060  @ 1.60GHz, 2 cores, 3G,  Windows 10 , 64 bit Build 19041 (10.0.19041.3636)
Time: Wed Feb 21 08:09:39 2024 Hora est. Pacífico, Sudamérica elapsed time: 26.529247 seconds (0d 0h 0m 26s)

---------------  T H R E A D  ---------------

Current thread (0x0000018e9d6fe1f0):  JavaThread "main"             [_thread_in_vm, id=2912, stack(0x000000288ed00000,0x000000288ee00000) (1024K)]

Stack: [0x000000288ed00000,0x000000288ee00000]
Native frames: (J=compiled Java code, j=interpreted, Vv=VM code, C=native code)
V  [jvm.dll+0x6c9029]
V  [jvm.dll+0x854b81]
V  [jvm.dll+0x856e5e]
V  [jvm.dll+0x857543]
V  [jvm.dll+0x280c06]
V  [jvm.dll+0x8508ae]
V  [jvm.dll+0x66ca45]
V  [jvm.dll+0x1e677c]
V  [jvm.dll+0x1e654e]
V  [jvm.dll+0x66f35c]
V  [jvm.dll+0x66f172]
V  [jvm.dll+0x66d41e]
V  [jvm.dll+0x26c581]
V  [jvm.dll+0x2184f7]
V  [jvm.dll+0x20dc4e]
V  [jvm.dll+0x5ac6dc]
V  [jvm.dll+0x7cd7a6]
V  [jvm.dll+0x46fd60]
V  [jvm.dll+0x4759e8]
C  [java.dll+0x17ec]

Java frames: (J=compiled Java code, j=interpreted, Vv=VM code)
J 824  java.lang.ClassLoader.defineClass1(Ljava/lang/ClassLoader;Ljava/lang/String;[BIILjava/security/ProtectionDomain;Ljava/lang/String;)Ljava/lang/Class; java.base@21.0.1 (0 bytes) @ 0x0000018eaf91eb11 [0x0000018eaf91ea40+0x00000000000000d1]
J 901 c1 java.lang.ClassLoader.defineClass(Ljava/lang/String;[BIILjava/security/ProtectionDomain;)Ljava/lang/Class; java.base@21.0.1 (43 bytes) @ 0x0000018ea7fe048c [0x0000018ea7fe0120+0x000000000000036c]
J 823 c1 java.security.SecureClassLoader.defineClass(Ljava/lang/String;[BIILjava/security/CodeSource;)Ljava/lang/Class; java.base@21.0.1 (16 bytes) @ 0x0000018ea7f9729c [0x0000018ea7f971c0+0x00000000000000dc]
J 891 c1 java.net.URLClassLoader.defineClass(Ljava/lang/String;Ljdk/internal/loader/Resource;)Ljava/lang/Class; java.base@21.0.1 (224 bytes) @ 0x0000018ea7fcfe9c [0x0000018ea7fceb40+0x000000000000135c]
J 791 c1 java.net.URLClassLoader$1.run()Ljava/lang/Class; java.base@21.0.1 (81 bytes) @ 0x0000018ea7f86e84 [0x0000018ea7f861e0+0x0000000000000ca4]
J 576 c1 java.net.URLClassLoader$1.run()Ljava/lang/Object; java.base@21.0.1 (5 bytes) @ 0x0000018ea7f1a9d4 [0x0000018ea7f1a940+0x0000000000000094]
J 476 c1 java.security.AccessController.doPrivileged(Ljava/security/PrivilegedExceptionAction;Ljava/security/AccessControlContext;)Ljava/lang/Object; java.base@21.0.1 (26 bytes) @ 0x0000018ea7ed559c [0x0000018ea7ed53a0+0x00000000000001fc]
J 792 c1 java.net.URLClassLoader.findClass(Ljava/lang/String;)Ljava/lang/Class; java.base@21.0.1 (47 bytes) @ 0x0000018ea7f8844c [0x0000018ea7f882a0+0x00000000000001ac]
J 914 c1 org.codehaus.plexus.classworlds.realm.ClassRealm.loadClassFromSelf(Ljava/lang/String;)Ljava/lang/Class; (40 bytes) @ 0x0000018ea7fe98cc [0x0000018ea7fe9520+0x00000000000003ac]
J 887 c1 org.codehaus.plexus.classworlds.strategy.SelfFirstStrategy.loadClass(Ljava/lang/String;)Ljava/lang/Class; (50 bytes) @ 0x0000018ea7fba6ac [0x0000018ea7fba2c0+0x00000000000003ec]
J 846 c1 org.codehaus.plexus.classworlds.realm.ClassRealm.loadClass(Ljava/lang/String;Z)Ljava/lang/Class; (33 bytes) @ 0x0000018ea7fa6b54 [0x0000018ea7fa69e0+0x0000000000000174]
J 615 c1 org.codehaus.plexus.classworlds.realm.ClassRealm.loadClass(Ljava/lang/String;)Ljava/lang/Class; (7 bytes) @ 0x0000018ea7f2bdc4 [0x0000018ea7f2bcc0+0x0000000000000104]
v  ~StubRoutines::call_stub 0x0000018eaf351015
j  java.lang.Class.getDeclaredFields0(Z)[Ljava/lang/reflect/Field;+0 java.base@21.0.1
J 1612 c1 java.lang.Class.privateGetDeclaredFields(Z)[Ljava/lang/reflect/Field; java.base@21.0.1 (64 bytes) @ 0x0000018ea815276c [0x0000018ea81525c0+0x00000000000001ac]
J 1629 c1 java.lang.Class.getDeclaredFields()[Ljava/lang/reflect/Field; java.base@21.0.1 (27 bytes) @ 0x0000018ea8158d94 [0x0000018ea8158c60+0x0000000000000134]
J 1683 c1 com.google.inject.internal.DeclaredMembers.getDeclaredFields(Ljava/lang/Class;)[Ljava/lang/reflect/Field; (52 bytes) @ 0x0000018ea8170184 [0x0000018ea8170120+0x0000000000000064]
J 1630 c1 com.google.inject.spi.InjectionPoint.getInjectionPoints(Lcom/google/inject/TypeLiteral;ZLcom/google/inject/internal/Errors;)Ljava/util/Set; (491 bytes) @ 0x0000018ea8159c1c [0x0000018ea8159660+0x00000000000005bc]
J 1713 c1 com.google.inject.spi.InjectionPoint.forInstanceMethodsAndFields(Lcom/google/inject/TypeLiteral;)Ljava/util/Set; (40 bytes) @ 0x0000018ea817e0a4 [0x0000018ea817dee0+0x00000000000001c4]
j  org.eclipse.sisu.wire.DependencyAnalyzer.analyzeImplementation(Lcom/google/inject/TypeLiteral;Z)Ljava/lang/Boolean;+44
j  org.eclipse.sisu.wire.DependencyAnalyzer.visit(Lcom/google/inject/spi/ProviderInstanceBinding;)Ljava/lang/Boolean;+33
j  org.eclipse.sisu.wire.DependencyAnalyzer.visit(Lcom/google/inject/spi/ProviderInstanceBinding;)Ljava/lang/Object;+5
j  com.google.inject.internal.ProviderInstanceBindingImpl.acceptTargetVisitor(Lcom/google/inject/spi/BindingTargetVisitor;)Ljava/lang/Object;+27
j  org.eclipse.sisu.wire.ElementAnalyzer.visit(Lcom/google/inject/Binding;)Ljava/lang/Void;+43
j  org.eclipse.sisu.wire.ElementAnalyzer.visit(Lcom/google/inject/Binding;)Ljava/lang/Object;+5
j  com.google.inject.internal.BindingImpl.acceptVisitor(Lcom/google/inject/spi/ElementVisitor;)Ljava/lang/Object;+2
j  org.eclipse.sisu.wire.WireModule.configure(Lcom/google/inject/Binder;)V+39
j  com.google.inject.spi.Elements$RecordingBinder.install(Lcom/google/inject/Module;)V+209
j  com.google.inject.spi.Elements.getElements(Lcom/google/inject/Stage;Ljava/lang/Iterable;)Ljava/util/List;+40
j  com.google.inject.internal.InjectorShell$Builder.build(Lcom/google/inject/internal/Initializer;Lcom/google/inject/internal/ProcessedBindingData;Lcom/google/inject/internal/util/ContinuousStopwatch;Lcom/google/inject/internal/Errors;)Ljava/util/List;+163
j  com.google.inject.internal.InternalInjectorCreator.build()Lcom/google/inject/Injector;+48
j  com.google.inject.Guice.createInjector(Lcom/google/inject/Stage;Ljava/lang/Iterable;)Lcom/google/inject/Injector;+15
j  com.google.inject.Guice.createInjector(Ljava/lang/Iterable;)Lcom/google/inject/Injector;+4
j  com.google.inject.Guice.createInjector([Lcom/google/inject/Module;)Lcom/google/inject/Injector;+4
j  org.codehaus.plexus.DefaultPlexusContainer.addPlexusInjector(Ljava/util/List;[Lcom/google/inject/Module;)Lcom/google/inject/Injector;+88
j  org.codehaus.plexus.DefaultPlexusContainer.<init>(Lorg/codehaus/plexus/ContainerConfiguration;[Lcom/google/inject/Module;)V+396
j  org.apache.maven.cli.MavenCli.container(Lorg/apache/maven/cli/CliRequest;)Lorg/codehaus/plexus/PlexusContainer;+279
j  org.apache.maven.cli.MavenCli.doMain(Lorg/apache/maven/cli/CliRequest;)I+34
j  org.apache.maven.cli.MavenCli.main([Ljava/lang/String;Lorg/codehaus/plexus/classworlds/ClassWorld;)I+24
j  java.lang.invoke.DirectMethodHandle$Holder.invokeStatic(Ljava/lang/Object;Ljava/lang/Object;Ljava/lang/Object;)I+11 java.base@21.0.1
j  java.lang.invoke.LambdaForm$MH+0x0000018ebb010000.invoke(Ljava/lang/Object;Ljava/lang/Object;Ljava/lang/Object;Ljava/lang/Object;)Ljava/lang/Object;+54 java.base@21.0.1
j  java.lang.invoke.LambdaForm$MH+0x0000018ebb010400.invokeExact_MT(Ljava/lang/Object;Ljava/lang/Object;Ljava/lang/Object;Ljava/lang/Object;Ljava/lang/Object;)Ljava/lang/Object;+22 java.base@21.0.1
j  jdk.internal.reflect.DirectMethodHandleAccessor.invokeImpl(Ljava/lang/Object;[Ljava/lang/Object;)Ljava/lang/Object;+72 java.base@21.0.1
j  jdk.internal.reflect.DirectMethodHandleAccessor.invoke(Ljava/lang/Object;[Ljava/lang/Object;)Ljava/lang/Object;+23 java.base@21.0.1
j  java.lang.reflect.Method.invoke(Ljava/lang/Object;[Ljava/lang/Object;)Ljava/lang/Object;+102 java.base@21.0.1
j  org.codehaus.plexus.classworlds.launcher.Launcher.launchEnhanced([Ljava/lang/String;)V+45
j  org.codehaus.plexus.classworlds.launcher.Launcher.launch([Ljava/lang/String;)V+2
j  org.codehaus.plexus.classworlds.launcher.Launcher.mainWithExitCode([Ljava/lang/String;)I+108
j  org.codehaus.plexus.classworlds.launcher.Launcher.main([Ljava/lang/String;)V+1
j  java.lang.invoke.LambdaForm$DMH+0x0000018ebb008000.invokeStatic(Ljava/lang/Object;Ljava/lang/Object;)V+10 java.base@21.0.1
j  java.lang.invoke.LambdaForm$MH+0x0000018ebb009400.invoke(Ljava/lang/Object;Ljava/lang/Object;Ljava/lang/Object;)Ljava/lang/Object;+33 java.base@21.0.1
j  java.lang.invoke.Invokers$Holder.invokeExact_MT(Ljava/lang/Object;Ljava/lang/Object;Ljava/lang/Object;Ljava/lang/Object;)Ljava/lang/Object;+20 java.base@21.0.1
j  jdk.internal.reflect.DirectMethodHandleAccessor.invokeImpl(Ljava/lang/Object;[Ljava/lang/Object;)Ljava/lang/Object;+55 java.base@21.0.1
j  jdk.internal.reflect.DirectMethodHandleAccessor.invoke(Ljava/lang/Object;[Ljava/lang/Object;)Ljava/lang/Object;+23 java.base@21.0.1
j  java.lang.reflect.Method.invoke(Ljava/lang/Object;[Ljava/lang/Object;)Ljava/lang/Object;+102 java.base@21.0.1
j  org.apache.maven.wrapper.BootstrapMainStarter.start([Ljava/lang/String;Ljava/nio/file/Path;)V+124
j  org.apache.maven.wrapper.WrapperExecutor.execute([Ljava/lang/String;Lorg/apache/maven/wrapper/Installer;Lorg/apache/maven/wrapper/BootstrapMainStarter;)V+14
j  org.apache.maven.wrapper.MavenWrapperMain.main([Ljava/lang/String;)V+111
v  ~StubRoutines::call_stub 0x0000018eaf351015

Compiled method (n/a)   26860  824     n 0       java.lang.ClassLoader::defineClass1 (native)
 total in heap  [0x0000018eaf91e890,0x0000018eaf91eef0] = 1632
 relocation     [0x0000018eaf91e9f0,0x0000018eaf91ea30] = 64
 main code      [0x0000018eaf91ea40,0x0000018eaf91eeed] = 1197
 stub code      [0x0000018eaf91eeed,0x0000018eaf91eef0] = 3

[Constant Pool (empty)]

[MachCode]
[Entry Point]
  # {method} {0x0000018eba43cb30} 'defineClass1' '(Ljava/lang/ClassLoader;Ljava/lang/String;[BIILjava/security/ProtectionDomain;Ljava/lang/String;)Ljava/lang/Class;' in 'java/lang/ClassLoader'
  # parm0:    rdx:rdx   = 'java/lang/ClassLoader'
  # parm1:    r8:r8     = 'java/lang/String'
  # parm2:    r9:r9     = '[B'
  # parm3:    rdi       = int
  # parm4:    rsi       = int
  # parm5:    rcx:rcx   = 'java/security/ProtectionDomain'
  # parm6:    [sp+0xa0]   = 'java/lang/String'  (sp of caller)
  0x0000018eaf91ea40: 448b 5208 | 49bb 0000 | 00ba 8e01 | 0000 4d03 | d349 3bc2 | 0f84 0600 

  0x0000018eaf91ea58: ;   {runtime_call ic_miss_stub}
  0x0000018eaf91ea58: 0000 e921 | fda7 ff90 
[Verified Entry Point]
  0x0000018eaf91ea60: 8984 2400 | 80ff ff55 | 488b ec48 | 81ec 9000 | 0000 6690 | 4181 7f20 | 0100 0000 

  0x0000018eaf91ea7c: ;   {runtime_call StubRoutines (final stubs)}
  0x0000018eaf91ea7c: 7405 e8fd | 60a6 ff48 | 837d 1000 | 488d 4510 | 480f 4445 | 1048 8944 | 2440 4889 | 4c24 7048 
  0x0000018eaf91ea9c: 83f9 0048 | 8d44 2470 | 480f 4444 | 2470 4889 | 4424 3848 | 8974 2430 | 4889 7c24 | 284c 894c 
  0x0000018eaf91eabc: 2458 4983 | f900 488d | 4424 5848 | 0f44 4424 | 5848 8944 | 2420 4c89 | 4424 5049 | 83f8 004c 
  0x0000018eaf91eadc: 8d4c 2450 | 4c0f 444c | 2450 4889 | 5424 4848 | 83fa 004c | 8d44 2448 | 4c0f 4444 

  0x0000018eaf91eaf8: ;   {oop(a 'java/lang/Class'{0x00000000c175bfd0} = 'java/lang/ClassLoader')}
  0x0000018eaf91eaf8: 2448 49be | d0bf 75c1 | 0000 0000 | 4c89 7424 | 784c 8d74 | 2478 498b 

  0x0000018eaf91eb10: ; ImmutableOopMap {[72]=Oop [80]=Oop [88]=Oop [112]=Oop [120]=Oop [160]=Oop }
                      ;   {section_word}
  0x0000018eaf91eb10: d649 ba11 | eb91 af8e | 0100 004d | 8997 a003 | 0000 4989 | a798 0300 

  0x0000018eaf91eb28: ;   {external_word}
  0x0000018eaf91eb28: 0049 bac9 | 251a 2eff | 7f00 0041 | 803a 000f | 844e 0000 | 0052 4150 

  0x0000018eaf91eb40: ;   {metadata({method} {0x0000018eba43cb30} 'defineClass1' '(Ljava/lang/ClassLoader;Ljava/lang/String;[BIILjava/security/ProtectionDomain;Ljava/lang/String;)Ljava/lang/Class;' in 'java/lang/ClassLoader')}
  0x0000018eaf91eb40: 4151 48ba | 28cb 43ba | 8e01 0000 | 498b cf48 | 83ec 2040 | f6c4 0f0f | 8419 0000 | 0048 83ec 
  0x0000018eaf91eb60: ;   {runtime_call}
  0x0000018eaf91eb60: 0848 b830 | ebca 2dff | 7f00 00ff | d048 83c4 | 08e9 0c00 

  0x0000018eaf91eb74: ;   {runtime_call}
  0x0000018eaf91eb74: 0000 48b8 | 30eb ca2d | ff7f 0000 | ffd0 4883 | c420 4159 | 4158 5a49 | 8d8f b803 | 0000 41c7 
  0x0000018eaf91eb94: 874c 0400 | 0004 0000 

  0x0000018eaf91eb9c: ;   {runtime_call}
  0x0000018eaf91eb9c: 0048 b8ac | 16d4 45ff | 7f00 00ff | d041 c787 | 4c04 0000 | 0500 0000 | f083 4424 | c000 493b 
  0x0000018eaf91ebbc: af50 0400 | 000f 870e | 0000 0041 | 83bf 4804 | 0000 000f | 8428 0000 | 0048 8945 | f849 8bcf 
  0x0000018eaf91ebdc: 4c8b e448 | 83ec 2048 

  0x0000018eaf91ebe4: ;   {runtime_call}
  0x0000018eaf91ebe4: 83e4 f048 | b8c0 be96 | 2dff 7f00 | 00ff d049 | 8be4 4d33 | e448 8b45 | f841 c787 | 4c04 0000 
  0x0000018eaf91ec04: 0800 0000 | 4183 bfc8 | 0400 0002 | 0f84 ad02 

  0x0000018eaf91ec14: ;   {external_word}
  0x0000018eaf91ec14: 0000 49ba | c925 1a2e | ff7f 0000 | 4180 3a00 | 0f84 4c00 | 0000 4889 

  0x0000018eaf91ec2c: ;   {metadata({method} {0x0000018eba43cb30} 'defineClass1' '(Ljava/lang/ClassLoader;Ljava/lang/String;[BIILjava/security/ProtectionDomain;Ljava/lang/String;)Ljava/lang/Class;' in 'java/lang/ClassLoader')}
  0x0000018eaf91ec2c: 45f8 48ba | 28cb 43ba | 8e01 0000 | 498b cf48 | 83ec 2040 | f6c4 0f0f | 8419 0000 | 0048 83ec 
  0x0000018eaf91ec4c: ;   {runtime_call}
  0x0000018eaf91ec4c: 0848 b830 | ebca 2dff | 7f00 00ff | d048 83c4 | 08e9 0c00 

  0x0000018eaf91ec60: ;   {runtime_call}
  0x0000018eaf91ec60: 0000 48b8 | 30eb ca2d | ff7f 0000 | ffd0 4883 | c420 488b | 45f8 49c7 | 8798 0300 | 0000 0000 
  0x0000018eaf91ec80: 0049 c787 | a003 0000 | 0000 0000 | 4885 c00f | 840b 0200 | 00a8 030f | 8508 0000 | 0048 8b00 
  0x0000018eaf91eca0: e9fb 0100 | 00a8 010f | 8509 0000 | 0048 8b40 | fee9 ea01 | 0000 488b | 40ff 4180 | 7f40 000f 
  0x0000018eaf91ecc0: 84db 0100 | 0048 83f8 | 000f 84d1 | 0100 0049 | 8b4f 2848 | 83f9 000f | 8414 0000 | 0048 83e9 
  0x0000018eaf91ece0: 0849 894f | 2849 034f | 3848 8901 | e9af 0100 | 0048 81ec | d000 0000 | 4889 0424 | 4889 4c24 
  0x0000018eaf91ed00: 0848 8954 | 2410 4889 | 7424 1848 | 897c 2420 | 4c89 4424 | 284c 894c | 2430 4c89 | 5424 384c 
  0x0000018eaf91ed20: 895c 2440 | f20f 1144 | 2450 f20f | 114c 2458 | f20f 1154 | 2460 f20f | 115c 2468 | f20f 1164 
  0x0000018eaf91ed40: 2470 f20f | 116c 2478 | f20f 11b4 | 2480 0000 | 00f2 0f11 | bc24 8800 | 0000 f244 | 0f11 8424 
  0x0000018eaf91ed60: ;   {no_reloc}
  0x0000018eaf91ed60: 9000 0000 | f244 0f11 | 8c24 9800 | 0000 f244 | 0f11 9424 | a000 0000 | f244 0f11 | 9c24 a800 
  0x0000018eaf91ed80: 0000 f244 | 0f11 a424 | b000 0000 | f244 0f11 | ac24 b800 | 0000 f244 | 0f11 b424 | c000 0000 
  0x0000018eaf91eda0: f244 0f11 | bc24 c800 | 0000 498b | d748 8bc8 | 4883 ec20 | 40f6 c40f | 0f84 1900 | 0000 4883 
  0x0000018eaf91edc0: ;   {runtime_call}
  0x0000018eaf91edc0: ec08 48b8 | b022 8a2d | ff7f 0000 | ffd0 4883 | c408 e90c 

  0x0000018eaf91edd4: ;   {runtime_call}
  0x0000018eaf91edd4: 0000 0048 | b8b0 228a | 2dff 7f00 | 00ff d048 | 83c4 20f2 | 440f 10bc | 24c8 0000 | 00f2 440f 
  0x0000018eaf91edf4: 10b4 24c0 | 0000 00f2 | 440f 10ac | 24b8 0000 | 00f2 440f | 10a4 24b0 | 0000 00f2 | 440f 109c 
  0x0000018eaf91ee14: 24a8 0000 | 00f2 440f | 1094 24a0 | 0000 00f2 | 440f 108c | 2498 0000 | 00f2 440f | 1084 2490 
  0x0000018eaf91ee34: 0000 00f2 | 0f10 bc24 | 8800 0000 | f20f 10b4 | 2480 0000 | 00f2 0f10 | 6c24 78f2 | 0f10 6424 
  0x0000018eaf91ee54: 70f2 0f10 | 5c24 68f2 | 0f10 5424 | 60f2 0f10 | 4c24 58f2 | 0f10 4424 | 504c 8b5c | 2440 4c8b 
  0x0000018eaf91ee74: 5424 384c | 8b4c 2430 | 4c8b 4424 | 2848 8b7c | 2420 488b | 7424 1848 | 8b54 2410 | 488b 4c24 
  0x0000018eaf91ee94: 0848 8b04 | 2448 81c4 | d000 0000 | 498b 8f28 | 0400 00c7 | 8100 0100 | 0000 0000 | 00c9 4983 
  0x0000018eaf91eeb4: 7f08 000f | 8501 0000 

  0x0000018eaf91eebc: ;   {runtime_call StubRoutines (initial stubs)}
  0x0000018eaf91eebc: 00c3 e93d | 20a3 ff48 | 8945 f84c | 8be4 4883 | ec20 4883 

  0x0000018eaf91eed0: ;   {runtime_call}
  0x0000018eaf91eed0: e4f0 48b8 | 6023 cb2d | ff7f 0000 | ffd0 498b | e44d 33e4 | 488b 45f8 | e929 fdff | fff4 f4f4 
[/MachCode]


Compiled method (c1)   26953  901       3       java.lang.ClassLoader::defineClass (43 bytes)
 total in heap  [0x0000018ea7fdff10,0x0000018ea7fe0878] = 2408
 relocation     [0x0000018ea7fe0070,0x0000018ea7fe0110] = 160
 main code      [0x0000018ea7fe0120,0x0000018ea7fe05d0] = 1200
 stub code      [0x0000018ea7fe05d0,0x0000018ea7fe0648] = 120
 metadata       [0x0000018ea7fe0648,0x0000018ea7fe0678] = 48
 scopes data    [0x0000018ea7fe0678,0x0000018ea7fe0768] = 240
 scopes pcs     [0x0000018ea7fe0768,0x0000018ea7fe0848] = 224
 dependencies   [0x0000018ea7fe0848,0x0000018ea7fe0850] = 8
 nul chk table  [0x0000018ea7fe0850,0x0000018ea7fe0878] = 40

[Constant Pool (empty)]

[MachCode]
[Entry Point]
  # {method} {0x0000018eba43ceb0} 'defineClass' '(Ljava/lang/String;[BIILjava/security/ProtectionDomain;)Ljava/lang/Class;' in 'java/lang/ClassLoader'
  # this:     rdx:rdx   = 'java/lang/ClassLoader'
  # parm0:    r8:r8     = 'java/lang/String'
  # parm1:    r9:r9     = '[B'
  # parm2:    rdi       = int
  # parm3:    rsi       = int
  # parm4:    rcx:rcx   = 'java/security/ProtectionDomain'
  #           [sp+0xc0]  (sp of caller)
  0x0000018ea7fe0120: 448b 5208 | 49bb 0000 | 00ba 8e01 | 0000 4d03 | d34c 3bd0 

  0x0000018ea7fe0134: ;   {runtime_call ic_miss_stub}
  0x0000018ea7fe0134: 0f85 46e6 | 3b07 660f | 1f44 0000 
[Verified Entry Point]
  0x0000018ea7fe0140: 8984 2400 | 80ff ff55 | 4881 ecb0 | 0000 0090 | 4181 7f20 | 0100 0000 

  0x0000018ea7fe0158: ;   {runtime_call StubRoutines (final stubs)}
  0x0000018ea7fe0158: 7405 e821 | 4a3a 0748 | 8954 2478 

  0x0000018ea7fe0164: ;   {metadata(method data for {method} {0x0000018eba43ceb0} 'defineClass' '(Ljava/lang/String;[BIILjava/security/ProtectionDomain;)Ljava/lang/Class;' in 'java/lang/ClassLoader')}
  0x0000018ea7fe0164: 48bb a8d3 | 1980 8e01 | 0000 8b83 | cc00 0000 | 83c0 0289 | 83cc 0000 | 0025 fe07 | 0000 83f8 
  0x0000018ea7fe0184: 000f 8467 | 0300 0089 | b424 9400 | 0000 89bc | 2490 0000 | 004c 898c | 2488 0000 | 0048 8bda 
  0x0000018ea7fe01a4: ;   {metadata(method data for {method} {0x0000018eba43ceb0} 'defineClass' '(Ljava/lang/String;[BIILjava/security/ProtectionDomain;)Ljava/lang/Class;' in 'java/lang/ClassLoader')}
  0x0000018ea7fe01a4: 48b8 a8d3 | 1980 8e01 | 0000 4883 | 8010 0100 | 0001 498b | d84c 8bc3 | 4c8b c948 | 8bca 488b 
  0x0000018ea7fe01c4: d148 899c | 2480 0000 

  0x0000018ea7fe01cc: ;   {optimized virtual_call}
  0x0000018ea7fe01cc: 0066 90e8 

  0x0000018ea7fe01d0: ; ImmutableOopMap {[120]=Oop [128]=Oop [136]=Oop }
                      ;*invokevirtual preDefineClass {reexecute=0 rethrow=0 return_oop=0}
                      ; - java.lang.ClassLoader::defineClass@4 (line 1025)
  0x0000018ea7fe01d0: 4cf1 faff 

  0x0000018ea7fe01d4: ;   {other}
  0x0000018ea7fe01d4: 0f1f 8400 | c402 0000 | 4889 8424 | 9800 0000 | 488b 5424 

  0x0000018ea7fe01e8: ;   {metadata(method data for {method} {0x0000018eba43ceb0} 'defineClass' '(Ljava/lang/String;[BIILjava/security/ProtectionDomain;)Ljava/lang/Class;' in 'java/lang/ClassLoader')}
  0x0000018ea7fe01e8: 7849 b8a8 | d319 808e | 0100 0049 | 8380 4801 

  0x0000018ea7fe01f8: ;   {metadata(method data for {method} {0x0000018eba43cb98} 'defineClassSourceLocation' '(Ljava/security/ProtectionDomain;)Ljava/lang/String;' in 'java/lang/ClassLoader')}
  0x0000018ea7fe01f8: 0000 0149 | b840 a219 | 808e 0100 | 0041 8b90 | cc00 0000 | 83c2 0241 | 8990 cc00 | 0000 81e2 
  0x0000018ea7fe0218: feff 1f00 | 83fa 000f | 84ee 0200 | 0048 3b00 

  0x0000018ea7fe0228: ;   {metadata(method data for {method} {0x0000018eba43cb98} 'defineClassSourceLocation' '(Ljava/security/ProtectionDomain;)Ljava/lang/String;' in 'java/lang/ClassLoader')}
  0x0000018ea7fe0228: 4c8b c048 | ba40 a219 | 808e 0100 | 0048 8382 | 1001 0000 | 0144 8b40 | 1049 83f8 

  0x0000018ea7fe0244: ;   {metadata(method data for {method} {0x0000018eba43cb98} 'defineClassSourceLocation' '(Ljava/security/ProtectionDomain;)Ljava/lang/String;' in 'java/lang/ClassLoader')}
  0x0000018ea7fe0244: 0048 ba40 | a219 808e | 0100 0048 | be58 0100 | 0000 0000 | 000f 850a | 0000 0048 | be48 0100 
  0x0000018ea7fe0264: 0000 0000 | 0048 8b3c | 3248 8d7f | 0148 893c | 320f 850f 

  0x0000018ea7fe0278: ;   {oop(nullptr)}
  0x0000018ea7fe0278: 0000 0048 | bb00 0000 | 0000 0000 | 00e9 ad01 | 0000 493b | 0049 8bd0 

  0x0000018ea7fe0290: ;   {metadata(method data for {method} {0x0000018eba43cb98} 'defineClassSourceLocation' '(Ljava/security/ProtectionDomain;)Ljava/lang/String;' in 'java/lang/ClassLoader')}
  0x0000018ea7fe0290: 48be 40a2 | 1980 8e01 | 0000 4883 | 8668 0100 | 0001 418b | 500c 4883 

  0x0000018ea7fe02a8: ;   {metadata(method data for {method} {0x0000018eba43cb98} 'defineClassSourceLocation' '(Ljava/security/ProtectionDomain;)Ljava/lang/String;' in 'java/lang/ClassLoader')}
  0x0000018ea7fe02a8: fa00 48be | 40a2 1980 | 8e01 0000 | 48bf b001 | 0000 0000 | 0000 0f85 | 0a00 0000 | 48bf a001 
  0x0000018ea7fe02c8: 0000 0000 | 0000 488b | 1c3e 488d | 5b01 4889 | 1c3e 0f85 | 0f00 0000 

  0x0000018ea7fe02e0: ;   {oop(nullptr)}
  0x0000018ea7fe02e0: 48bb 0000 | 0000 0000 | 0000 e948 

  0x0000018ea7fe02ec: ;   {metadata(method data for {method} {0x0000018eba43cb98} 'defineClassSourceLocation' '(Ljava/security/ProtectionDomain;)Ljava/lang/String;' in 'java/lang/ClassLoader')}
  0x0000018ea7fe02ec: 0100 0048 | be40 a219 | 808e 0100 | 0048 8386 | c001 0000 | 0148 3b02 

  0x0000018ea7fe0304: ;   {metadata(method data for {method} {0x0000018eba43cb98} 'defineClassSourceLocation' '(Ljava/security/ProtectionDomain;)Ljava/lang/String;' in 'java/lang/ClassLoader')}
  0x0000018ea7fe0304: 4c8b c248 | be40 a219 | 808e 0100 | 0048 8386 | f801 0000 

  0x0000018ea7fe0318: ;   {metadata(method data for {method} {0x0000018eba01aa98} 'toString' '()Ljava/lang/String;' in 'java/net/URL')}
  0x0000018ea7fe0318: 0149 b878 | 2016 808e | 0100 0041 | 8bb0 cc00 | 0000 83c6 | 0241 89b0 | cc00 0000 | 81e6 feff 
  0x0000018ea7fe0338: 1f00 83fe | 000f 8400 | 0200 004c 

  0x0000018ea7fe0344: ;   {metadata(method data for {method} {0x0000018eba01aa98} 'toString' '()Ljava/lang/String;' in 'java/net/URL')}
  0x0000018ea7fe0344: 8bc2 48be | 7820 1680 | 8e01 0000 | 4883 8610 | 0100 0001 

  0x0000018ea7fe0358: ;   {metadata(method data for {method} {0x0000018eba4307b8} 'toExternalForm' '()Ljava/lang/String;' in 'java/net/URL')}
  0x0000018ea7fe0358: 49b8 0022 | 1680 8e01 | 0000 418b | b0cc 0000 | 0083 c602 | 4189 b0cc | 0000 0081 | e6fe ff1f 
  0x0000018ea7fe0378: 0083 fe00 | 0f84 e201 | 0000 8b72 | 3848 3b06 

  0x0000018ea7fe0388: ;   {metadata(method data for {method} {0x0000018eba4307b8} 'toExternalForm' '()Ljava/lang/String;' in 'java/net/URL')}
  0x0000018ea7fe0388: 4c8b c648 | bf00 2216 | 808e 0100 | 0045 8b40 | 0849 ba00 | 0000 ba8e | 0100 004d | 03c2 4c3b 
  0x0000018ea7fe03a8: 8720 0100 | 0075 0d48 | 8387 2801 | 0000 01e9 | 6000 0000 | 4c3b 8730 | 0100 0075 | 0d48 8387 
  0x0000018ea7fe03c8: 3801 0000 | 01e9 4a00 | 0000 4883 | bf20 0100 | 0000 7517 | 4c89 8720 | 0100 0048 | c787 2801 
  0x0000018ea7fe03e8: 0000 0100 | 0000 e929 | 0000 0048 | 83bf 3001 | 0000 0075 | 174c 8987 | 3001 0000 | 48c7 8738 
  0x0000018ea7fe0408: 0100 0001 | 0000 00e9 | 0800 0000 | 4883 8710 | 0100 0001 | 4c8b c248 | 8bd6 0f1f 

  0x0000018ea7fe0424: ;   {optimized virtual_call}
  0x0000018ea7fe0424: 4400 00e8 

  0x0000018ea7fe0428: ; ImmutableOopMap {[120]=Oop [128]=Oop [136]=Oop [152]=Oop }
                      ;*invokevirtual toExternalForm {reexecute=0 rethrow=0 return_oop=0}
                      ; - java.net.URL::toExternalForm@5 (line 1203)
                      ; - java.net.URL::toString@1 (line 1189)
                      ; - java.lang.ClassLoader::defineClassSourceLocation@22 (line 927)
                      ; - java.lang.ClassLoader::defineClass@12 (line 1026)
  0x0000018ea7fe0428: 74c5 f1ff 

  0x0000018ea7fe042c: ;   {other}
  0x0000018ea7fe042c: 0f1f 8400 | 1c05 0001 | 488b d848 | 8b84 2498 | 0000 008b | b424 9400 | 0000 8bbc | 2490 0000 
  0x0000018ea7fe044c: 004c 8b8c | 2488 0000 | 004c 8b84 | 2480 0000 | 0048 8b54 

  0x0000018ea7fe0460: ;   {metadata(method data for {method} {0x0000018eba43ceb0} 'defineClass' '(Ljava/lang/String;[BIILjava/security/ProtectionDomain;)Ljava/lang/Class;' in 'java/lang/ClassLoader')}
  0x0000018ea7fe0460: 2478 48b9 | a8d3 1980 | 8e01 0000 | 4883 8180 | 0100 0001 | 4c8b da49 | 8bd3 488b | c848 891c 
  0x0000018ea7fe0480: 2466 0f1f 

  0x0000018ea7fe0484: ;   {static_call}
  0x0000018ea7fe0484: 4400 00e8 

  0x0000018ea7fe0488: ; ImmutableOopMap {[120]=Oop [152]=Oop }
                      ;*invokestatic defineClass1 {reexecute=0 rethrow=0 return_oop=0}
                      ; - java.lang.ClassLoader::defineClass@27 (line 1027)
  0x0000018ea7fe0488: d4e5 9307 

  0x0000018ea7fe048c: ;   {other}
  0x0000018ea7fe048c: 0f1f 8400 | 7c05 0002 | 488b 5424 

  0x0000018ea7fe0498: ;   {metadata(method data for {method} {0x0000018eba43ceb0} 'defineClass' '(Ljava/lang/String;[BIILjava/security/ProtectionDomain;)Ljava/lang/Class;' in 'java/lang/ClassLoader')}
  0x0000018ea7fe0498: 7849 b8a8 | d319 808e | 0100 0049 | 8380 9001 | 0000 014c | 8bc0 4c8b | 8c24 9800 | 0000 488b 
  0x0000018ea7fe04b8: 5424 7848 | 8984 24a0 | 0000 000f 

  0x0000018ea7fe04c4: ;   {optimized virtual_call}
  0x0000018ea7fe04c4: 1f40 00e8 

  0x0000018ea7fe04c8: ; ImmutableOopMap {[160]=Oop }
                      ;*invokevirtual postDefineClass {reexecute=0 rethrow=0 return_oop=0}
                      ; - java.lang.ClassLoader::defineClass@37 (line 1028)
  0x0000018ea7fe04c8: 541b fbff 

  0x0000018ea7fe04cc: ;   {other}
  0x0000018ea7fe04cc: 0f1f 8400 | bc05 0003 | 488b 8424 | a000 0000 | 4881 c4b0 | 0000 005d 

  0x0000018ea7fe04e4: ;   {poll_return}
  0x0000018ea7fe04e4: 493b a750 | 0400 000f | 8799 0000 

  0x0000018ea7fe04f0: ;   {metadata({method} {0x0000018eba43ceb0} 'defineClass' '(Ljava/lang/String;[BIILjava/security/ProtectionDomain;)Ljava/lang/Class;' in 'java/lang/ClassLoader')}
  0x0000018ea7fe04f0: 00c3 49ba | a8ce 43ba | 8e01 0000 | 4c89 5424 | 0848 c704 | 24ff ffff 

  0x0000018ea7fe0508: ;   {runtime_call counter_overflow Runtime1 stub}
  0x0000018ea7fe0508: ffe8 f27a 

  0x0000018ea7fe050c: ; ImmutableOopMap {rdx=Oop r8=Oop r9=Oop rcx=Oop [120]=Oop }
                      ;*synchronization entry
                      ; - java.lang.ClassLoader::defineClass@-1 (line 1025)
  0x0000018ea7fe050c: 4907 e978 

  0x0000018ea7fe0510: ;   {metadata({method} {0x0000018eba43cb98} 'defineClassSourceLocation' '(Ljava/security/ProtectionDomain;)Ljava/lang/String;' in 'java/lang/ClassLoader')}
  0x0000018ea7fe0510: fcff ff49 | ba90 cb43 | ba8e 0100 | 004c 8954 | 2408 48c7 | 0424 ffff 

  0x0000018ea7fe0528: ;   {runtime_call counter_overflow Runtime1 stub}
  0x0000018ea7fe0528: ffff e8d1 

  0x0000018ea7fe052c: ; ImmutableOopMap {rax=Oop [120]=Oop [128]=Oop [136]=Oop [152]=Oop }
                      ;*synchronization entry
                      ; - java.lang.ClassLoader::defineClassSourceLocation@-1 (line 924)
                      ; - java.lang.ClassLoader::defineClass@12 (line 1026)
  0x0000018ea7fe052c: 7a49 07e9 | f1fc ffff 

  0x0000018ea7fe0534: ;   {runtime_call throw_null_pointer_exception Runtime1 stub}
  0x0000018ea7fe0534: e8c7 2949 

  0x0000018ea7fe0538: ; ImmutableOopMap {rax=Oop [120]=Oop [128]=Oop [136]=Oop [152]=Oop }
                      ;*invokevirtual getCodeSource {reexecute=0 rethrow=0 return_oop=0}
                      ; - java.lang.ClassLoader::defineClassSourceLocation@1 (line 924)
                      ; - java.lang.ClassLoader::defineClass@12 (line 1026)
                      ;   {runtime_call throw_null_pointer_exception Runtime1 stub}
  0x0000018ea7fe0538: 07e8 c229 

  0x0000018ea7fe053c: ; ImmutableOopMap {rax=Oop r8=Oop [120]=Oop [128]=Oop [136]=Oop [152]=Oop }
                      ;*invokevirtual getLocation {reexecute=0 rethrow=0 return_oop=0}
                      ; - java.lang.ClassLoader::defineClassSourceLocation@12 (line 926)
                      ; - java.lang.ClassLoader::defineClass@12 (line 1026)
                      ;   {runtime_call throw_null_pointer_exception Runtime1 stub}
  0x0000018ea7fe053c: 4907 e8bd 

  0x0000018ea7fe0540: ; ImmutableOopMap {rdx=Oop [120]=Oop [128]=Oop [136]=Oop [152]=Oop }
                      ;*invokevirtual toString {reexecute=0 rethrow=0 return_oop=0}
                      ; - java.lang.ClassLoader::defineClassSourceLocation@22 (line 927)
                      ; - java.lang.ClassLoader::defineClass@12 (line 1026)
                      ;   {metadata({method} {0x0000018eba01aa98} 'toString' '()Ljava/lang/String;' in 'java/net/URL')}
  0x0000018ea7fe0540: 2949 0749 | ba90 aa01 | ba8e 0100 | 004c 8954 | 2408 48c7 | 0424 ffff 

  0x0000018ea7fe0558: ;   {runtime_call counter_overflow Runtime1 stub}
  0x0000018ea7fe0558: ffff e8a1 

  0x0000018ea7fe055c: ; ImmutableOopMap {rdx=Oop [120]=Oop [128]=Oop [136]=Oop [152]=Oop }
                      ;*synchronization entry
                      ; - java.net.URL::toString@-1 (line 1189)
                      ; - java.lang.ClassLoader::defineClassSourceLocation@22 (line 927)
                      ; - java.lang.ClassLoader::defineClass@12 (line 1026)
  0x0000018ea7fe055c: 7a49 07e9 | dffd ffff 

  0x0000018ea7fe0564: ;   {metadata({method} {0x0000018eba4307b8} 'toExternalForm' '()Ljava/lang/String;' in 'java/net/URL')}
  0x0000018ea7fe0564: 49ba b007 | 43ba 8e01 | 0000 4c89 | 5424 0848 | c704 24ff 

  0x0000018ea7fe0578: ;   {runtime_call counter_overflow Runtime1 stub}
  0x0000018ea7fe0578: ffff ffe8 

  0x0000018ea7fe057c: ; ImmutableOopMap {rdx=Oop [120]=Oop [128]=Oop [136]=Oop [152]=Oop }
                      ;*synchronization entry
                      ; - java.net.URL::toExternalForm@-1 (line 1203)
                      ; - java.net.URL::toString@1 (line 1189)
                      ; - java.lang.ClassLoader::defineClassSourceLocation@22 (line 927)
                      ; - java.lang.ClassLoader::defineClass@12 (line 1026)
  0x0000018ea7fe057c: 807a 4907 | e9fd fdff 

  0x0000018ea7fe0584: ;   {runtime_call throw_null_pointer_exception Runtime1 stub}
  0x0000018ea7fe0584: ffe8 7629 

  0x0000018ea7fe0588: ; ImmutableOopMap {rdx=Oop rsi=Oop [120]=Oop [128]=Oop [136]=Oop [152]=Oop }
                      ;*invokevirtual toExternalForm {reexecute=0 rethrow=0 return_oop=0}
                      ; - java.net.URL::toExternalForm@5 (line 1203)
                      ; - java.net.URL::toString@1 (line 1189)
                      ; - java.lang.ClassLoader::defineClassSourceLocation@22 (line 927)
                      ; - java.lang.ClassLoader::defineClass@12 (line 1026)
                      ;   {internal_word}
  0x0000018ea7fe0588: 4907 49ba | e404 fea7 | 8e01 0000 | 4d89 9768 

  0x0000018ea7fe0598: ;   {runtime_call SafepointBlob}
  0x0000018ea7fe0598: 0400 00e9 | e04c 3c07 | 498b 8700 | 0500 0049 | c787 0005 | 0000 0000 | 0000 49c7 | 8708 0500 
  0x0000018ea7fe05b8: 0000 0000 | 0048 81c4 | b000 0000 

  0x0000018ea7fe05c4: ;   {runtime_call unwind_exception Runtime1 stub}
  0x0000018ea7fe05c4: 5de9 361a | 4907 f4f4 | f4f4 f4f4 
[Stub Code]
  0x0000018ea7fe05d0: ;   {no_reloc}
  0x0000018ea7fe05d0: 0f1f 4400 

  0x0000018ea7fe05d4: ;   {static_stub}
  0x0000018ea7fe05d4: 0048 bb00 | 0000 0000 

  0x0000018ea7fe05dc: ;   {runtime_call}
  0x0000018ea7fe05dc: 0000 00e9 | fbff ffff 

  0x0000018ea7fe05e4: ;   {static_stub}
  0x0000018ea7fe05e4: 48bb 0000 | 0000 0000 

  0x0000018ea7fe05ec: ;   {runtime_call}
  0x0000018ea7fe05ec: 0000 e9fb 

  0x0000018ea7fe05f0: ;   {static_stub}
  0x0000018ea7fe05f0: ffff ff48 | bb00 0000 | 0000 0000 

  0x0000018ea7fe05fc: ;   {runtime_call}
  0x0000018ea7fe05fc: 00e9 fbff 

  0x0000018ea7fe0600: ;   {static_stub}
  0x0000018ea7fe0600: ffff 48bb | 0000 0000 | 0000 0000 

  0x0000018ea7fe060c: ;   {runtime_call}
  0x0000018ea7fe060c: e9fb ffff 

  0x0000018ea7fe0610: ;   {runtime_call handle_exception_from_callee Runtime1 stub}
  0x0000018ea7fe0610: ffe8 ea46 

  0x0000018ea7fe0614: ;   {external_word}
  0x0000018ea7fe0614: 4907 48b9 | 0028 f22d | ff7f 0000 | 4883 e4f0 

  0x0000018ea7fe0624: ;   {runtime_call}
  0x0000018ea7fe0624: 48b8 e00f | ba2d ff7f | 0000 ffd0 

  0x0000018ea7fe0630: ;   {section_word}
  0x0000018ea7fe0630: f449 ba31 | 06fe a78e | 0100 0041 

  0x0000018ea7fe063c: ;   {runtime_call DeoptimizationBlob}
  0x0000018ea7fe063c: 52e9 5e45 | 3c07 f4f4 | f4f4 f4f4 
[/MachCode]


Compiled method (c1)   27193  823       3       java.security.SecureClassLoader::defineClass (16 bytes)
 total in heap  [0x0000018ea7f97010,0x0000018ea7f97410] = 1024
 relocation     [0x0000018ea7f97170,0x0000018ea7f971c0] = 80
 main code      [0x0000018ea7f971c0,0x0000018ea7f97318] = 344
 stub code      [0x0000018ea7f97318,0x0000018ea7f97368] = 80
 metadata       [0x0000018ea7f97368,0x0000018ea7f97370] = 8
 scopes data    [0x0000018ea7f97370,0x0000018ea7f973b8] = 72
 scopes pcs     [0x0000018ea7f973b8,0x0000018ea7f97408] = 80
 dependencies   [0x0000018ea7f97408,0x0000018ea7f97410] = 8

[Constant Pool (empty)]

[MachCode]
[Entry Point]
  # {method} {0x0000018eba04d810} 'defineClass' '(Ljava/lang/String;[BIILjava/security/CodeSource;)Ljava/lang/Class;' in 'java/security/SecureClassLoader'
  # this:     rdx:rdx   = 'java/security/SecureClassLoader'
  # parm0:    r8:r8     = 'java/lang/String'
  # parm1:    r9:r9     = '[B'
  # parm2:    rdi       = int
  # parm3:    rsi       = int
  # parm4:    rcx:rcx   = 'java/security/CodeSource'
  #           [sp+0x80]  (sp of caller)
  0x0000018ea7f971c0: 448b 5208 | 49bb 0000 | 00ba 8e01 | 0000 4d03 | d34c 3bd0 

  0x0000018ea7f971d4: ;   {runtime_call ic_miss_stub}
  0x0000018ea7f971d4: 0f85 a675 | 4007 660f | 1f44 0000 
[Verified Entry Point]
  0x0000018ea7f971e0: 8984 2400 | 80ff ff55 | 4883 ec70 | 4181 7f20 | 0100 0000 

  0x0000018ea7f971f4: ;   {runtime_call StubRoutines (final stubs)}
  0x0000018ea7f971f4: 7405 e885 

  0x0000018ea7f971f8: ;   {metadata(method data for {method} {0x0000018eba04d810} 'defineClass' '(Ljava/lang/String;[BIILjava/security/CodeSource;)Ljava/lang/Class;' in 'java/security/SecureClassLoader')}
  0x0000018ea7f971f8: d93e 0748 | bbc0 d119 | 808e 0100 | 008b 83cc | 0000 0083 | c002 8983 | cc00 0000 | 25fe 0700 
  0x0000018ea7f97218: 0083 f800 | 0f84 9500 | 0000 8974 | 245c 897c | 2458 4c89 | 4c24 504c | 8944 2448 

  0x0000018ea7f97234: ;   {metadata(method data for {method} {0x0000018eba04d810} 'defineClass' '(Ljava/lang/String;[BIILjava/security/CodeSource;)Ljava/lang/Class;' in 'java/security/SecureClassLoader')}
  0x0000018ea7f97234: 488b da48 | b8c0 d119 | 808e 0100 | 0048 8380 | 1001 0000 | 014c 8bc1 | 488b c248 | 8bd0 4889 
  0x0000018ea7f97254: ;   {optimized virtual_call}
  0x0000018ea7f97254: 4424 40e8 

  0x0000018ea7f97258: ; ImmutableOopMap {[64]=Oop [72]=Oop [80]=Oop }
                      ;*invokevirtual getProtectionDomain {reexecute=0 rethrow=0 return_oop=0}
                      ; - java.security.SecureClassLoader::defineClass@9 (line 150)
  0x0000018ea7f97258: 4470 ffff 

  0x0000018ea7f9725c: ;   {other}
  0x0000018ea7f9725c: 0f1f 8400 | 4c02 0000 | 488b 5424 

  0x0000018ea7f97268: ;   {metadata(method data for {method} {0x0000018eba04d810} 'defineClass' '(Ljava/lang/String;[BIILjava/security/CodeSource;)Ljava/lang/Class;' in 'java/security/SecureClassLoader')}
  0x0000018ea7f97268: 4049 b8c0 | d119 808e | 0100 0049 | 8380 4801 | 0000 014c | 8b44 2448 | 4c8b 4c24 | 508b 7c24 
  0x0000018ea7f97288: 588b 7424 | 5c48 8bc8 | 488b 5424 

  0x0000018ea7f97294: ;   {optimized virtual_call}
  0x0000018ea7f97294: 4066 90e8 

  0x0000018ea7f97298: ; ImmutableOopMap {}
                      ;*invokevirtual defineClass {reexecute=0 rethrow=0 return_oop=0}
                      ; - java.security.SecureClassLoader::defineClass@12 (line 150)
  0x0000018ea7f97298: a48e 0400 

  0x0000018ea7f9729c: ;   {other}
  0x0000018ea7f9729c: 0f1f 8400 | 8c02 0001 | 4883 c470 

  0x0000018ea7f972a8: ;   {poll_return}
  0x0000018ea7f972a8: 5d49 3ba7 | 5004 0000 | 0f87 2200 

  0x0000018ea7f972b4: ;   {metadata({method} {0x0000018eba04d810} 'defineClass' '(Ljava/lang/String;[BIILjava/security/CodeSource;)Ljava/lang/Class;' in 'java/security/SecureClassLoader')}
  0x0000018ea7f972b4: 0000 c349 | ba08 d804 | ba8e 0100 | 004c 8954 | 2408 48c7 | 0424 ffff 

  0x0000018ea7f972cc: ;   {runtime_call counter_overflow Runtime1 stub}
  0x0000018ea7f972cc: ffff e82d 

  0x0000018ea7f972d0: ; ImmutableOopMap {rdx=Oop r8=Oop r9=Oop rcx=Oop }
                      ;*synchronization entry
                      ; - java.security.SecureClassLoader::defineClass@-1 (line 150)
  0x0000018ea7f972d0: 0d4e 07e9 | 4aff ffff 

  0x0000018ea7f972d8: ;   {internal_word}
  0x0000018ea7f972d8: 49ba a972 | f9a7 8e01 | 0000 4d89 | 9768 0400 

  0x0000018ea7f972e8: ;   {runtime_call SafepointBlob}
  0x0000018ea7f972e8: 00e9 92df | 4007 498b | 8700 0500 | 0049 c787 | 0005 0000 | 0000 0000 | 49c7 8708 | 0500 0000 
  0x0000018ea7f97308: 0000 0048 | 83c4 705d 

  0x0000018ea7f97310: ;   {runtime_call unwind_exception Runtime1 stub}
  0x0000018ea7f97310: e9eb ac4d | 07f4 f4f4 
[Stub Code]
  0x0000018ea7f97318: ;   {no_reloc}
  0x0000018ea7f97318: 48bb 0000 | 0000 0000 

  0x0000018ea7f97320: ;   {runtime_call}
  0x0000018ea7f97320: 0000 e9fb 

  0x0000018ea7f97324: ;   {static_stub}
  0x0000018ea7f97324: ffff ff48 | bba8 ce43 | ba8e 0100 

  0x0000018ea7f97330: ;   {runtime_call I2C/C2I adapters}
  0x0000018ea7f97330: 00e9 3f9d 

  0x0000018ea7f97334: ;   {runtime_call handle_exception_from_callee Runtime1 stub}
  0x0000018ea7f97334: 3f07 e8c5 

  0x0000018ea7f97338: ;   {external_word}
  0x0000018ea7f97338: d94d 0748 | b900 28f2 | 2dff 7f00 | 0048 83e4 

  0x0000018ea7f97348: ;   {runtime_call}
  0x0000018ea7f97348: f048 b8e0 | 0fba 2dff | 7f00 00ff 

  0x0000018ea7f97354: ;   {section_word}
  0x0000018ea7f97354: d0f4 49ba | 5673 f9a7 | 8e01 0000 

  0x0000018ea7f97360: ;   {runtime_call DeoptimizationBlob}
  0x0000018ea7f97360: 4152 e939 | d840 07f4 
[/MachCode]


---------------  P R O C E S S  ---------------

Threads class SMR info:
_java_thread_list=0x0000018efb1d54f0, length=11, elements={
0x0000018e9d6fe1f0, 0x0000018e9fa8d650, 0x0000018e9fa8e720, 0x0000018efb122960,
0x0000018efb1233c0, 0x0000018efb123e20, 0x0000018efb124880, 0x0000018efb125610,
0x0000018efb14eb80, 0x0000018efb1fa7b0, 0x0000018e8413a2b0
}

Java Threads: ( => current thread )
=>0x0000018e9d6fe1f0 JavaThread "main"                              [_thread_in_vm, id=2912, stack(0x000000288ed00000,0x000000288ee00000) (1024K)]
  0x0000018e9fa8d650 JavaThread "Reference Handler"          daemon [_thread_blocked, id=9104, stack(0x000000288f500000,0x000000288f600000) (1024K)]
  0x0000018e9fa8e720 JavaThread "Finalizer"                  daemon [_thread_blocked, id=9792, stack(0x000000288f600000,0x000000288f700000) (1024K)]
  0x0000018efb122960 JavaThread "Signal Dispatcher"          daemon [_thread_blocked, id=2792, stack(0x000000288f700000,0x000000288f800000) (1024K)]
  0x0000018efb1233c0 JavaThread "Attach Listener"            daemon [_thread_blocked, id=11088, stack(0x000000288f800000,0x000000288f900000) (1024K)]
  0x0000018efb123e20 JavaThread "Service Thread"             daemon [_thread_blocked, id=5340, stack(0x000000288f900000,0x000000288fa00000) (1024K)]
  0x0000018efb124880 JavaThread "Monitor Deflation Thread"   daemon [_thread_blocked, id=5192, stack(0x000000288fa00000,0x000000288fb00000) (1024K)]
  0x0000018efb125610 JavaThread "C2 CompilerThread0"         daemon [_thread_blocked, id=7864, stack(0x000000288fb00000,0x000000288fc00000) (1024K)]
  0x0000018efb14eb80 JavaThread "C1 CompilerThread0"         daemon [_thread_blocked, id=10440, stack(0x000000288fc00000,0x000000288fd00000) (1024K)]
  0x0000018efb1fa7b0 JavaThread "Notification Thread"        daemon [_thread_blocked, id=11896, stack(0x000000288fd00000,0x000000288fe00000) (1024K)]
  0x0000018e8413a2b0 JavaThread "Common-Cleaner"             daemon [_thread_blocked, id=900, stack(0x000000288fe00000,0x000000288ff00000) (1024K)]
Total: 11

Other Threads:
  0x0000018e9fa6d4c0 VMThread "VM Thread"                           [id=11248, stack(0x000000288f400000,0x000000288f500000) (1024K)]
  0x0000018efb11ca10 WatcherThread "VM Periodic Task Thread"        [id=10740, stack(0x000000288f300000,0x000000288f400000) (1024K)]
  0x0000018e9f9f3df0 WorkerThread "GC Thread#0"                     [id=4240, stack(0x000000288ee00000,0x000000288ef00000) (1024K)]
  0x0000018e845498e0 WorkerThread "GC Thread#1"                     [id=11568, stack(0x000000288ff00000,0x0000002890000000) (1024K)]
  0x0000018e9f9fca20 ConcurrentGCThread "G1 Main Marker"            [id=3848, stack(0x000000288ef00000,0x000000288f000000) (1024K)]
  0x0000018e9f9fe1f0 WorkerThread "G1 Conc#0"                       [id=4412, stack(0x000000288f000000,0x000000288f100000) (1024K)]
  0x0000018e9fa48b60 ConcurrentGCThread "G1 Refine#0"               [id=11656, stack(0x000000288f100000,0x000000288f200000) (1024K)]
  0x0000018e9fa4aa30 ConcurrentGCThread "G1 Service"                [id=6620, stack(0x000000288f200000,0x000000288f300000) (1024K)]
Total: 8

Threads with active compile tasks:
Total: 0

VM state: not at safepoint (normal execution)

VM Mutex/Monitor currently owned by a thread:  ([mutex/lock_event])
[0x00007fff2e1b8578] Metaspace_lock - owner thread: 0x0000018e9d6fe1f0

Heap address: 0x00000000c1600000, size: 1002 MB, Compressed Oops mode: 32-bit

CDS archive(s) mapped at: [0x0000018eba000000-0x0000018ebac90000-0x0000018ebac90000), size 13172736, SharedBaseAddress: 0x0000018eba000000, ArchiveRelocationMode: 1.
Compressed class space mapped at: 0x0000018ebb000000-0x0000018efb000000, reserved size: 1073741824
Narrow klass base: 0x0000018eba000000, Narrow klass shift: 0, Narrow klass range: 0x100000000

GC Precious Log:
 CardTable entry size: 512
 Card Set container configuration: InlinePtr #cards 5 size 8 Array Of Cards #cards 12 size 40 Howl #buckets 4 coarsen threshold 1843 Howl Bitmap #cards 512 size 80 coarsen threshold 460 Card regions per heap region 1 cards per card region 2048
 CPUs: 2 total, 2 available
 Memory: 4001M
 Large Page Support: Disabled
 NUMA Support: Disabled
 Compressed Oops: Enabled (32-bit)
 Heap Region Size: 1M
 Heap Min Capacity: 8M
 Heap Initial Capacity: 64M
 Heap Max Capacity: 1002M
 Pre-touch: Disabled
 Parallel Workers: 2
 Concurrent Workers: 1
 Concurrent Refinement Workers: 2
 Periodic GC: Disabled

Heap:
 garbage-first heap   total 65536K, used 33806K [0x00000000c1600000, 0x0000000100000000)
  region size 1024K, 33 young (33792K), 2 survivors (2048K)
 Metaspace       used 9685K, committed 9856K, reserved 1114112K
  class space    used 1148K, committed 1216K, reserved 1048576K

Heap Regions: E=young(eden), S=young(survivor), O=old, HS=humongous(starts), HC=humongous(continues), CS=collection set, F=free, TAMS=top-at-mark-start, PB=parsable bottom
|   0|0x00000000c1600000, 0x00000000c1700000, 0x00000000c1700000|100%| O|  |TAMS 0x00000000c1600000| PB 0x00000000c1600000| Untracked 
|   1|0x00000000c1700000, 0x00000000c1800000, 0x00000000c1800000|100%| O|  |TAMS 0x00000000c1700000| PB 0x00000000c1700000| Untracked 
|   2|0x00000000c1800000, 0x00000000c1867d18, 0x00000000c1900000| 40%| O|  |TAMS 0x00000000c1800000| PB 0x00000000c1800000| Untracked 
|   3|0x00000000c1900000, 0x00000000c1900000, 0x00000000c1a00000|  0%| F|  |TAMS 0x00000000c1900000| PB 0x00000000c1900000| Untracked 
|   4|0x00000000c1a00000, 0x00000000c1a00000, 0x00000000c1b00000|  0%| F|  |TAMS 0x00000000c1a00000| PB 0x00000000c1a00000| Untracked 
|   5|0x00000000c1b00000, 0x00000000c1b00000, 0x00000000c1c00000|  0%| F|  |TAMS 0x00000000c1b00000| PB 0x00000000c1b00000| Untracked 
|   6|0x00000000c1c00000, 0x00000000c1c00000, 0x00000000c1d00000|  0%| F|  |TAMS 0x00000000c1c00000| PB 0x00000000c1c00000| Untracked 
|   7|0x00000000c1d00000, 0x00000000c1d00000, 0x00000000c1e00000|  0%| F|  |TAMS 0x00000000c1d00000| PB 0x00000000c1d00000| Untracked 
|   8|0x00000000c1e00000, 0x00000000c1e00000, 0x00000000c1f00000|  0%| F|  |TAMS 0x00000000c1e00000| PB 0x00000000c1e00000| Untracked 
|   9|0x00000000c1f00000, 0x00000000c1f00000, 0x00000000c2000000|  0%| F|  |TAMS 0x00000000c1f00000| PB 0x00000000c1f00000| Untracked 
|  10|0x00000000c2000000, 0x00000000c2000000, 0x00000000c2100000|  0%| F|  |TAMS 0x00000000c2000000| PB 0x00000000c2000000| Untracked 
|  11|0x00000000c2100000, 0x00000000c2100000, 0x00000000c2200000|  0%| F|  |TAMS 0x00000000c2100000| PB 0x00000000c2100000| Untracked 
|  12|0x00000000c2200000, 0x00000000c2200000, 0x00000000c2300000|  0%| F|  |TAMS 0x00000000c2200000| PB 0x00000000c2200000| Untracked 
|  13|0x00000000c2300000, 0x00000000c2300000, 0x00000000c2400000|  0%| F|  |TAMS 0x00000000c2300000| PB 0x00000000c2300000| Untracked 
|  14|0x00000000c2400000, 0x00000000c2400000, 0x00000000c2500000|  0%| F|  |TAMS 0x00000000c2400000| PB 0x00000000c2400000| Untracked 
|  15|0x00000000c2500000, 0x00000000c2500000, 0x00000000c2600000|  0%| F|  |TAMS 0x00000000c2500000| PB 0x00000000c2500000| Untracked 
|  16|0x00000000c2600000, 0x00000000c2600000, 0x00000000c2700000|  0%| F|  |TAMS 0x00000000c2600000| PB 0x00000000c2600000| Untracked 
|  17|0x00000000c2700000, 0x00000000c2700000, 0x00000000c2800000|  0%| F|  |TAMS 0x00000000c2700000| PB 0x00000000c2700000| Untracked 
|  18|0x00000000c2800000, 0x00000000c2800000, 0x00000000c2900000|  0%| F|  |TAMS 0x00000000c2800000| PB 0x00000000c2800000| Untracked 
|  19|0x00000000c2900000, 0x00000000c2900000, 0x00000000c2a00000|  0%| F|  |TAMS 0x00000000c2900000| PB 0x00000000c2900000| Untracked 
|  20|0x00000000c2a00000, 0x00000000c2a00000, 0x00000000c2b00000|  0%| F|  |TAMS 0x00000000c2a00000| PB 0x00000000c2a00000| Untracked 
|  21|0x00000000c2b00000, 0x00000000c2b00000, 0x00000000c2c00000|  0%| F|  |TAMS 0x00000000c2b00000| PB 0x00000000c2b00000| Untracked 
|  22|0x00000000c2c00000, 0x00000000c2c00000, 0x00000000c2d00000|  0%| F|  |TAMS 0x00000000c2c00000| PB 0x00000000c2c00000| Untracked 
|  23|0x00000000c2d00000, 0x00000000c2d00000, 0x00000000c2e00000|  0%| F|  |TAMS 0x00000000c2d00000| PB 0x00000000c2d00000| Untracked 
|  24|0x00000000c2e00000, 0x00000000c2e00000, 0x00000000c2f00000|  0%| F|  |TAMS 0x00000000c2e00000| PB 0x00000000c2e00000| Untracked 
|  25|0x00000000c2f00000, 0x00000000c2f00000, 0x00000000c3000000|  0%| F|  |TAMS 0x00000000c2f00000| PB 0x00000000c2f00000| Untracked 
|  26|0x00000000c3000000, 0x00000000c3000000, 0x00000000c3100000|  0%| F|  |TAMS 0x00000000c3000000| PB 0x00000000c3000000| Untracked 
|  27|0x00000000c3100000, 0x00000000c3100000, 0x00000000c3200000|  0%| F|  |TAMS 0x00000000c3100000| PB 0x00000000c3100000| Untracked 
|  28|0x00000000c3200000, 0x00000000c3200000, 0x00000000c3300000|  0%| F|  |TAMS 0x00000000c3200000| PB 0x00000000c3200000| Untracked 
|  29|0x00000000c3300000, 0x00000000c3300000, 0x00000000c3400000|  0%| F|  |TAMS 0x00000000c3300000| PB 0x00000000c3300000| Untracked 
|  30|0x00000000c3400000, 0x00000000c3400000, 0x00000000c3500000|  0%| F|  |TAMS 0x00000000c3400000| PB 0x00000000c3400000| Untracked 
|  31|0x00000000c3500000, 0x00000000c3564c88, 0x00000000c3600000| 39%| E|  |TAMS 0x00000000c3500000| PB 0x00000000c3500000| Complete 
|  32|0x00000000c3600000, 0x00000000c3700000, 0x00000000c3700000|100%| E|  |TAMS 0x00000000c3600000| PB 0x00000000c3600000| Complete 
|  33|0x00000000c3700000, 0x00000000c3800000, 0x00000000c3800000|100%| E|CS|TAMS 0x00000000c3700000| PB 0x00000000c3700000| Complete 
|  34|0x00000000c3800000, 0x00000000c3900000, 0x00000000c3900000|100%| E|CS|TAMS 0x00000000c3800000| PB 0x00000000c3800000| Complete 
|  35|0x00000000c3900000, 0x00000000c3a00000, 0x00000000c3a00000|100%| E|CS|TAMS 0x00000000c3900000| PB 0x00000000c3900000| Complete 
|  36|0x00000000c3a00000, 0x00000000c3b00000, 0x00000000c3b00000|100%| E|CS|TAMS 0x00000000c3a00000| PB 0x00000000c3a00000| Complete 
|  37|0x00000000c3b00000, 0x00000000c3c00000, 0x00000000c3c00000|100%| E|CS|TAMS 0x00000000c3b00000| PB 0x00000000c3b00000| Complete 
|  38|0x00000000c3c00000, 0x00000000c3d00000, 0x00000000c3d00000|100%| E|CS|TAMS 0x00000000c3c00000| PB 0x00000000c3c00000| Complete 
|  39|0x00000000c3d00000, 0x00000000c3e00000, 0x00000000c3e00000|100%| E|CS|TAMS 0x00000000c3d00000| PB 0x00000000c3d00000| Complete 
|  40|0x00000000c3e00000, 0x00000000c3f00000, 0x00000000c3f00000|100%| E|CS|TAMS 0x00000000c3e00000| PB 0x00000000c3e00000| Complete 
|  41|0x00000000c3f00000, 0x00000000c4000000, 0x00000000c4000000|100%| E|CS|TAMS 0x00000000c3f00000| PB 0x00000000c3f00000| Complete 
|  42|0x00000000c4000000, 0x00000000c4100000, 0x00000000c4100000|100%| E|CS|TAMS 0x00000000c4000000| PB 0x00000000c4000000| Complete 
|  43|0x00000000c4100000, 0x00000000c4200000, 0x00000000c4200000|100%| E|CS|TAMS 0x00000000c4100000| PB 0x00000000c4100000| Complete 
|  44|0x00000000c4200000, 0x00000000c4300000, 0x00000000c4300000|100%| E|CS|TAMS 0x00000000c4200000| PB 0x00000000c4200000| Complete 
|  45|0x00000000c4300000, 0x00000000c4400000, 0x00000000c4400000|100%| E|CS|TAMS 0x00000000c4300000| PB 0x00000000c4300000| Complete 
|  46|0x00000000c4400000, 0x00000000c4500000, 0x00000000c4500000|100%| E|CS|TAMS 0x00000000c4400000| PB 0x00000000c4400000| Complete 
|  47|0x00000000c4500000, 0x00000000c4600000, 0x00000000c4600000|100%| E|CS|TAMS 0x00000000c4500000| PB 0x00000000c4500000| Complete 
|  48|0x00000000c4600000, 0x00000000c4700000, 0x00000000c4700000|100%| E|CS|TAMS 0x00000000c4600000| PB 0x00000000c4600000| Complete 
|  49|0x00000000c4700000, 0x00000000c4800000, 0x00000000c4800000|100%| E|CS|TAMS 0x00000000c4700000| PB 0x00000000c4700000| Complete 
|  50|0x00000000c4800000, 0x00000000c4900000, 0x00000000c4900000|100%| E|CS|TAMS 0x00000000c4800000| PB 0x00000000c4800000| Complete 
|  51|0x00000000c4900000, 0x00000000c4a00000, 0x00000000c4a00000|100%| E|CS|TAMS 0x00000000c4900000| PB 0x00000000c4900000| Complete 
|  52|0x00000000c4a00000, 0x00000000c4a9bae8, 0x00000000c4b00000| 60%| S|CS|TAMS 0x00000000c4a00000| PB 0x00000000c4a00000| Complete 
|  53|0x00000000c4b00000, 0x00000000c4c00000, 0x00000000c4c00000|100%| S|CS|TAMS 0x00000000c4b00000| PB 0x00000000c4b00000| Complete 
|  54|0x00000000c4c00000, 0x00000000c4d00000, 0x00000000c4d00000|100%| E|CS|TAMS 0x00000000c4c00000| PB 0x00000000c4c00000| Complete 
|  55|0x00000000c4d00000, 0x00000000c4e00000, 0x00000000c4e00000|100%| E|CS|TAMS 0x00000000c4d00000| PB 0x00000000c4d00000| Complete 
|  56|0x00000000c4e00000, 0x00000000c4f00000, 0x00000000c4f00000|100%| E|CS|TAMS 0x00000000c4e00000| PB 0x00000000c4e00000| Complete 
|  57|0x00000000c4f00000, 0x00000000c5000000, 0x00000000c5000000|100%| E|CS|TAMS 0x00000000c4f00000| PB 0x00000000c4f00000| Complete 
|  58|0x00000000c5000000, 0x00000000c5100000, 0x00000000c5100000|100%| E|CS|TAMS 0x00000000c5000000| PB 0x00000000c5000000| Complete 
|  59|0x00000000c5100000, 0x00000000c5200000, 0x00000000c5200000|100%| E|CS|TAMS 0x00000000c5100000| PB 0x00000000c5100000| Complete 
|  60|0x00000000c5200000, 0x00000000c5300000, 0x00000000c5300000|100%| E|CS|TAMS 0x00000000c5200000| PB 0x00000000c5200000| Complete 
|  61|0x00000000c5300000, 0x00000000c5400000, 0x00000000c5400000|100%| E|CS|TAMS 0x00000000c5300000| PB 0x00000000c5300000| Complete 
|  62|0x00000000c5400000, 0x00000000c5500000, 0x00000000c5500000|100%| E|CS|TAMS 0x00000000c5400000| PB 0x00000000c5400000| Complete 
|  63|0x00000000c5500000, 0x00000000c5600000, 0x00000000c5600000|100%| E|CS|TAMS 0x00000000c5500000| PB 0x00000000c5500000| Complete 

Card table byte_map: [0x0000018e9f790000,0x0000018e9f990000] _byte_map_base: 0x0000018e9f185000

Marking Bits: (CMBitMap*) 0x0000018e9f9f4400
 Bits: [0x0000018eb6e20000, 0x0000018eb7dc8000)

Polling page: 0x0000018e9d8f0000

Metaspace:

Usage:
  Non-class:      8.34 MB used.
      Class:      1.12 MB used.
       Both:      9.46 MB used.

Virtual space:
  Non-class space:       64.00 MB reserved,       8.44 MB ( 13%) committed,  1 nodes.
      Class space:        1.00 GB reserved,       1.19 MB ( <1%) committed,  1 nodes.
             Both:        1.06 GB reserved,       9.62 MB ( <1%) committed. 

Chunk freelists:
   Non-Class:  6.23 MB
       Class:  14.83 MB
        Both:  21.06 MB

MaxMetaspaceSize: unlimited
CompressedClassSpaceSize: 1.00 GB
Initial GC threshold: 21.00 MB
Current GC threshold: 21.00 MB
CDS: on
 - commit_granule_bytes: 65536.
 - commit_granule_words: 8192.
 - virtual_space_node_default_size: 8388608.
 - enlarge_chunks_in_place: 1.
 - use_allocation_guard: 0.


Internal statistics:

num_allocs_failed_limit: 0.
num_arena_births: 72.
num_arena_deaths: 0.
num_vsnodes_births: 2.
num_vsnodes_deaths: 0.
num_space_committed: 154.
num_space_uncommitted: 0.
num_chunks_returned_to_freelist: 0.
num_chunks_taken_from_freelist: 386.
num_chunk_merges: 0.
num_chunk_splits: 267.
num_chunks_enlarged: 218.
num_inconsistent_stats: 0.

CodeHeap 'non-profiled nmethods': size=120064Kb used=653Kb max_used=653Kb free=119410Kb
 bounds [0x0000018eaf8e0000, 0x0000018eafb50000, 0x0000018eb6e20000]
CodeHeap 'profiled nmethods': size=120000Kb used=3484Kb max_used=3484Kb free=116515Kb
 bounds [0x0000018ea7e20000, 0x0000018ea8190000, 0x0000018eaf350000]
CodeHeap 'non-nmethods': size=5696Kb used=1372Kb max_used=1389Kb free=4323Kb
 bounds [0x0000018eaf350000, 0x0000018eaf5c0000, 0x0000018eaf8e0000]
 total_blobs=2199 nmethods=1726 adapters=379
 compilation: enabled
              stopped_count=0, restarted_count=0
 full_count=0

Compilation events (20 events):
Event: 25.203 Thread 0x0000018efb14eb80 1733       3       com.google.common.base.Preconditions::checkPositionIndex (25 bytes)
Event: 25.204 Thread 0x0000018efb14eb80 nmethod 1733 0x0000018ea8186610 code [0x0000018ea81867e0, 0x0000018ea8186a58]
Event: 25.204 Thread 0x0000018efb125610 1734       4       java.lang.reflect.Method::getAnnotation (6 bytes)
Event: 25.215 Thread 0x0000018efb125610 nmethod 1734 0x0000018eaf981490 code [0x0000018eaf981680, 0x0000018eaf981af8]
Event: 25.397 Thread 0x0000018efb125610 1735       4       java.util.HashMap::get (19 bytes)
Event: 25.407 Thread 0x0000018efb125610 nmethod 1735 0x0000018eaf981e90 code [0x0000018eaf982060, 0x0000018eaf9823b8]
Event: 25.414 Thread 0x0000018efb125610 1736   !   4       java.util.WeakHashMap::expungeStaleEntries (139 bytes)
Event: 25.417 Thread 0x0000018efb125610 nmethod 1736 0x0000018eaf982690 code [0x0000018eaf982820, 0x0000018eaf982920]
Event: 25.418 Thread 0x0000018efb125610 1737       4       java.util.WeakHashMap::hash (28 bytes)
Event: 25.420 Thread 0x0000018efb125610 nmethod 1737 0x0000018eaf982a10 code [0x0000018eaf982ba0, 0x0000018eaf982cd8]
Event: 25.425 Thread 0x0000018efb125610 1738       4       java.util.zip.Inflater::ensureOpen (47 bytes)
Event: 25.427 Thread 0x0000018efb125610 nmethod 1738 0x0000018eaf982d90 code [0x0000018eaf982f20, 0x0000018eaf982ff0]
Event: 25.579 Thread 0x0000018efb125610 1739       4       java.lang.ref.SoftReference::get (29 bytes)
Event: 25.582 Thread 0x0000018efb125610 nmethod 1739 0x0000018eaf983090 code [0x0000018eaf983220, 0x0000018eaf983330]
Event: 25.605 Thread 0x0000018efb14eb80 1740       3       java.lang.reflect.Modifier::isAbstract (14 bytes)
Event: 25.605 Thread 0x0000018efb14eb80 nmethod 1740 0x0000018ea8186b90 code [0x0000018ea8186d20, 0x0000018ea8186e70]
Event: 25.715 Thread 0x0000018efb14eb80 1741       1       java.lang.reflect.Constructor::getSharedParameterTypes (5 bytes)
Event: 25.715 Thread 0x0000018efb14eb80 nmethod 1741 0x0000018eaf983410 code [0x0000018eaf9835a0, 0x0000018eaf983668]
Event: 25.722 Thread 0x0000018efb14eb80 1742       3       java.util.Collections$EmptySet::iterator (4 bytes)
Event: 25.722 Thread 0x0000018efb14eb80 nmethod 1742 0x0000018ea8186f10 code [0x0000018ea81870c0, 0x0000018ea8187230]

GC Heap History (6 events):
Event: 6.130 GC heap before
{Heap before GC invocations=0 (full 0):
 garbage-first heap   total 65536K, used 6144K [0x00000000c1600000, 0x0000000100000000)
  region size 1024K, 6 young (6144K), 0 survivors (0K)
 Metaspace       used 1913K, committed 2048K, reserved 1114112K
  class space    used 181K, committed 256K, reserved 1048576K
}
Event: 6.938 GC heap after
{Heap after GC invocations=1 (full 0):
 garbage-first heap   total 65536K, used 2041K [0x00000000c1600000, 0x0000000100000000)
  region size 1024K, 1 young (1024K), 1 survivors (1024K)
 Metaspace       used 1913K, committed 2048K, reserved 1114112K
  class space    used 181K, committed 256K, reserved 1048576K
}
Event: 10.624 GC heap before
{Heap before GC invocations=1 (full 0):
 garbage-first heap   total 65536K, used 7161K [0x00000000c1600000, 0x0000000100000000)
  region size 1024K, 6 young (6144K), 1 survivors (1024K)
 Metaspace       used 3380K, committed 3584K, reserved 1114112K
  class space    used 336K, committed 448K, reserved 1048576K
}
Event: 10.634 GC heap after
{Heap after GC invocations=2 (full 0):
 garbage-first heap   total 65536K, used 3487K [0x00000000c1600000, 0x0000000100000000)
  region size 1024K, 1 young (1024K), 1 survivors (1024K)
 Metaspace       used 3380K, committed 3584K, reserved 1114112K
  class space    used 336K, committed 448K, reserved 1048576K
}
Event: 15.266 GC heap before
{Heap before GC invocations=2 (full 0):
 garbage-first heap   total 65536K, used 12703K [0x00000000c1600000, 0x0000000100000000)
  region size 1024K, 10 young (10240K), 1 survivors (1024K)
 Metaspace       used 5912K, committed 6080K, reserved 1114112K
  class space    used 676K, committed 768K, reserved 1048576K
}
Event: 15.281 GC heap after
{Heap after GC invocations=3 (full 0):
 garbage-first heap   total 65536K, used 4110K [0x00000000c1600000, 0x0000000100000000)
  region size 1024K, 2 young (2048K), 2 survivors (2048K)
 Metaspace       used 5912K, committed 6080K, reserved 1114112K
  class space    used 676K, committed 768K, reserved 1048576K
}

Dll operation events (8 events):
Event: 0.059 Loaded shared library C:\Program Files\Java\jdk-21\bin\java.dll
Event: 0.649 Loaded shared library C:\Program Files\Java\jdk-21\bin\jsvml.dll
Event: 1.395 Loaded shared library C:\Program Files\Java\jdk-21\bin\net.dll
Event: 1.401 Loaded shared library C:\Program Files\Java\jdk-21\bin\nio.dll
Event: 1.416 Loaded shared library C:\Program Files\Java\jdk-21\bin\zip.dll
Event: 1.525 Loaded shared library C:\Program Files\Java\jdk-21\bin\jimage.dll
Event: 5.612 Loaded shared library C:\Users\nicol\AppData\Local\Temp\jansi-2.4.0-b7ed86cb6476f81a-jansi.dll
Event: 5.862 Loaded shared library C:\Program Files\Java\jdk-21\bin\verify.dll

Deoptimization events (20 events):
Event: 16.589 Thread 0x0000018e9d6fe1f0 Uncommon trap: trap_request=0xffffffde fr.pc=0x0000018eaf917260 relative=0x00000000000006c0
Event: 16.589 Thread 0x0000018e9d6fe1f0 Uncommon trap: reason=class_check action=maybe_recompile pc=0x0000018eaf917260 method=java.util.regex.Matcher.search(I)Z @ 121 c2
Event: 16.589 Thread 0x0000018e9d6fe1f0 DEOPT PACKING pc=0x0000018eaf917260 sp=0x000000288edfdbc0
Event: 16.589 Thread 0x0000018e9d6fe1f0 DEOPT UNPACKING pc=0x0000018eaf3a469c sp=0x000000288edfdb90 mode 2
Event: 16.839 Thread 0x0000018e9d6fe1f0 Uncommon trap: trap_request=0xffffffc6 fr.pc=0x0000018eaf923978 relative=0x0000000000000318
Event: 16.839 Thread 0x0000018e9d6fe1f0 Uncommon trap: reason=bimorphic_or_optimized_type_check action=maybe_recompile pc=0x0000018eaf923978 method=java.util.concurrent.ConcurrentHashMap.get(Ljava/lang/Object;)Ljava/lang/Object; @ 149 c2
Event: 16.839 Thread 0x0000018e9d6fe1f0 DEOPT PACKING pc=0x0000018eaf923978 sp=0x000000288edfd5b0
Event: 16.839 Thread 0x0000018e9d6fe1f0 DEOPT UNPACKING pc=0x0000018eaf3a469c sp=0x000000288edfd520 mode 2
Event: 16.854 Thread 0x0000018e9d6fe1f0 Uncommon trap: trap_request=0xffffffc6 fr.pc=0x0000018eaf923978 relative=0x0000000000000318
Event: 16.854 Thread 0x0000018e9d6fe1f0 Uncommon trap: reason=bimorphic_or_optimized_type_check action=maybe_recompile pc=0x0000018eaf923978 method=java.util.concurrent.ConcurrentHashMap.get(Ljava/lang/Object;)Ljava/lang/Object; @ 149 c2
Event: 16.854 Thread 0x0000018e9d6fe1f0 DEOPT PACKING pc=0x0000018eaf923978 sp=0x000000288edfd1b0
Event: 16.854 Thread 0x0000018e9d6fe1f0 DEOPT UNPACKING pc=0x0000018eaf3a469c sp=0x000000288edfd120 mode 2
Event: 19.882 Thread 0x0000018e9d6fe1f0 Uncommon trap: trap_request=0xffffff45 fr.pc=0x0000018eaf95e4b4 relative=0x0000000000000674
Event: 19.882 Thread 0x0000018e9d6fe1f0 Uncommon trap: reason=unstable_if action=reinterpret pc=0x0000018eaf95e4b4 method=java.lang.String.<init>([CIILjava/lang/Void;)V @ 5 c2
Event: 19.882 Thread 0x0000018e9d6fe1f0 DEOPT PACKING pc=0x0000018eaf95e4b4 sp=0x000000288edfdb40
Event: 19.882 Thread 0x0000018e9d6fe1f0 DEOPT UNPACKING pc=0x0000018eaf3a469c sp=0x000000288edfd9d8 mode 2
Event: 20.192 Thread 0x0000018e9d6fe1f0 DEOPT PACKING pc=0x0000018ea806a1c4 sp=0x000000288edfdcb0
Event: 20.192 Thread 0x0000018e9d6fe1f0 DEOPT UNPACKING pc=0x0000018eaf3a4e23 sp=0x000000288edfd120 mode 0
Event: 20.243 Thread 0x0000018e9d6fe1f0 DEOPT PACKING pc=0x0000018ea806a1c4 sp=0x000000288edfdcb0
Event: 20.243 Thread 0x0000018e9d6fe1f0 DEOPT UNPACKING pc=0x0000018eaf3a4e23 sp=0x000000288edfd120 mode 0

Classes loaded (20 events):
Event: 22.531 Loading class java/util/concurrent/locks/ReadWriteLock done
Event: 22.531 Loading class java/util/concurrent/locks/ReentrantReadWriteLock done
Event: 22.606 Loading class java/util/concurrent/atomic/AtomicBoolean
Event: 22.607 Loading class java/util/concurrent/atomic/AtomicBoolean done
Event: 22.859 Loading class java/util/EventObject
Event: 22.860 Loading class java/util/EventObject done
Event: 24.152 Loading class java/security/NoSuchAlgorithmException
Event: 24.154 Loading class java/security/GeneralSecurityException
Event: 24.154 Loading class java/security/GeneralSecurityException done
Event: 24.154 Loading class java/security/NoSuchAlgorithmException done
Event: 25.020 Loading class java/lang/reflect/Executable$ParameterData
Event: 25.021 Loading class java/lang/reflect/Executable$ParameterData done
Event: 25.021 Loading class sun/reflect/generics/scope/ConstructorScope
Event: 25.021 Loading class sun/reflect/generics/scope/ConstructorScope done
Event: 25.021 Loading class sun/reflect/generics/repository/ConstructorRepository
Event: 25.021 Loading class sun/reflect/generics/repository/ConstructorRepository done
Event: 25.022 Loading class sun/reflect/generics/tree/VoidDescriptor
Event: 25.022 Loading class sun/reflect/generics/tree/VoidDescriptor done
Event: 25.022 Loading class sun/reflect/generics/tree/MethodTypeSignature
Event: 25.022 Loading class sun/reflect/generics/tree/MethodTypeSignature done

Classes unloaded (0 events):
No events

Classes redefined (0 events):
No events

Internal exceptions (20 events):
Event: 2.942 Thread 0x0000018e9d6fe1f0 Exception <a 'java/lang/NoSuchMethodError'{0x00000000c533e5a8}: 'int java.lang.invoke.DirectMethodHandle$Holder.invokeSpecial(java.lang.Object, java.lang.Object, java.lang.Object)'> (0x00000000c533e5a8) 
thrown [s\open\src\hotspot\share\interpreter\linkResolver.cpp, line 773]
Event: 4.341 Thread 0x0000018e9d6fe1f0 Exception <a 'java/lang/NoSuchMethodError'{0x00000000c5136bb0}: 'java.lang.Object java.lang.invoke.Invokers$Holder.invokeExact_MT(java.lang.Object, java.lang.Object, java.lang.Object, java.lang.Object, java.lang.Object)'> (0x00000000c5136bb0) 
thrown [s\open\src\hotspot\share\interpreter\linkResolver.cpp, line 773]
Event: 4.527 Thread 0x0000018e9d6fe1f0 Exception <a 'java/lang/NullPointerException'{0x00000000c518adb0}> (0x00000000c518adb0) 
thrown [s\open\src\hotspot\share\interpreter\linkResolver.cpp, line 1372]
Event: 5.619 Thread 0x0000018e9d6fe1f0 Exception <a 'java/lang/NullPointerException'{0x00000000c5052e60}> (0x00000000c5052e60) 
thrown [s\open\src\hotspot\share\interpreter\linkResolver.cpp, line 1372]
Event: 5.619 Thread 0x0000018e9d6fe1f0 Exception <a 'java/lang/NullPointerException'{0x00000000c5053140}> (0x00000000c5053140) 
thrown [s\open\src\hotspot\share\interpreter\linkResolver.cpp, line 1372]
Event: 5.619 Thread 0x0000018e9d6fe1f0 Exception <a 'java/lang/NullPointerException'{0x00000000c5053420}> (0x00000000c5053420) 
thrown [s\open\src\hotspot\share\interpreter\linkResolver.cpp, line 1372]
Event: 5.629 Thread 0x0000018e9d6fe1f0 Exception <a 'java/lang/NullPointerException'{0x00000000c5059000}> (0x00000000c5059000) 
thrown [s\open\src\hotspot\share\interpreter\linkResolver.cpp, line 1372]
Event: 5.636 Thread 0x0000018e9d6fe1f0 Exception <a 'java/lang/NullPointerException'{0x00000000c506c4a0}> (0x00000000c506c4a0) 
thrown [s\open\src\hotspot\share\interpreter\linkResolver.cpp, line 1372]
Event: 5.636 Thread 0x0000018e9d6fe1f0 Exception <a 'java/lang/NullPointerException'{0x00000000c506c780}> (0x00000000c506c780) 
thrown [s\open\src\hotspot\share\interpreter\linkResolver.cpp, line 1372]
Event: 5.636 Thread 0x0000018e9d6fe1f0 Exception <a 'java/lang/NullPointerException'{0x00000000c506ca60}> (0x00000000c506ca60) 
thrown [s\open\src\hotspot\share\interpreter\linkResolver.cpp, line 1372]
Event: 5.636 Thread 0x0000018e9d6fe1f0 Exception <a 'java/lang/NullPointerException'{0x00000000c506cd40}> (0x00000000c506cd40) 
thrown [s\open\src\hotspot\share\interpreter\linkResolver.cpp, line 1372]
Event: 6.976 Thread 0x0000018e9d6fe1f0 Exception <a 'java/lang/NoSuchMethodError'{0x00000000c551fde8}: 'void java.lang.invoke.DirectMethodHandle$Holder.invokeStatic(java.lang.Object, java.lang.Object, java.lang.Object)'> (0x00000000c551fde8) 
thrown [s\open\src\hotspot\share\interpreter\linkResolver.cpp, line 773]
Event: 8.273 Thread 0x0000018e9d6fe1f0 Exception <a 'java/lang/NoSuchMethodError'{0x00000000c54ebc08}: 'java.lang.Object java.lang.invoke.DirectMethodHandle$Holder.invokeSpecialIFC(java.lang.Object, java.lang.Object, java.lang.Object, java.lang.Object)'> (0x00000000c54ebc08) 
thrown [s\open\src\hotspot\share\interpreter\linkResolver.cpp, line 773]
Event: 12.488 Thread 0x0000018e9d6fe1f0 Exception <a 'java/lang/NoSuchMethodError'{0x00000000c52fd5b8}: 'java.lang.Object java.lang.invoke.DirectMethodHandle$Holder.invokeInterface(java.lang.Object, java.lang.Object)'> (0x00000000c52fd5b8) 
thrown [s\open\src\hotspot\share\interpreter\linkResolver.cpp, line 773]
Event: 12.757 Thread 0x0000018e9d6fe1f0 Exception <a 'java/lang/NoSuchMethodError'{0x00000000c519f550}: 'int java.lang.invoke.DirectMethodHandle$Holder.invokeStatic(java.lang.Object, java.lang.Object, java.lang.Object, java.lang.Object)'> (0x00000000c519f550) 
thrown [s\open\src\hotspot\share\interpreter\linkResolver.cpp, line 773]
Event: 12.765 Thread 0x0000018e9d6fe1f0 Exception <a 'java/lang/NoSuchMethodError'{0x00000000c51a2c08}: 'java.lang.Object java.lang.invoke.Invokers$Holder.invokeExact_MT(java.lang.Object, java.lang.Object, java.lang.Object, java.lang.Object, java.lang.Object, java.lang.Object)'> (0x00000000c51a2c08) 
thrown [s\open\src\hotspot\share\interpreter\linkResolver.cpp, line 773]
Event: 12.782 Thread 0x0000018e9d6fe1f0 Exception <a 'java/lang/NoSuchMethodError'{0x00000000c51b12a8}: 'int java.lang.invoke.DirectMethodHandle$Holder.invokeSpecialIFC(java.lang.Object, java.lang.Object, java.lang.Object, java.lang.Object, java.lang.Object)'> (0x00000000c51b12a8) 
thrown [s\open\src\hotspot\share\interpreter\linkResolver.cpp, line 773]
Event: 13.838 Thread 0x0000018e9d6fe1f0 Exception <a 'java/lang/NoSuchMethodError'{0x00000000c4e60e88}: 'java.lang.Object java.lang.invoke.DirectMethodHandle$Holder.newInvokeSpecial(java.lang.Object, java.lang.Object, java.lang.Object, java.lang.Object, java.lang.Object)'> (0x00000000c4e60e88) 
thrown [s\open\src\hotspot\share\interpreter\linkResolver.cpp, line 773]
Event: 14.581 Thread 0x0000018e9d6fe1f0 Exception <a 'java/lang/NoSuchMethodError'{0x00000000c4d6b168}: 'int java.lang.invoke.DirectMethodHandle$Holder.invokeStaticInit(java.lang.Object, java.lang.Object)'> (0x00000000c4d6b168) 
thrown [s\open\src\hotspot\share\interpreter\linkResolver.cpp, line 773]
Event: 14.746 Thread 0x0000018e9d6fe1f0 Exception <a 'java/lang/NoClassDefFoundError'{0x00000000c4da47f8}: javax/enterprise/inject/Typed> (0x00000000c4da47f8) 
thrown [s\open\src\hotspot\share\classfile\systemDictionary.cpp, line 301]

ZGC Phase Switch (0 events):
No events

VM Operations (20 events):
Event: 18.354 Executing VM operation: Cleanup
Event: 18.373 Executing VM operation: Cleanup done
Event: 19.376 Executing VM operation: Cleanup
Event: 19.441 Executing VM operation: Cleanup done
Event: 20.455 Executing VM operation: Cleanup
Event: 20.533 Executing VM operation: Cleanup done
Event: 21.538 Executing VM operation: Cleanup
Event: 21.571 Executing VM operation: Cleanup done
Event: 22.574 Executing VM operation: Cleanup
Event: 22.590 Executing VM operation: Cleanup done
Event: 22.670 Executing VM operation: HandshakeAllThreads (Deoptimize)
Event: 22.670 Executing VM operation: HandshakeAllThreads (Deoptimize) done
Event: 23.032 Executing VM operation: HandshakeAllThreads (Deoptimize)
Event: 23.033 Executing VM operation: HandshakeAllThreads (Deoptimize) done
Event: 24.047 Executing VM operation: Cleanup
Event: 24.052 Executing VM operation: Cleanup done
Event: 25.061 Executing VM operation: Cleanup
Event: 25.157 Executing VM operation: Cleanup done
Event: 26.165 Executing VM operation: Cleanup
Event: 26.507 Executing VM operation: Cleanup done

Events (11 events):
Event: 0.306 Thread 0x0000018e9d6fe1f0 Thread added: 0x0000018e9d6fe1f0
Event: 0.539 Thread 0x0000018e9fa8d650 Thread added: 0x0000018e9fa8d650
Event: 0.540 Thread 0x0000018e9fa8e720 Thread added: 0x0000018e9fa8e720
Event: 0.540 Thread 0x0000018efb122960 Thread added: 0x0000018efb122960
Event: 0.541 Thread 0x0000018efb1233c0 Thread added: 0x0000018efb1233c0
Event: 0.541 Thread 0x0000018efb123e20 Thread added: 0x0000018efb123e20
Event: 0.541 Thread 0x0000018efb124880 Thread added: 0x0000018efb124880
Event: 0.541 Thread 0x0000018efb125610 Thread added: 0x0000018efb125610
Event: 0.648 Thread 0x0000018efb14eb80 Thread added: 0x0000018efb14eb80
Event: 1.069 Thread 0x0000018efb1fa7b0 Thread added: 0x0000018efb1fa7b0
Event: 1.151 Thread 0x0000018e8413a2b0 Thread added: 0x0000018e8413a2b0


Dynamic libraries:
0x00007ff6917c0000 - 0x00007ff6917d0000 	C:\Program Files\Java\jdk-21\bin\java.exe
0x00007fff5dbf0000 - 0x00007fff5dde8000 	C:\WINDOWS\SYSTEM32\ntdll.dll
0x00007fff5d440000 - 0x00007fff5d4fd000 	C:\WINDOWS\System32\KERNEL32.DLL
0x00007fff5b2b0000 - 0x00007fff5b5a6000 	C:\WINDOWS\System32\KERNELBASE.dll
0x00007fff5b770000 - 0x00007fff5b870000 	C:\WINDOWS\System32\ucrtbase.dll
0x00007fff537d0000 - 0x00007fff537eb000 	C:\Program Files\Java\jdk-21\bin\VCRUNTIME140.dll
0x00007fff530b0000 - 0x00007fff530c9000 	C:\Program Files\Java\jdk-21\bin\jli.dll
0x00007fff5daf0000 - 0x00007fff5dba3000 	C:\WINDOWS\System32\ADVAPI32.dll
0x00007fff5d500000 - 0x00007fff5d59e000 	C:\WINDOWS\System32\msvcrt.dll
0x00007fff5bd60000 - 0x00007fff5bdff000 	C:\WINDOWS\System32\sechost.dll
0x00007fff5bc30000 - 0x00007fff5bd56000 	C:\WINDOWS\System32\RPCRT4.dll
0x00007fff5b620000 - 0x00007fff5b647000 	C:\WINDOWS\System32\bcrypt.dll
0x00007fff5cb50000 - 0x00007fff5ccee000 	C:\WINDOWS\System32\USER32.dll
0x00007fff5b8c0000 - 0x00007fff5b8e2000 	C:\WINDOWS\System32\win32u.dll
0x00007fff4a470000 - 0x00007fff4a70a000 	C:\WINDOWS\WinSxS\amd64_microsoft.windows.common-controls_6595b64144ccf1df_6.0.19041.3636_none_60b6a03d71f818d5\COMCTL32.dll
0x00007fff5beb0000 - 0x00007fff5bedb000 	C:\WINDOWS\System32\GDI32.dll
0x00007fff5b650000 - 0x00007fff5b767000 	C:\WINDOWS\System32\gdi32full.dll
0x00007fff5b8f0000 - 0x00007fff5b98d000 	C:\WINDOWS\System32\msvcp_win.dll
0x00007fff51be0000 - 0x00007fff51bea000 	C:\WINDOWS\SYSTEM32\VERSION.dll
0x00007fff5bfb0000 - 0x00007fff5bfe2000 	C:\WINDOWS\System32\IMM32.DLL
0x00007fff54d00000 - 0x00007fff54d0c000 	C:\Program Files\Java\jdk-21\bin\vcruntime140_1.dll
0x00007fff3db80000 - 0x00007fff3dc0e000 	C:\Program Files\Java\jdk-21\bin\msvcp140.dll
0x00007fff2d580000 - 0x00007fff2e295000 	C:\Program Files\Java\jdk-21\bin\server\jvm.dll
0x00007fff5bee0000 - 0x00007fff5bf4b000 	C:\WINDOWS\System32\WS2_32.dll
0x00007fff5b110000 - 0x00007fff5b15b000 	C:\WINDOWS\SYSTEM32\POWRPROF.dll
0x00007fff54bf0000 - 0x00007fff54c17000 	C:\WINDOWS\SYSTEM32\WINMM.dll
0x00007fff5b0f0000 - 0x00007fff5b102000 	C:\WINDOWS\SYSTEM32\UMPDC.dll
0x00007fff59b40000 - 0x00007fff59b52000 	C:\WINDOWS\SYSTEM32\kernel.appcore.dll
0x00007fff50840000 - 0x00007fff5084a000 	C:\Program Files\Java\jdk-21\bin\jimage.dll
0x00007fff59010000 - 0x00007fff591f4000 	C:\WINDOWS\SYSTEM32\DBGHELP.DLL
0x00007fff53a40000 - 0x00007fff53a74000 	C:\WINDOWS\SYSTEM32\dbgcore.DLL
0x00007fff5b990000 - 0x00007fff5ba12000 	C:\WINDOWS\System32\bcryptPrimitives.dll
0x00007fff45d40000 - 0x00007fff45d5f000 	C:\Program Files\Java\jdk-21\bin\java.dll
0x00007fff5ccf0000 - 0x00007fff5d435000 	C:\WINDOWS\System32\SHELL32.dll
0x00007fff59200000 - 0x00007fff5999c000 	C:\WINDOWS\SYSTEM32\windows.storage.dll
0x00007fff5c5d0000 - 0x00007fff5c924000 	C:\WINDOWS\System32\combase.dll
0x00007fff5ac10000 - 0x00007fff5ac3e000 	C:\WINDOWS\SYSTEM32\Wldp.dll
0x00007fff5c410000 - 0x00007fff5c4dd000 	C:\WINDOWS\System32\OLEAUT32.dll
0x00007fff5c950000 - 0x00007fff5c9fd000 	C:\WINDOWS\System32\SHCORE.dll
0x00007fff5c4e0000 - 0x00007fff5c535000 	C:\WINDOWS\System32\shlwapi.dll
0x00007fff5b1e0000 - 0x00007fff5b205000 	C:\WINDOWS\SYSTEM32\profapi.dll
0x00007fff3dc80000 - 0x00007fff3dd57000 	C:\Program Files\Java\jdk-21\bin\jsvml.dll
0x00007fff4f010000 - 0x00007fff4f020000 	C:\Program Files\Java\jdk-21\bin\net.dll
0x00007fff51a10000 - 0x00007fff51b1a000 	C:\WINDOWS\SYSTEM32\WINHTTP.dll
0x00007fff5a970000 - 0x00007fff5a9da000 	C:\WINDOWS\system32\mswsock.dll
0x00007fff45cf0000 - 0x00007fff45d06000 	C:\Program Files\Java\jdk-21\bin\nio.dll
0x00007fff41af0000 - 0x00007fff41b08000 	C:\Program Files\Java\jdk-21\bin\zip.dll
0x0000000069ac0000 - 0x0000000069ae4000 	C:\Users\nicol\AppData\Local\Temp\jansi-2.4.0-b7ed86cb6476f81a-jansi.dll
0x00007fff4cd70000 - 0x00007fff4cd80000 	C:\Program Files\Java\jdk-21\bin\verify.dll

dbghelp: loaded successfully - version: 4.0.5 - missing functions: none
symbol engine: initialized successfully - sym options: 0x614 - pdb path: .;C:\Program Files\Java\jdk-21\bin;C:\WINDOWS\SYSTEM32;C:\WINDOWS\WinSxS\amd64_microsoft.windows.common-controls_6595b64144ccf1df_6.0.19041.3636_none_60b6a03d71f818d5;C:\Program Files\Java\jdk-21\bin\server;C:\Users\nicol\AppData\Local\Temp

VM Arguments:
jvm_args: -Dmaven.multiModuleProjectDirectory=C:\Users\nicol\OneDrive\Escritorio\sprinboot\gesvetnico\GesVet 
java_command: org.apache.maven.wrapper.MavenWrapperMain -Dexec.vmArgs= -Dexec.args=${exec.vmArgs} -classpath %classpath ${exec.mainClass} ${exec.appArgs} -Dexec.executable=C:\Program Files\Java\jdk-21\bin\java.exe -Dexec.mainClass=com.example.gesvet.GesvetApplication -Dexec.classpathScope=runtime -Dexec.appArgs= -Dmaven.ext.class.path=C:\Program Files\NetBeans-20\netbeans\java\maven-nblib\netbeans-eventspy.jar --no-transfer-progress process-classes org.codehaus.mojo:exec-maven-plugin:3.1.0:exec
java_class_path (initial): C:\Users\nicol\OneDrive\Escritorio\sprinboot\gesvetnico\GesVet\.mvn\wrapper\maven-wrapper.jar
Launcher Type: SUN_STANDARD

[Global flags]
     intx CICompilerCount                          = 2                                         {product} {ergonomic}
     uint ConcGCThreads                            = 1                                         {product} {ergonomic}
     uint G1ConcRefinementThreads                  = 2                                         {product} {ergonomic}
   size_t G1HeapRegionSize                         = 1048576                                   {product} {ergonomic}
    uintx GCDrainStackTargetSize                   = 64                                        {product} {ergonomic}
   size_t InitialHeapSize                          = 67108864                                  {product} {ergonomic}
   size_t MarkStackSize                            = 4194304                                   {product} {ergonomic}
   size_t MaxHeapSize                              = 1050673152                                {product} {ergonomic}
   size_t MaxNewSize                               = 630194176                                 {product} {ergonomic}
   size_t MinHeapDeltaBytes                        = 1048576                                   {product} {ergonomic}
   size_t MinHeapSize                              = 8388608                                   {product} {ergonomic}
    uintx NonNMethodCodeHeapSize                   = 5826188                                {pd product} {ergonomic}
    uintx NonProfiledCodeHeapSize                  = 122916026                              {pd product} {ergonomic}
    uintx ProfiledCodeHeapSize                     = 122916026                              {pd product} {ergonomic}
    uintx ReservedCodeCacheSize                    = 251658240                              {pd product} {ergonomic}
     bool SegmentedCodeCache                       = true                                      {product} {ergonomic}
   size_t SoftMaxHeapSize                          = 1050673152                             {manageable} {ergonomic}
     bool UseCompressedOops                        = true                           {product lp64_product} {ergonomic}
     bool UseG1GC                                  = true                                      {product} {ergonomic}
     bool UseLargePagesIndividualAllocation        = false                                  {pd product} {ergonomic}

Logging:
Log output configuration:
 #0: stdout all=warning uptime,level,tags foldmultilines=false
 #1: stderr all=off uptime,level,tags foldmultilines=false

Environment Variables:
JAVA_HOME=C:\Program Files\Java\jdk-21
PATH=C:\Program Files\Common Files\Oracle\Java\javapath;C:\Program Files (x86)\Common Files\Oracle\Java\javapath;C:\WINDOWS\system32;C:\WINDOWS;C:\WINDOWS\System32\Wbem;C:\WINDOWS\System32\WindowsPowerShell\v1.0\;C:\WINDOWS\System32\OpenSSH\;C:\Program Files\Git\cmd;C:\Users\nicol\.console-ninja\.bin;C:\Users\nicol\AppData\Local\Programs\Python\Python312\Scripts\;C:\Users\nicol\AppData\Local\Programs\Python\Python312\;C:\Users\nicol\AppData\Local\Programs\Python\Launcher\;C:\Users\nicol\AppData\Local\Microsoft\WindowsApps;C:\Users\nicol\AppData\Local\Programs\Microsoft VS Code\bin;C:\Program Files\NetBeans-16\netbeans\java\maven\bin;
USERNAME=nicol
OS=Windows_NT
PROCESSOR_IDENTIFIER=Intel64 Family 6 Model 76 Stepping 4, GenuineIntel
TMP=C:\Users\nicol\AppData\Local\Temp
TEMP=C:\Users\nicol\AppData\Local\Temp




Periodic native trim disabled

---------------  S Y S T E M  ---------------

OS:
 Windows 10 , 64 bit Build 19041 (10.0.19041.3636)
OS uptime: 2 days 14:26 hours

CPU: total 2 (initial active 2) (2 cores per cpu, 1 threads per core) family 6 model 76 stepping 4 microcode 0x411, cx8, cmov, fxsr, mmx, 3dnowpref, sse, sse2, sse3, ssse3, sse4.1, sse4.2, popcnt, tsc, tscinvbit, aes, erms, clmul, clflush, rdtscp
Processor Information for all 2 processors :
  Max Mhz: 1601, Current Mhz: 1601, Mhz Limit: 1601

Memory: 4k page, system-wide physical 4001M (231M free)
TotalPageFile size 6791M (AvailPageFile size 263M)
current process WorkingSet (physical memory assigned to process): 89M, peak: 91M
current process commit charge ("private bytes"): 149M, peak: 150M

vm_info: Java HotSpot(TM) 64-Bit Server VM (21.0.1+12-LTS-29) for windows-amd64 JRE (21.0.1+12-LTS-29), built on 2023-10-05T13:27:09Z by "mach5one" with MS VC++ 17.1 (VS2022)

END.
