#
# There is insufficient memory for the Java Runtime Environment to continue.
# Native memory allocation (malloc) failed to allocate 789200 bytes for Chunk::new
# Possible reasons:
#   The system is out of physical RAM or swap space
#   The process is running with CompressedOops enabled, and the Java Heap may be blocking the growth of the native heap
# Possible solutions:
#   Reduce memory load on the system
#   Increase physical memory or swap space
#   Check if swap backing store is full
#   Decrease Java heap size (-Xmx/-Xms)
#   Decrease number of Java threads
#   Decrease Java thread stack sizes (-Xss)
#   Set larger code cache with -XX:ReservedCodeCacheSize=
#   JVM is running with Unscaled Compressed Oops mode in which the Java heap is
#     placed in the first 4GB address space. The Java Heap base address is the
#     maximum limit for the native heap growth. Please use -XX:HeapBaseMinAddress
#     to set the Java Heap base and to place the Java Heap above 4GB virtual address.
# This output file may be truncated or incomplete.
#
#  Out of Memory Error (arena.cpp:168), pid=5488, tid=8052
#
# JRE version: Java(TM) SE Runtime Environment (21.0.1+12) (build 21.0.1+12-LTS-29)
# Java VM: Java HotSpot(TM) 64-Bit Server VM (21.0.1+12-LTS-29, mixed mode, sharing, tiered, compressed oops, compressed class ptrs, g1 gc, windows-amd64)
# No core dump will be written. Minidumps are not enabled by default on client versions of Windows
#

---------------  S U M M A R Y ------------

Command Line: com.example.gesvet.GesvetApplication

Host: Intel(R) Celeron(R) CPU  N3060  @ 1.60GHz, 2 cores, 3G,  Windows 10 , 64 bit Build 19041 (10.0.19041.3636)
Time: Sun Feb 18 12:39:45 2024 Hora est. Pacífico, Sudamérica elapsed time: 136.143067 seconds (0d 0h 2m 16s)

---------------  T H R E A D  ---------------

Current thread (0x0000022379f3cd30):  JavaThread "C2 CompilerThread0" daemon [_thread_in_native, id=8052, stack(0x000000f588e00000,0x000000f588f00000) (1024K)]


Current CompileTask:
C2: 136145 9263       4       org.springframework.boot.devtools.filewatch.DirectorySnapshot::collectFiles (99 bytes)

Stack: [0x000000f588e00000,0x000000f588f00000]
Native frames: (J=compiled Java code, j=interpreted, Vv=VM code, C=native code)
V  [jvm.dll+0x6c9029]
V  [jvm.dll+0x854b81]
V  [jvm.dll+0x856e5e]
V  [jvm.dll+0x857543]
V  [jvm.dll+0x280c06]
V  [jvm.dll+0xc3ead]
V  [jvm.dll+0xc43c3]
V  [jvm.dll+0x3b576c]
V  [jvm.dll+0x382475]
V  [jvm.dll+0x3818ea]
V  [jvm.dll+0x249ad0]
V  [jvm.dll+0x2490b1]
V  [jvm.dll+0x1c9ca1]
V  [jvm.dll+0x2586b9]
V  [jvm.dll+0x256c9a]
V  [jvm.dll+0x3ef1b6]
V  [jvm.dll+0x7fd728]
V  [jvm.dll+0x6c777d]
C  [ucrtbase.dll+0x21bb2]
C  [KERNEL32.DLL+0x17344]
C  [ntdll.dll+0x526b1]


---------------  P R O C E S S  ---------------

Threads class SMR info:
_java_thread_list=0x00000223417ed410, length=30, elements={
0x0000022379f2a590, 0x0000022379f2cc90, 0x0000022379f32ea0, 0x0000022379f33d30,
0x0000022379f35340, 0x0000022379f366f0, 0x0000022379f3cd30, 0x0000022379f5e8d0,
0x000002237e218800, 0x000002237e22d210, 0x0000022341bba600, 0x000002237fd7ce60,
0x000002237fca30e0, 0x000002237fca4490, 0x000002237fca5840, 0x000002237fca5ed0,
0x000002237fca6560, 0x000002237fca3e00, 0x000002237fca4b20, 0x0000022343be3e00,
0x0000022343be23c0, 0x0000022343be16a0, 0x0000022343be4b20, 0x0000022343be7fa0,
0x0000022343be5840, 0x0000022343be6560, 0x0000022343be8cc0, 0x0000022343be2a50,
0x0000022343be30e0, 0x0000022343be51b0
}

Java Threads: ( => current thread )
  0x0000022379f2a590 JavaThread "Reference Handler"          daemon [_thread_blocked, id=7176, stack(0x000000f588800000,0x000000f588900000) (1024K)]
  0x0000022379f2cc90 JavaThread "Finalizer"                  daemon [_thread_blocked, id=12152, stack(0x000000f588900000,0x000000f588a00000) (1024K)]
  0x0000022379f32ea0 JavaThread "Signal Dispatcher"          daemon [_thread_blocked, id=7400, stack(0x000000f588a00000,0x000000f588b00000) (1024K)]
  0x0000022379f33d30 JavaThread "Attach Listener"            daemon [_thread_blocked, id=12176, stack(0x000000f588b00000,0x000000f588c00000) (1024K)]
  0x0000022379f35340 JavaThread "Service Thread"             daemon [_thread_blocked, id=3976, stack(0x000000f588c00000,0x000000f588d00000) (1024K)]
  0x0000022379f366f0 JavaThread "Monitor Deflation Thread"   daemon [_thread_blocked, id=14256, stack(0x000000f588d00000,0x000000f588e00000) (1024K)]
=>0x0000022379f3cd30 JavaThread "C2 CompilerThread0"         daemon [_thread_in_native, id=8052, stack(0x000000f588e00000,0x000000f588f00000) (1024K)]
  0x0000022379f5e8d0 JavaThread "C1 CompilerThread0"         daemon [_thread_blocked, id=5376, stack(0x000000f588f00000,0x000000f589000000) (1024K)]
  0x000002237e218800 JavaThread "Notification Thread"        daemon [_thread_blocked, id=5548, stack(0x000000f589000000,0x000000f589100000) (1024K)]
  0x000002237e22d210 JavaThread "Common-Cleaner"             daemon [_thread_blocked, id=14032, stack(0x000000f589100000,0x000000f589200000) (1024K)]
  0x0000022341bba600 JavaThread "Catalina-utility-1"                [_thread_blocked, id=11672, stack(0x000000f589500000,0x000000f589600000) (1024K)]
  0x000002237fd7ce60 JavaThread "Catalina-utility-2"                [_thread_blocked, id=2384, stack(0x000000f589600000,0x000000f589700000) (1024K)]
  0x000002237fca30e0 JavaThread "container-0"                       [_thread_blocked, id=7648, stack(0x000000f589700000,0x000000f589800000) (1024K)]
  0x000002237fca4490 JavaThread "mysql-cj-abandoned-connection-cleanup" daemon [_thread_blocked, id=2460, stack(0x000000f589800000,0x000000f589900000) (1024K)]
  0x000002237fca5840 JavaThread "HikariPool-1 housekeeper"   daemon [_thread_blocked, id=14916, stack(0x000000f589a00000,0x000000f589b00000) (1024K)]
  0x000002237fca5ed0 JavaThread "File Watcher"               daemon [_thread_blocked, id=832, stack(0x000000f589c00000,0x000000f589d00000) (1024K)]
  0x000002237fca6560 JavaThread "Live Reload Server"         daemon [_thread_in_native, id=4472, stack(0x000000f589e00000,0x000000f589f00000) (1024K)]
  0x000002237fca3e00 JavaThread "http-nio-8080-exec-1"       daemon [_thread_blocked, id=5960, stack(0x000000f589d00000,0x000000f589e00000) (1024K)]
  0x000002237fca4b20 JavaThread "http-nio-8080-exec-2"       daemon [_thread_blocked, id=8172, stack(0x000000f589f00000,0x000000f58a000000) (1024K)]
  0x0000022343be3e00 JavaThread "http-nio-8080-exec-3"       daemon [_thread_blocked, id=6916, stack(0x000000f58a000000,0x000000f58a100000) (1024K)]
  0x0000022343be23c0 JavaThread "http-nio-8080-exec-4"       daemon [_thread_blocked, id=11840, stack(0x000000f58a100000,0x000000f58a200000) (1024K)]
  0x0000022343be16a0 JavaThread "http-nio-8080-exec-5"       daemon [_thread_blocked, id=8472, stack(0x000000f58a200000,0x000000f58a300000) (1024K)]
  0x0000022343be4b20 JavaThread "http-nio-8080-exec-6"       daemon [_thread_blocked, id=564, stack(0x000000f58a300000,0x000000f58a400000) (1024K)]
  0x0000022343be7fa0 JavaThread "http-nio-8080-exec-7"       daemon [_thread_blocked, id=4112, stack(0x000000f58a400000,0x000000f58a500000) (1024K)]
  0x0000022343be5840 JavaThread "http-nio-8080-exec-8"       daemon [_thread_blocked, id=5464, stack(0x000000f58a500000,0x000000f58a600000) (1024K)]
  0x0000022343be6560 JavaThread "http-nio-8080-exec-9"       daemon [_thread_blocked, id=4508, stack(0x000000f58a600000,0x000000f58a700000) (1024K)]
  0x0000022343be8cc0 JavaThread "http-nio-8080-exec-10"      daemon [_thread_blocked, id=12220, stack(0x000000f58a700000,0x000000f58a800000) (1024K)]
  0x0000022343be2a50 JavaThread "http-nio-8080-Poller"       daemon [_thread_in_native, id=10492, stack(0x000000f58a800000,0x000000f58a900000) (1024K)]
  0x0000022343be30e0 JavaThread "http-nio-8080-Acceptor"     daemon [_thread_in_native, id=2776, stack(0x000000f58a900000,0x000000f58aa00000) (1024K)]
  0x0000022343be51b0 JavaThread "DestroyJavaVM"                     [_thread_blocked, id=5884, stack(0x000000f587f00000,0x000000f588000000) (1024K)]
Total: 30

Other Threads:
  0x000002235f88cda0 VMThread "VM Thread"                           [id=12072, stack(0x000000f588700000,0x000000f588800000) (1024K)]
  0x0000022379f1ca10 WatcherThread "VM Periodic Task Thread"        [id=6456, stack(0x000000f588600000,0x000000f588700000) (1024K)]
  0x000002235f810640 WorkerThread "GC Thread#0"                     [id=10580, stack(0x000000f588100000,0x000000f588200000) (1024K)]
  0x000002237e6dea80 WorkerThread "GC Thread#1"                     [id=14580, stack(0x000000f589200000,0x000000f589300000) (1024K)]
  0x000002235f81a280 ConcurrentGCThread "G1 Main Marker"            [id=11344, stack(0x000000f588200000,0x000000f588300000) (1024K)]
  0x000002235f81ac90 WorkerThread "G1 Conc#0"                       [id=4988, stack(0x000000f588300000,0x000000f588400000) (1024K)]
  0x000002235f865e20 ConcurrentGCThread "G1 Refine#0"               [id=4780, stack(0x000000f588400000,0x000000f588500000) (1024K)]
  0x000002235f866a50 ConcurrentGCThread "G1 Service"                [id=7824, stack(0x000000f588500000,0x000000f588600000) (1024K)]
Total: 8

Threads with active compile tasks:
C2 CompilerThread0   136361 9263       4       org.springframework.boot.devtools.filewatch.DirectorySnapshot::collectFiles (99 bytes)
Total: 1

VM state: not at safepoint (normal execution)

VM Mutex/Monitor currently owned by a thread: None

Heap address: 0x00000000c1600000, size: 1002 MB, Compressed Oops mode: 32-bit

CDS archive(s) mapped at: [0x0000022300000000-0x0000022300c90000-0x0000022300c90000), size 13172736, SharedBaseAddress: 0x0000022300000000, ArchiveRelocationMode: 1.
Compressed class space mapped at: 0x0000022301000000-0x0000022341000000, reserved size: 1073741824
Narrow klass base: 0x0000022300000000, Narrow klass shift: 0, Narrow klass range: 0x100000000

GC Precious Log:
 CardTable entry size: 512
 Card Set container configuration: InlinePtr #cards 5 size 8 Array Of Cards #cards 12 size 40 Howl #buckets 4 coarsen threshold 1843 Howl Bitmap #cards 512 size 80 coarsen threshold 460 Card regions per heap region 1 cards per card region 2048
 CPUs: 2 total, 2 available
 Memory: 4001M
 Large Page Support: Disabled
 NUMA Support: Disabled
 Compressed Oops: Enabled (32-bit)
 Heap Region Size: 1M
 Heap Min Capacity: 8M
 Heap Initial Capacity: 64M
 Heap Max Capacity: 1002M
 Pre-touch: Disabled
 Parallel Workers: 2
 Concurrent Workers: 1
 Concurrent Refinement Workers: 2
 Periodic GC: Disabled

Heap:
 garbage-first heap   total 70656K, used 41161K [0x00000000c1600000, 0x0000000100000000)
  region size 1024K, 4 young (4096K), 2 survivors (2048K)
 Metaspace       used 83421K, committed 84160K, reserved 1179648K
  class space    used 11290K, committed 11648K, reserved 1048576K

Heap Regions: E=young(eden), S=young(survivor), O=old, HS=humongous(starts), HC=humongous(continues), CS=collection set, F=free, TAMS=top-at-mark-start, PB=parsable bottom
|   0|0x00000000c1600000, 0x00000000c1700000, 0x00000000c1700000|100%|HS|  |TAMS 0x00000000c1600000| PB 0x00000000c1600000| Complete 
|   1|0x00000000c1700000, 0x00000000c1800000, 0x00000000c1800000|100%| O|  |TAMS 0x00000000c1700000| PB 0x00000000c1700000| Untracked 
|   2|0x00000000c1800000, 0x00000000c1900000, 0x00000000c1900000|100%| O|  |TAMS 0x00000000c1800000| PB 0x00000000c1800000| Untracked 
|   3|0x00000000c1900000, 0x00000000c1a00000, 0x00000000c1a00000|100%| O|  |TAMS 0x00000000c1900000| PB 0x00000000c1900000| Untracked 
|   4|0x00000000c1a00000, 0x00000000c1b00000, 0x00000000c1b00000|100%| O|  |TAMS 0x00000000c1a00000| PB 0x00000000c1a00000| Untracked 
|   5|0x00000000c1b00000, 0x00000000c1c00000, 0x00000000c1c00000|100%| O|  |TAMS 0x00000000c1b00000| PB 0x00000000c1b00000| Untracked 
|   6|0x00000000c1c00000, 0x00000000c1d00000, 0x00000000c1d00000|100%| O|  |TAMS 0x00000000c1c00000| PB 0x00000000c1c00000| Untracked 
|   7|0x00000000c1d00000, 0x00000000c1e00000, 0x00000000c1e00000|100%| O|  |TAMS 0x00000000c1d00000| PB 0x00000000c1d00000| Untracked 
|   8|0x00000000c1e00000, 0x00000000c1f00000, 0x00000000c1f00000|100%| O|  |TAMS 0x00000000c1e00000| PB 0x00000000c1e00000| Untracked 
|   9|0x00000000c1f00000, 0x00000000c2000000, 0x00000000c2000000|100%| O|  |TAMS 0x00000000c1f00000| PB 0x00000000c1f00000| Untracked 
|  10|0x00000000c2000000, 0x00000000c2100000, 0x00000000c2100000|100%| O|  |TAMS 0x00000000c2000000| PB 0x00000000c2000000| Untracked 
|  11|0x00000000c2100000, 0x00000000c2200000, 0x00000000c2200000|100%| O|  |TAMS 0x00000000c2100000| PB 0x00000000c2100000| Untracked 
|  12|0x00000000c2200000, 0x00000000c2300000, 0x00000000c2300000|100%| O|  |TAMS 0x00000000c2200000| PB 0x00000000c2200000| Untracked 
|  13|0x00000000c2300000, 0x00000000c2300000, 0x00000000c2400000|  0%| F|  |TAMS 0x00000000c2300000| PB 0x00000000c2300000| Untracked 
|  14|0x00000000c2400000, 0x00000000c2500000, 0x00000000c2500000|100%| O|  |TAMS 0x00000000c2400000| PB 0x00000000c2400000| Untracked 
|  15|0x00000000c2500000, 0x00000000c2600000, 0x00000000c2600000|100%| O|  |TAMS 0x00000000c2500000| PB 0x00000000c2500000| Untracked 
|  16|0x00000000c2600000, 0x00000000c2700000, 0x00000000c2700000|100%| O|  |TAMS 0x00000000c2600000| PB 0x00000000c2600000| Untracked 
|  17|0x00000000c2700000, 0x00000000c2800000, 0x00000000c2800000|100%| O|  |TAMS 0x00000000c2700000| PB 0x00000000c2700000| Untracked 
|  18|0x00000000c2800000, 0x00000000c2900000, 0x00000000c2900000|100%| O|  |TAMS 0x00000000c2800000| PB 0x00000000c2800000| Untracked 
|  19|0x00000000c2900000, 0x00000000c2a00000, 0x00000000c2a00000|100%| O|  |TAMS 0x00000000c2900000| PB 0x00000000c2900000| Untracked 
|  20|0x00000000c2a00000, 0x00000000c2b00000, 0x00000000c2b00000|100%| O|  |TAMS 0x00000000c2a00000| PB 0x00000000c2a00000| Untracked 
|  21|0x00000000c2b00000, 0x00000000c2c00000, 0x00000000c2c00000|100%| O|  |TAMS 0x00000000c2b00000| PB 0x00000000c2b00000| Untracked 
|  22|0x00000000c2c00000, 0x00000000c2d00000, 0x00000000c2d00000|100%| O|  |TAMS 0x00000000c2c00000| PB 0x00000000c2c00000| Untracked 
|  23|0x00000000c2d00000, 0x00000000c2e00000, 0x00000000c2e00000|100%| O|  |TAMS 0x00000000c2d00000| PB 0x00000000c2d00000| Untracked 
|  24|0x00000000c2e00000, 0x00000000c2f00000, 0x00000000c2f00000|100%| O|  |TAMS 0x00000000c2e00000| PB 0x00000000c2e00000| Untracked 
|  25|0x00000000c2f00000, 0x00000000c3000000, 0x00000000c3000000|100%| O|  |TAMS 0x00000000c2f00000| PB 0x00000000c2f00000| Untracked 
|  26|0x00000000c3000000, 0x00000000c3100000, 0x00000000c3100000|100%| O|  |TAMS 0x00000000c3000000| PB 0x00000000c3000000| Untracked 
|  27|0x00000000c3100000, 0x00000000c3200000, 0x00000000c3200000|100%| O|Cm|TAMS 0x00000000c3100000| PB 0x00000000c3100000| Complete 
|  28|0x00000000c3200000, 0x00000000c3300000, 0x00000000c3300000|100%| O|  |TAMS 0x00000000c3200000| PB 0x00000000c3200000| Untracked 
|  29|0x00000000c3300000, 0x00000000c3400000, 0x00000000c3400000|100%| O|  |TAMS 0x00000000c3300000| PB 0x00000000c3300000| Untracked 
|  30|0x00000000c3400000, 0x00000000c3500000, 0x00000000c3500000|100%| O|  |TAMS 0x00000000c3400000| PB 0x00000000c3400000| Untracked 
|  31|0x00000000c3500000, 0x00000000c3600000, 0x00000000c3600000|100%| O|  |TAMS 0x00000000c3500000| PB 0x00000000c3500000| Untracked 
|  32|0x00000000c3600000, 0x00000000c3600000, 0x00000000c3700000|  0%| F|  |TAMS 0x00000000c3600000| PB 0x00000000c3600000| Untracked 
|  33|0x00000000c3700000, 0x00000000c3800000, 0x00000000c3800000|100%| O|  |TAMS 0x00000000c3700000| PB 0x00000000c3700000| Untracked 
|  34|0x00000000c3800000, 0x00000000c3900000, 0x00000000c3900000|100%| O|  |TAMS 0x00000000c3800000| PB 0x00000000c3800000| Untracked 
|  35|0x00000000c3900000, 0x00000000c3a00000, 0x00000000c3a00000|100%| O|  |TAMS 0x00000000c3900000| PB 0x00000000c3900000| Untracked 
|  36|0x00000000c3a00000, 0x00000000c3b00000, 0x00000000c3b00000|100%| O|  |TAMS 0x00000000c3a00000| PB 0x00000000c3a00000| Untracked 
|  37|0x00000000c3b00000, 0x00000000c3c00000, 0x00000000c3c00000|100%| O|  |TAMS 0x00000000c3b00000| PB 0x00000000c3b00000| Untracked 
|  38|0x00000000c3c00000, 0x00000000c3d00000, 0x00000000c3d00000|100%| O|  |TAMS 0x00000000c3c00000| PB 0x00000000c3c00000| Untracked 
|  39|0x00000000c3d00000, 0x00000000c3d32408, 0x00000000c3e00000| 19%| O|  |TAMS 0x00000000c3d00000| PB 0x00000000c3d00000| Untracked 
|  40|0x00000000c3e00000, 0x00000000c3e00000, 0x00000000c3f00000|  0%| F|  |TAMS 0x00000000c3e00000| PB 0x00000000c3e00000| Untracked 
|  41|0x00000000c3f00000, 0x00000000c3f00000, 0x00000000c4000000|  0%| F|  |TAMS 0x00000000c3f00000| PB 0x00000000c3f00000| Untracked 
|  42|0x00000000c4000000, 0x00000000c4000000, 0x00000000c4100000|  0%| F|  |TAMS 0x00000000c4000000| PB 0x00000000c4000000| Untracked 
|  43|0x00000000c4100000, 0x00000000c4100000, 0x00000000c4200000|  0%| F|  |TAMS 0x00000000c4100000| PB 0x00000000c4100000| Untracked 
|  44|0x00000000c4200000, 0x00000000c4300000, 0x00000000c4300000|100%| S|CS|TAMS 0x00000000c4200000| PB 0x00000000c4200000| Complete 
|  45|0x00000000c4300000, 0x00000000c4400000, 0x00000000c4400000|100%| S|CS|TAMS 0x00000000c4300000| PB 0x00000000c4300000| Complete 
|  46|0x00000000c4400000, 0x00000000c4400000, 0x00000000c4500000|  0%| F|  |TAMS 0x00000000c4400000| PB 0x00000000c4400000| Untracked 
|  47|0x00000000c4500000, 0x00000000c4500000, 0x00000000c4600000|  0%| F|  |TAMS 0x00000000c4500000| PB 0x00000000c4500000| Untracked 
|  48|0x00000000c4600000, 0x00000000c4600000, 0x00000000c4700000|  0%| F|  |TAMS 0x00000000c4600000| PB 0x00000000c4600000| Untracked 
|  49|0x00000000c4700000, 0x00000000c4700000, 0x00000000c4800000|  0%| F|  |TAMS 0x00000000c4700000| PB 0x00000000c4700000| Untracked 
|  50|0x00000000c4800000, 0x00000000c4800000, 0x00000000c4900000|  0%| F|  |TAMS 0x00000000c4800000| PB 0x00000000c4800000| Untracked 
|  51|0x00000000c4900000, 0x00000000c4900000, 0x00000000c4a00000|  0%| F|  |TAMS 0x00000000c4900000| PB 0x00000000c4900000| Untracked 
|  52|0x00000000c4a00000, 0x00000000c4a00000, 0x00000000c4b00000|  0%| F|  |TAMS 0x00000000c4a00000| PB 0x00000000c4a00000| Untracked 
|  53|0x00000000c4b00000, 0x00000000c4b00000, 0x00000000c4c00000|  0%| F|  |TAMS 0x00000000c4b00000| PB 0x00000000c4b00000| Untracked 
|  54|0x00000000c4c00000, 0x00000000c4c00000, 0x00000000c4d00000|  0%| F|  |TAMS 0x00000000c4c00000| PB 0x00000000c4c00000| Untracked 
|  55|0x00000000c4d00000, 0x00000000c4d00000, 0x00000000c4e00000|  0%| F|  |TAMS 0x00000000c4d00000| PB 0x00000000c4d00000| Untracked 
|  56|0x00000000c4e00000, 0x00000000c4e00000, 0x00000000c4f00000|  0%| F|  |TAMS 0x00000000c4e00000| PB 0x00000000c4e00000| Untracked 
|  57|0x00000000c4f00000, 0x00000000c4f00000, 0x00000000c5000000|  0%| F|  |TAMS 0x00000000c4f00000| PB 0x00000000c4f00000| Untracked 
|  58|0x00000000c5000000, 0x00000000c5000000, 0x00000000c5100000|  0%| F|  |TAMS 0x00000000c5000000| PB 0x00000000c5000000| Untracked 
|  59|0x00000000c5100000, 0x00000000c5100000, 0x00000000c5200000|  0%| F|  |TAMS 0x00000000c5100000| PB 0x00000000c5100000| Untracked 
|  60|0x00000000c5200000, 0x00000000c5200000, 0x00000000c5300000|  0%| F|  |TAMS 0x00000000c5200000| PB 0x00000000c5200000| Untracked 
|  61|0x00000000c5300000, 0x00000000c5300000, 0x00000000c5400000|  0%| F|  |TAMS 0x00000000c5300000| PB 0x00000000c5300000| Untracked 
|  62|0x00000000c5400000, 0x00000000c5400000, 0x00000000c5500000|  0%| F|  |TAMS 0x00000000c5400000| PB 0x00000000c5400000| Untracked 
|  63|0x00000000c5500000, 0x00000000c5600000, 0x00000000c5600000|100%| E|CS|TAMS 0x00000000c5500000| PB 0x00000000c5500000| Complete 
|  64|0x00000000c5600000, 0x00000000c5600000, 0x00000000c5700000|  0%| F|  |TAMS 0x00000000c5600000| PB 0x00000000c5600000| Untracked 
|  65|0x00000000c5700000, 0x00000000c5700000, 0x00000000c5800000|  0%| F|  |TAMS 0x00000000c5700000| PB 0x00000000c5700000| Untracked 
|  66|0x00000000c5800000, 0x00000000c5800000, 0x00000000c5900000|  0%| F|  |TAMS 0x00000000c5800000| PB 0x00000000c5800000| Untracked 
|  67|0x00000000c5900000, 0x00000000c5900000, 0x00000000c5a00000|  0%| F|  |TAMS 0x00000000c5900000| PB 0x00000000c5900000| Untracked 
|  68|0x00000000c5a00000, 0x00000000c5aaa970, 0x00000000c5b00000| 66%| E|  |TAMS 0x00000000c5a00000| PB 0x00000000c5a00000| Complete 

Card table byte_map: [0x000002235f5a0000,0x000002235f7a0000] _byte_map_base: 0x000002235ef95000

Marking Bits: (CMBitMap*) 0x000002235f811c60
 Bits: [0x0000022376c30000, 0x0000022377bd8000)

Polling page: 0x000002235d690000

Metaspace:

Usage:
  Non-class:     70.44 MB used.
      Class:     11.03 MB used.
       Both:     81.47 MB used.

Virtual space:
  Non-class space:      128.00 MB reserved,      70.81 MB ( 55%) committed,  2 nodes.
      Class space:        1.00 GB reserved,      11.38 MB (  1%) committed,  1 nodes.
             Both:        1.12 GB reserved,      82.19 MB (  7%) committed. 

Chunk freelists:
   Non-Class:  9.12 MB
       Class:  4.53 MB
        Both:  13.66 MB

MaxMetaspaceSize: unlimited
CompressedClassSpaceSize: 1.00 GB
Initial GC threshold: 21.00 MB
Current GC threshold: 137.00 MB
CDS: on
 - commit_granule_bytes: 65536.
 - commit_granule_words: 8192.
 - virtual_space_node_default_size: 8388608.
 - enlarge_chunks_in_place: 1.
 - use_allocation_guard: 0.


Internal statistics:

num_allocs_failed_limit: 9.
num_arena_births: 1042.
num_arena_deaths: 0.
num_vsnodes_births: 3.
num_vsnodes_deaths: 0.
num_space_committed: 1315.
num_space_uncommitted: 0.
num_chunks_returned_to_freelist: 9.
num_chunks_taken_from_freelist: 3984.
num_chunk_merges: 9.
num_chunk_splits: 2895.
num_chunks_enlarged: 2250.
num_inconsistent_stats: 0.

CodeHeap 'non-profiled nmethods': size=120064Kb used=4551Kb max_used=4791Kb free=115513Kb
 bounds [0x000002236f6f0000, 0x000002236fba0000, 0x0000022376c30000]
CodeHeap 'profiled nmethods': size=120000Kb used=15017Kb max_used=15571Kb free=104982Kb
 bounds [0x0000022367c30000, 0x0000022368b70000, 0x000002236f160000]
CodeHeap 'non-nmethods': size=5696Kb used=1779Kb max_used=1807Kb free=3916Kb
 bounds [0x000002236f160000, 0x000002236f3d0000, 0x000002236f6f0000]
 total_blobs=8530 nmethods=7752 adapters=682
 compilation: enabled
              stopped_count=0, restarted_count=0
 full_count=0

Compilation events (20 events):
Event: 133.329 Thread 0x0000022379f3cd30 nmethod 9256 0x000002236fa52190 code [0x000002236fa523e0, 0x000002236fa53158]
Event: 133.482 Thread 0x0000022379f5e8d0 9258       3       java.util.concurrent.locks.LockSupport::setCurrentBlocker (14 bytes)
Event: 133.483 Thread 0x0000022379f5e8d0 nmethod 9258 0x0000022367c62b90 code [0x0000022367c62d40, 0x0000022367c62f58]
Event: 133.534 Thread 0x0000022379f5e8d0 9259       3       java.util.concurrent.ThreadPoolExecutor::isShutdown (12 bytes)
Event: 133.535 Thread 0x0000022379f5e8d0 nmethod 9259 0x0000022367f90f90 code [0x0000022367f91140, 0x0000022367f91328]
Event: 134.169 Thread 0x0000022379f5e8d0 9260       3       java.util.concurrent.ScheduledThreadPoolExecutor::canRunInCurrentRunState (61 bytes)
Event: 134.170 Thread 0x0000022379f5e8d0 nmethod 9260 0x0000022367f36690 code [0x0000022367f368a0, 0x0000022367f370b0]
Event: 134.433 Thread 0x0000022379f5e8d0 9261       3       java.util.AbstractCollection::containsAll (38 bytes)
Event: 134.434 Thread 0x0000022379f5e8d0 nmethod 9261 0x0000022367cc2a90 code [0x0000022367cc2c80, 0x0000022367cc31d0]
Event: 134.491 Thread 0x0000022379f5e8d0 9262   !   3       java.lang.Thread::blockedOn (27 bytes)
Event: 134.492 Thread 0x0000022379f5e8d0 nmethod 9262 0x0000022367c3a310 code [0x0000022367c3a4c0, 0x0000022367c3a730]
Event: 135.812 Thread 0x0000022379f3cd30 9263       4       org.springframework.boot.devtools.filewatch.DirectorySnapshot::collectFiles (99 bytes)
Event: 135.909 Thread 0x0000022379f5e8d0 9265       3       org.apache.coyote.http11.Http11InputBuffer::parseRequestLine (1478 bytes)
Event: 135.950 Thread 0x0000022379f5e8d0 nmethod 9265 0x0000022368388e10 code [0x00000223683896e0, 0x000002236838f3b0]
Event: 135.953 Thread 0x0000022379f5e8d0 9266       1       org.apache.coyote.AbstractProcessor::getAdapter (5 bytes)
Event: 135.953 Thread 0x0000022379f5e8d0 nmethod 9266 0x000002236f7b4110 code [0x000002236f7b42a0, 0x000002236f7b4368]
Event: 135.954 Thread 0x0000022379f5e8d0 9267       3       org.apache.tomcat.util.http.MimeHeaders::recycle (31 bytes)
Event: 135.954 Thread 0x0000022379f5e8d0 nmethod 9267 0x0000022367fdf710 code [0x0000022367fdf8e0, 0x0000022367fdfbd0]
Event: 135.956 Thread 0x0000022379f5e8d0 9268       3       java.util.LinkedHashMap::clear (15 bytes)
Event: 135.956 Thread 0x0000022379f5e8d0 nmethod 9268 0x0000022367f94090 code [0x0000022367f94240, 0x0000022367f943e8]

GC Heap History (20 events):
Event: 52.836 GC heap before
{Heap before GC invocations=15 (full 0):
 garbage-first heap   total 61440K, used 28422K [0x00000000c1600000, 0x0000000100000000)
  region size 1024K, 6 young (6144K), 3 survivors (3072K)
 Metaspace       used 59546K, committed 60096K, reserved 1114112K
  class space    used 7899K, committed 8128K, reserved 1048576K
}
Event: 52.857 GC heap after
{Heap after GC invocations=16 (full 0):
 garbage-first heap   total 61440K, used 26829K [0x00000000c1600000, 0x0000000100000000)
  region size 1024K, 2 young (2048K), 2 survivors (2048K)
 Metaspace       used 59546K, committed 60096K, reserved 1114112K
  class space    used 7899K, committed 8128K, reserved 1048576K
}
Event: 62.068 GC heap before
{Heap before GC invocations=17 (full 0):
 garbage-first heap   total 61440K, used 54477K [0x00000000c1600000, 0x0000000100000000)
  region size 1024K, 29 young (29696K), 2 survivors (2048K)
 Metaspace       used 64590K, committed 65280K, reserved 1114112K
  class space    used 8609K, committed 8960K, reserved 1048576K
}
Event: 62.097 GC heap after
{Heap after GC invocations=18 (full 0):
 garbage-first heap   total 61440K, used 29149K [0x00000000c1600000, 0x0000000100000000)
  region size 1024K, 4 young (4096K), 4 survivors (4096K)
 Metaspace       used 64590K, committed 65280K, reserved 1114112K
  class space    used 8609K, committed 8960K, reserved 1048576K
}
Event: 65.076 GC heap before
{Heap before GC invocations=18 (full 0):
 garbage-first heap   total 61440K, used 53725K [0x00000000c1600000, 0x0000000100000000)
  region size 1024K, 28 young (28672K), 4 survivors (4096K)
 Metaspace       used 65109K, committed 65792K, reserved 1114112K
  class space    used 8665K, committed 9024K, reserved 1048576K
}
Event: 65.111 GC heap after
{Heap after GC invocations=19 (full 0):
 garbage-first heap   total 61440K, used 29836K [0x00000000c1600000, 0x0000000100000000)
  region size 1024K, 2 young (2048K), 2 survivors (2048K)
 Metaspace       used 65109K, committed 65792K, reserved 1114112K
  class space    used 8665K, committed 9024K, reserved 1048576K
}
Event: 68.949 GC heap before
{Heap before GC invocations=19 (full 0):
 garbage-first heap   total 61440K, used 55436K [0x00000000c1600000, 0x0000000100000000)
  region size 1024K, 27 young (27648K), 2 survivors (2048K)
 Metaspace       used 66603K, committed 67328K, reserved 1114112K
  class space    used 8866K, committed 9216K, reserved 1048576K
}
Event: 68.971 GC heap after
{Heap after GC invocations=20 (full 0):
 garbage-first heap   total 61440K, used 30535K [0x00000000c1600000, 0x0000000100000000)
  region size 1024K, 2 young (2048K), 2 survivors (2048K)
 Metaspace       used 66603K, committed 67328K, reserved 1114112K
  class space    used 8866K, committed 9216K, reserved 1048576K
}
Event: 74.652 GC heap before
{Heap before GC invocations=21 (full 0):
 garbage-first heap   total 61440K, used 55111K [0x00000000c1600000, 0x0000000100000000)
  region size 1024K, 27 young (27648K), 2 survivors (2048K)
 Metaspace       used 70970K, committed 71680K, reserved 1114112K
  class space    used 9667K, committed 9984K, reserved 1048576K
}
Event: 74.682 GC heap after
{Heap after GC invocations=22 (full 0):
 garbage-first heap   total 61440K, used 32714K [0x00000000c1600000, 0x0000000100000000)
  region size 1024K, 4 young (4096K), 4 survivors (4096K)
 Metaspace       used 70970K, committed 71680K, reserved 1114112K
  class space    used 9667K, committed 9984K, reserved 1048576K
}
Event: 78.825 GC heap before
{Heap before GC invocations=22 (full 0):
 garbage-first heap   total 61440K, used 54218K [0x00000000c1600000, 0x0000000100000000)
  region size 1024K, 25 young (25600K), 4 survivors (4096K)
 Metaspace       used 73675K, committed 74368K, reserved 1114112K
  class space    used 10058K, committed 10368K, reserved 1048576K
}
Event: 78.873 GC heap after
{Heap after GC invocations=23 (full 0):
 garbage-first heap   total 62464K, used 34997K [0x00000000c1600000, 0x0000000100000000)
  region size 1024K, 3 young (3072K), 3 survivors (3072K)
 Metaspace       used 73675K, committed 74368K, reserved 1114112K
  class space    used 10058K, committed 10368K, reserved 1048576K
}
Event: 83.838 GC heap before
{Heap before GC invocations=23 (full 0):
 garbage-first heap   total 62464K, used 54453K [0x00000000c1600000, 0x0000000100000000)
  region size 1024K, 22 young (22528K), 3 survivors (3072K)
 Metaspace       used 75991K, committed 76672K, reserved 1179648K
  class space    used 10386K, committed 10688K, reserved 1048576K
}
Event: 83.868 GC heap after
{Heap after GC invocations=24 (full 0):
 garbage-first heap   total 62464K, used 37320K [0x00000000c1600000, 0x0000000100000000)
  region size 1024K, 3 young (3072K), 3 survivors (3072K)
 Metaspace       used 75991K, committed 76672K, reserved 1179648K
  class space    used 10386K, committed 10688K, reserved 1048576K
}
Event: 100.704 GC heap before
{Heap before GC invocations=25 (full 0):
 garbage-first heap   total 65536K, used 53704K [0x00000000c1600000, 0x0000000100000000)
  region size 1024K, 20 young (20480K), 3 survivors (3072K)
 Metaspace       used 78841K, committed 79616K, reserved 1179648K
  class space    used 10779K, committed 11136K, reserved 1048576K
}
Event: 100.737 GC heap after
{Heap after GC invocations=26 (full 0):
 garbage-first heap   total 65536K, used 39351K [0x00000000c1600000, 0x0000000100000000)
  region size 1024K, 3 young (3072K), 3 survivors (3072K)
 Metaspace       used 78841K, committed 79616K, reserved 1179648K
  class space    used 10779K, committed 11136K, reserved 1048576K
}
Event: 122.566 GC heap before
{Heap before GC invocations=26 (full 0):
 garbage-first heap   total 65536K, used 56759K [0x00000000c1600000, 0x0000000100000000)
  region size 1024K, 21 young (21504K), 3 survivors (3072K)
 Metaspace       used 80871K, committed 81664K, reserved 1179648K
  class space    used 10984K, committed 11328K, reserved 1048576K
}
Event: 122.600 GC heap after
{Heap after GC invocations=27 (full 0):
 garbage-first heap   total 65536K, used 39758K [0x00000000c1600000, 0x0000000100000000)
  region size 1024K, 2 young (2048K), 2 survivors (2048K)
 Metaspace       used 80871K, committed 81664K, reserved 1179648K
  class space    used 10984K, committed 11328K, reserved 1048576K
}
Event: 132.112 GC heap before
{Heap before GC invocations=27 (full 0):
 garbage-first heap   total 65536K, used 57166K [0x00000000c1600000, 0x0000000100000000)
  region size 1024K, 20 young (20480K), 2 survivors (2048K)
 Metaspace       used 83407K, committed 84160K, reserved 1179648K
  class space    used 11290K, committed 11648K, reserved 1048576K
}
Event: 132.132 GC heap after
{Heap after GC invocations=28 (full 0):
 garbage-first heap   total 65536K, used 40137K [0x00000000c1600000, 0x0000000100000000)
  region size 1024K, 2 young (2048K), 2 survivors (2048K)
 Metaspace       used 83407K, committed 84160K, reserved 1179648K
  class space    used 11290K, committed 11648K, reserved 1048576K
}

Dll operation events (11 events):
Event: 0.046 Loaded shared library C:\Program Files\Java\jdk-21\bin\java.dll
Event: 0.191 Loaded shared library C:\Program Files\Java\jdk-21\bin\jsvml.dll
Event: 0.571 Loaded shared library C:\Program Files\Java\jdk-21\bin\net.dll
Event: 0.579 Loaded shared library C:\Program Files\Java\jdk-21\bin\nio.dll
Event: 0.593 Loaded shared library C:\Program Files\Java\jdk-21\bin\zip.dll
Event: 1.311 Loaded shared library C:\Program Files\Java\jdk-21\bin\jimage.dll
Event: 3.232 Loaded shared library C:\Program Files\Java\jdk-21\bin\management.dll
Event: 3.248 Loaded shared library C:\Program Files\Java\jdk-21\bin\management_ext.dll
Event: 12.939 Loaded shared library C:\Program Files\Java\jdk-21\bin\sunmscapi.dll
Event: 33.704 Loaded shared library C:\Program Files\Java\jdk-21\bin\verify.dll
Event: 35.623 Loaded shared library C:\Program Files\Java\jdk-21\bin\extnet.dll

Deoptimization events (20 events):
Event: 132.074 Thread 0x0000022343be8cc0 Uncommon trap: trap_request=0xffffff45 fr.pc=0x000002236fb7aa5c relative=0x00000000000002fc
Event: 132.074 Thread 0x0000022343be8cc0 Uncommon trap: reason=unstable_if action=reinterpret pc=0x000002236fb7aa5c method=org.springframework.util.StringUtils.uriDecode(Ljava/lang/String;Ljava/nio/charset/Charset;)Ljava/lang/String; @ 50 c2
Event: 132.074 Thread 0x0000022343be8cc0 DEOPT PACKING pc=0x000002236fb7aa5c sp=0x000000f58a7fcdc0
Event: 132.074 Thread 0x0000022343be8cc0 DEOPT UNPACKING pc=0x000002236f1b469c sp=0x000000f58a7fcd30 mode 2
Event: 132.818 Thread 0x0000022343be8cc0 Uncommon trap: trap_request=0xffffff45 fr.pc=0x000002236f966740 relative=0x00000000000000a0
Event: 132.818 Thread 0x0000022343be8cc0 Uncommon trap: reason=unstable_if action=reinterpret pc=0x000002236f966740 method=sun.net.www.ParseUtil.match(CJJ)Z @ 13 c2
Event: 132.818 Thread 0x0000022343be8cc0 DEOPT PACKING pc=0x000002236f966740 sp=0x000000f58a7fb720
Event: 132.818 Thread 0x0000022343be8cc0 DEOPT UNPACKING pc=0x000002236f1b469c sp=0x000000f58a7fb688 mode 2
Event: 132.818 Thread 0x0000022343be8cc0 Uncommon trap: trap_request=0xffffff45 fr.pc=0x000002236fb80cdc relative=0x000000000000219c
Event: 132.818 Thread 0x0000022343be8cc0 Uncommon trap: reason=unstable_if action=reinterpret pc=0x000002236fb80cdc method=sun.net.www.ParseUtil.firstEncodeIndex(Ljava/lang/String;)I @ 73 c2
Event: 132.818 Thread 0x0000022343be8cc0 DEOPT PACKING pc=0x000002236fb80cdc sp=0x000000f58a7fb740
Event: 132.818 Thread 0x0000022343be8cc0 DEOPT UNPACKING pc=0x000002236f1b469c sp=0x000000f58a7fb550 mode 2
Event: 132.819 Thread 0x0000022343be8cc0 Uncommon trap: trap_request=0xffffff45 fr.pc=0x000002236f86d1f8 relative=0x0000000000000118
Event: 132.819 Thread 0x0000022343be8cc0 Uncommon trap: reason=unstable_if action=reinterpret pc=0x000002236f86d1f8 method=sun.net.www.ParseUtil.firstEncodeIndex(Ljava/lang/String;)I @ 73 c2
Event: 132.819 Thread 0x0000022343be8cc0 DEOPT PACKING pc=0x000002236f86d1f8 sp=0x000000f58a7fb390
Event: 132.819 Thread 0x0000022343be8cc0 DEOPT UNPACKING pc=0x000002236f1b469c sp=0x000000f58a7fb2c0 mode 2
Event: 132.823 Thread 0x0000022343be8cc0 Uncommon trap: trap_request=0xffffff45 fr.pc=0x000002236f7ccdd0 relative=0x0000000000000110
Event: 132.823 Thread 0x0000022343be8cc0 Uncommon trap: reason=unstable_if action=reinterpret pc=0x000002236f7ccdd0 method=sun.net.www.ParseUtil.firstEncodeIndex(Ljava/lang/String;)I @ 73 c2
Event: 132.823 Thread 0x0000022343be8cc0 DEOPT PACKING pc=0x000002236f7ccdd0 sp=0x000000f58a7fb700
Event: 132.823 Thread 0x0000022343be8cc0 DEOPT UNPACKING pc=0x000002236f1b469c sp=0x000000f58a7fb698 mode 2

Classes loaded (20 events):
Event: 103.234 Loading class java/util/ArrayList$SubList$2
Event: 103.236 Loading class java/util/ArrayList$SubList$2 done
Event: 103.387 Loading class java/util/concurrent/locks/ReentrantReadWriteLock$Sync$HoldCounter
Event: 103.421 Loading class java/util/concurrent/locks/ReentrantReadWriteLock$Sync$HoldCounter done
Event: 103.645 Loading class java/time/format/DateTimeFormatterBuilder$ZoneTextPrinterParser
Event: 103.651 Loading class java/time/format/DateTimeFormatterBuilder$ZoneTextPrinterParser done
Event: 103.653 Loading class java/time/format/DateTimeFormatterBuilder$ReducedPrinterParser
Event: 103.654 Loading class java/time/format/DateTimeFormatterBuilder$ReducedPrinterParser done
Event: 123.543 Loading class java/util/AbstractMap$SimpleEntry
Event: 123.545 Loading class java/util/AbstractMap$SimpleEntry done
Event: 124.006 Loading class jdk/internal/reflect/MethodHandleBooleanFieldAccessorImpl
Event: 124.012 Loading class jdk/internal/reflect/MethodHandleBooleanFieldAccessorImpl done
Event: 124.582 Loading class java/io/WriteAbortedException
Event: 124.583 Loading class java/io/WriteAbortedException done
Event: 124.585 Loading class sun/security/provider/SecureRandom
Event: 124.586 Loading class sun/security/provider/SecureRandom done
Event: 124.587 Loading class sun/security/provider/SecureRandom$SeederHolder
Event: 124.587 Loading class sun/security/provider/SecureRandom$SeederHolder done
Event: 124.764 Loading class java/text/FieldPosition$Delegate
Event: 124.765 Loading class java/text/FieldPosition$Delegate done

Classes unloaded (0 events):
No events

Classes redefined (0 events):
No events

Internal exceptions (20 events):
Event: 78.672 Thread 0x000002237e7ef8d0 Exception <a 'java/lang/IncompatibleClassChangeError'{0x00000000c3ea41e8}: Found class java.lang.Object, but interface was expected> (0x00000000c3ea41e8) 
thrown [s\open\src\hotspot\share\interpreter\linkResolver.cpp, line 840]
Event: 80.197 Thread 0x000002237e7ef8d0 Exception <a 'java/lang/NoSuchMethodError'{0x00000000c4f9c948}: 'java.lang.Object java.lang.invoke.DirectMethodHandle$Holder.invokeInterface(java.lang.Object, java.lang.Object, java.lang.Object, java.lang.Object)'> (0x00000000c4f9c948) 
thrown [s\open\src\hotspot\share\interpreter\linkResolver.cpp, line 773]
Event: 80.603 Thread 0x000002237e7ef8d0 Exception <a 'java/lang/NoSuchMethodError'{0x00000000c4d748e0}: 'void java.lang.invoke.DirectMethodHandle$Holder.invokeVirtual(java.lang.Object, java.lang.Object, long)'> (0x00000000c4d748e0) 
thrown [s\open\src\hotspot\share\interpreter\linkResolver.cpp, line 773]
Event: 80.974 Thread 0x000002237e7ef8d0 Exception <a 'java/lang/NoSuchMethodError'{0x00000000c4aa8160}: 'int java.lang.invoke.DirectMethodHandle$Holder.invokeStaticInit(java.lang.Object, java.lang.Object, java.lang.Object, java.lang.Object)'> (0x00000000c4aa8160) 
thrown [s\open\src\hotspot\share\interpreter\linkResolver.cpp, line 773]
Event: 81.321 Thread 0x000002237e7ef8d0 Exception <a 'java/lang/IncompatibleClassChangeError'{0x00000000c474aff8}: Found class java.lang.Object, but interface was expected> (0x00000000c474aff8) 
thrown [s\open\src\hotspot\share\interpreter\linkResolver.cpp, line 840]
Event: 82.801 Thread 0x000002237e7ef8d0 Exception <a 'java/lang/NoSuchMethodError'{0x00000000c413a510}: 'java.lang.Object java.lang.invoke.DirectMethodHandle$Holder.newInvokeSpecial(java.lang.Object, java.lang.Object, int, java.lang.Object, java.lang.Object)'> (0x00000000c413a510) 
thrown [s\open\src\hotspot\share\interpreter\linkResolver.cpp, line 773]
Event: 82.805 Thread 0x000002237e7ef8d0 Exception <a 'java/lang/NoSuchMethodError'{0x00000000c4144f50}: 'java.lang.Object java.lang.invoke.DirectMethodHandle$Holder.invokeSpecial(java.lang.Object, java.lang.Object, int, java.lang.Object, int, java.lang.Object)'> (0x00000000c4144f50) 
thrown [s\open\src\hotspot\share\interpreter\linkResolver.cpp, line 773]
Event: 82.807 Thread 0x000002237e7ef8d0 Exception <a 'java/lang/NoSuchMethodError'{0x00000000c414bfb0}: 'java.lang.Object java.lang.invoke.DirectMethodHandle$Holder.newInvokeSpecial(java.lang.Object, java.lang.Object, int, java.lang.Object, int)'> (0x00000000c414bfb0) 
thrown [s\open\src\hotspot\share\interpreter\linkResolver.cpp, line 773]
Event: 82.808 Thread 0x000002237e7ef8d0 Exception <a 'java/lang/NoSuchMethodError'{0x00000000c414fdd8}: 'java.lang.Object java.lang.invoke.DirectMethodHandle$Holder.invokeSpecial(java.lang.Object, java.lang.Object, java.lang.Object, int, java.lang.Object, int)'> (0x00000000c414fdd8) 
thrown [s\open\src\hotspot\share\interpreter\linkResolver.cpp, line 773]
Event: 97.084 Thread 0x000002237fca3e00 Exception <a 'java/lang/NoSuchMethodError'{0x00000000c4ff7c70}: 'java.lang.Object java.lang.invoke.DirectMethodHandle$Holder.invokeSpecial(java.lang.Object, java.lang.Object, java.lang.Object, java.lang.Object, java.lang.Object, long)'> (0x00000000c4ff7c70) 
thrown [s\open\src\hotspot\share\interpreter\linkResolver.cpp, line 773]
Event: 97.085 Thread 0x000002237fca3e00 Exception <a 'java/lang/NoSuchMethodError'{0x00000000c4ffb3e8}: 'java.lang.Object java.lang.invoke.Invokers$Holder.linkToTargetMethod(java.lang.Object, java.lang.Object, java.lang.Object, long, java.lang.Object)'> (0x00000000c4ffb3e8) 
thrown [s\open\src\hotspot\share\interpreter\linkResolver.cpp, line 773]
Event: 103.223 Thread 0x0000022343be3e00 Exception <a 'java/lang/NoSuchMethodError'{0x00000000c4e2a090}: 'java.lang.Object java.lang.invoke.DirectMethodHandle$Holder.invokeStatic(java.lang.Object, int, int)'> (0x00000000c4e2a090) 
thrown [s\open\src\hotspot\share\interpreter\linkResolver.cpp, line 773]
Event: 103.226 Thread 0x0000022343be23c0 Exception <a 'java/lang/NoSuchMethodError'{0x00000000c4ecc330}: 'java.lang.Object java.lang.invoke.DirectMethodHandle$Holder.invokeStatic(java.lang.Object, int, int)'> (0x00000000c4ecc330) 
thrown [s\open\src\hotspot\share\interpreter\linkResolver.cpp, line 773]
Event: 103.227 Thread 0x0000022343be16a0 Exception <a 'java/lang/NoSuchMethodError'{0x00000000c4e61b48}: 'java.lang.Object java.lang.invoke.DirectMethodHandle$Holder.invokeStatic(java.lang.Object, int, int)'> (0x00000000c4e61b48) 
thrown [s\open\src\hotspot\share\interpreter\linkResolver.cpp, line 773]
Event: 103.227 Thread 0x0000022343be4b20 Exception <a 'java/lang/NoSuchMethodError'{0x00000000c4e817e8}: 'java.lang.Object java.lang.invoke.DirectMethodHandle$Holder.invokeStatic(java.lang.Object, int, int)'> (0x00000000c4e817e8) 
thrown [s\open\src\hotspot\share\interpreter\linkResolver.cpp, line 773]
Event: 103.227 Thread 0x0000022343be5840 Exception <a 'java/lang/NoSuchMethodError'{0x00000000c4ec1e80}: 'java.lang.Object java.lang.invoke.DirectMethodHandle$Holder.invokeStatic(java.lang.Object, int, int)'> (0x00000000c4ec1e80) 
thrown [s\open\src\hotspot\share\interpreter\linkResolver.cpp, line 773]
Event: 103.227 Thread 0x0000022343be7fa0 Exception <a 'java/lang/NoSuchMethodError'{0x00000000c4ea1c38}: 'java.lang.Object java.lang.invoke.DirectMethodHandle$Holder.invokeStatic(java.lang.Object, int, int)'> (0x00000000c4ea1c38) 
thrown [s\open\src\hotspot\share\interpreter\linkResolver.cpp, line 773]
Event: 123.629 Thread 0x000002237fca4b20 Exception <a 'java/lang/NoSuchMethodError'{0x00000000c4feafc0}: 'void java.lang.invoke.DirectMethodHandle$Holder.invokeSpecialIFC(java.lang.Object, java.lang.Object, int, java.lang.Object, java.lang.Object, java.lang.Object, java.lang.Object)'> (0x00000000c4feafc0) 
thrown [s\open\src\hotspot\share\interpreter\linkResolver.cpp, line 773]
Event: 124.013 Thread 0x000002237fca4b20 Exception <a 'java/lang/NoSuchMethodError'{0x00000000c4c5d330}: 'void java.lang.invoke.Invokers$Holder.invokeExact_MT(java.lang.Object, java.lang.Object, int, java.lang.Object)'> (0x00000000c4c5d330) 
thrown [s\open\src\hotspot\share\interpreter\linkResolver.cpp, line 773]
Event: 133.170 Thread 0x0000022343be6560 Exception <a 'java/net/SocketException'{0x00000000c5534460}: Connection reset by peer: shutdown> (0x00000000c5534460) 
thrown [s\open\src\hotspot\share\prims\jni.cpp, line 539]

ZGC Phase Switch (0 events):
No events

VM Operations (20 events):
Event: 123.555 Executing VM operation: HandshakeAllThreads (Deoptimize)
Event: 123.556 Executing VM operation: HandshakeAllThreads (Deoptimize) done
Event: 124.559 Executing VM operation: Cleanup
Event: 124.564 Executing VM operation: Cleanup done
Event: 125.579 Executing VM operation: Cleanup
Event: 128.168 Executing VM operation: Cleanup done
Event: 129.181 Executing VM operation: Cleanup
Event: 129.181 Executing VM operation: Cleanup done
Event: 130.194 Executing VM operation: Cleanup
Event: 130.199 Executing VM operation: Cleanup done
Event: 131.206 Executing VM operation: Cleanup
Event: 131.206 Executing VM operation: Cleanup done
Event: 132.112 Executing VM operation: G1CollectForAllocation (G1 Evacuation Pause)
Event: 132.178 Executing VM operation: G1CollectForAllocation (G1 Evacuation Pause) done
Event: 132.636 Executing VM operation: G1PauseRemark
Event: 132.683 Executing VM operation: G1PauseRemark done
Event: 132.824 Executing VM operation: G1PauseCleanup
Event: 132.825 Executing VM operation: G1PauseCleanup done
Event: 133.838 Executing VM operation: Cleanup
Event: 133.838 Executing VM operation: Cleanup done

Events (20 events):
Event: 132.677 Thread 0x000002235f88cda0 flushing nmethod 0x000002236fa93f10
Event: 132.677 Thread 0x000002235f88cda0 flushing nmethod 0x000002236fa98590
Event: 132.677 Thread 0x000002235f88cda0 flushing nmethod 0x000002236fa5bb10
Event: 132.677 Thread 0x000002235f88cda0 flushing nmethod 0x000002236fa51d10
Event: 132.677 Thread 0x000002235f88cda0 flushing nmethod 0x000002236fa4ce90
Event: 132.677 Thread 0x000002235f88cda0 flushing nmethod 0x000002236fa20810
Event: 132.677 Thread 0x000002235f88cda0 flushing nmethod 0x000002236fa3b910
Event: 132.677 Thread 0x000002235f88cda0 flushing nmethod 0x000002236f947d90
Event: 132.677 Thread 0x000002235f88cda0 flushing nmethod 0x000002236f90e110
Event: 132.677 Thread 0x000002235f88cda0 flushing nmethod 0x000002236f908d90
Event: 132.677 Thread 0x000002235f88cda0 flushing nmethod 0x000002236f8c5a90
Event: 132.677 Thread 0x000002235f88cda0 flushing nmethod 0x000002236f860890
Event: 132.677 Thread 0x000002235f88cda0 flushing nmethod 0x000002236f893e90
Event: 132.677 Thread 0x000002235f88cda0 flushing nmethod 0x000002236f852a90
Event: 132.677 Thread 0x000002235f88cda0 flushing nmethod 0x000002236f82af90
Event: 132.677 Thread 0x000002235f88cda0 flushing nmethod 0x000002236f7e7d10
Event: 132.677 Thread 0x000002235f88cda0 flushing nmethod 0x000002236f7b4110
Event: 132.677 Thread 0x000002235f88cda0 flushing nmethod 0x000002236f77e810
Event: 132.677 Thread 0x000002235f88cda0 flushing nmethod 0x000002236f71e790
Event: 132.677 Thread 0x000002235f88cda0 flushing nmethod 0x000002236f6f8910


Dynamic libraries:
0x00007ff70ea50000 - 0x00007ff70ea60000 	C:\Program Files\Java\jdk-21\bin\java.exe
0x00007ff9efa90000 - 0x00007ff9efc88000 	C:\WINDOWS\SYSTEM32\ntdll.dll
0x00007ff9ef830000 - 0x00007ff9ef8ed000 	C:\WINDOWS\System32\KERNEL32.DLL
0x00007ff9ed5a0000 - 0x00007ff9ed896000 	C:\WINDOWS\System32\KERNELBASE.dll
0x00007ff9ed4a0000 - 0x00007ff9ed5a0000 	C:\WINDOWS\System32\ucrtbase.dll
0x00007ff9e6aa0000 - 0x00007ff9e6ab9000 	C:\Program Files\Java\jdk-21\bin\jli.dll
0x00007ff9ef8f0000 - 0x00007ff9ef9a3000 	C:\WINDOWS\System32\ADVAPI32.dll
0x00007ff9ef9b0000 - 0x00007ff9efa4e000 	C:\WINDOWS\System32\msvcrt.dll
0x00007ff9edfd0000 - 0x00007ff9ee06f000 	C:\WINDOWS\System32\sechost.dll
0x00007ff9ede80000 - 0x00007ff9edfa6000 	C:\WINDOWS\System32\RPCRT4.dll
0x00007ff9ed310000 - 0x00007ff9ed337000 	C:\WINDOWS\System32\bcrypt.dll
0x00007ff9edc70000 - 0x00007ff9ede0e000 	C:\WINDOWS\System32\USER32.dll
0x00007ff9ed470000 - 0x00007ff9ed492000 	C:\WINDOWS\System32\win32u.dll
0x00007ff9ee9d0000 - 0x00007ff9ee9fc000 	C:\WINDOWS\System32\GDI32.dll
0x00007ff9ed8a0000 - 0x00007ff9ed9ba000 	C:\WINDOWS\System32\gdi32full.dll
0x00007ff9ed3d0000 - 0x00007ff9ed46d000 	C:\WINDOWS\System32\msvcp_win.dll
0x00007ff9e64b0000 - 0x00007ff9e64cb000 	C:\Program Files\Java\jdk-21\bin\VCRUNTIME140.dll
0x00007ff9dbf60000 - 0x00007ff9dc1fa000 	C:\WINDOWS\WinSxS\amd64_microsoft.windows.common-controls_6595b64144ccf1df_6.0.19041.3636_none_60b6a03d71f818d5\COMCTL32.dll
0x00007ff9e60e0000 - 0x00007ff9e60ea000 	C:\WINDOWS\SYSTEM32\VERSION.dll
0x00007ff9ef730000 - 0x00007ff9ef760000 	C:\WINDOWS\System32\IMM32.DLL
0x00007ff9e6a60000 - 0x00007ff9e6a6c000 	C:\Program Files\Java\jdk-21\bin\vcruntime140_1.dll
0x00007ff9e2fe0000 - 0x00007ff9e306e000 	C:\Program Files\Java\jdk-21\bin\msvcp140.dll
0x00007ff9be400000 - 0x00007ff9bf115000 	C:\Program Files\Java\jdk-21\bin\server\jvm.dll
0x00007ff9ef760000 - 0x00007ff9ef7cb000 	C:\WINDOWS\System32\WS2_32.dll
0x00007ff9ecfc0000 - 0x00007ff9ed00b000 	C:\WINDOWS\SYSTEM32\POWRPROF.dll
0x00007ff9e55b0000 - 0x00007ff9e55d7000 	C:\WINDOWS\SYSTEM32\WINMM.dll
0x00007ff9ecfa0000 - 0x00007ff9ecfb2000 	C:\WINDOWS\SYSTEM32\UMPDC.dll
0x00007ff9eb9f0000 - 0x00007ff9eba02000 	C:\WINDOWS\SYSTEM32\kernel.appcore.dll
0x00007ff9e6730000 - 0x00007ff9e673a000 	C:\Program Files\Java\jdk-21\bin\jimage.dll
0x00007ff9eb670000 - 0x00007ff9eb854000 	C:\WINDOWS\SYSTEM32\DBGHELP.DLL
0x00007ff9d9040000 - 0x00007ff9d9074000 	C:\WINDOWS\SYSTEM32\dbgcore.DLL
0x00007ff9ed340000 - 0x00007ff9ed3c2000 	C:\WINDOWS\System32\bcryptPrimitives.dll
0x00007ff9e6450000 - 0x00007ff9e646f000 	C:\Program Files\Java\jdk-21\bin\java.dll
0x00007ff9ee280000 - 0x00007ff9ee9c5000 	C:\WINDOWS\System32\SHELL32.dll
0x00007ff9eae00000 - 0x00007ff9eb59b000 	C:\WINDOWS\SYSTEM32\windows.storage.dll
0x00007ff9eeb90000 - 0x00007ff9eeee4000 	C:\WINDOWS\System32\combase.dll
0x00007ff9ecac0000 - 0x00007ff9ecaed000 	C:\WINDOWS\SYSTEM32\Wldp.dll
0x00007ff9edbb0000 - 0x00007ff9edc5d000 	C:\WINDOWS\System32\SHCORE.dll
0x00007ff9ee0f0000 - 0x00007ff9ee145000 	C:\WINDOWS\System32\shlwapi.dll
0x00007ff9ed090000 - 0x00007ff9ed0b5000 	C:\WINDOWS\SYSTEM32\profapi.dll
0x00007ff9e3070000 - 0x00007ff9e3147000 	C:\Program Files\Java\jdk-21\bin\jsvml.dll
0x00007ff9e6660000 - 0x00007ff9e6670000 	C:\Program Files\Java\jdk-21\bin\net.dll
0x00007ff9dfe90000 - 0x00007ff9dff9a000 	C:\WINDOWS\SYSTEM32\WINHTTP.dll
0x00007ff9ec820000 - 0x00007ff9ec88a000 	C:\WINDOWS\system32\mswsock.dll
0x00007ff9e6430000 - 0x00007ff9e6446000 	C:\Program Files\Java\jdk-21\bin\nio.dll
0x00007ff9e3a40000 - 0x00007ff9e3a58000 	C:\Program Files\Java\jdk-21\bin\zip.dll
0x00007ff9e3a30000 - 0x00007ff9e3a3a000 	C:\Program Files\Java\jdk-21\bin\management.dll
0x00007ff9e38f0000 - 0x00007ff9e38fb000 	C:\Program Files\Java\jdk-21\bin\management_ext.dll
0x00007ff9edc60000 - 0x00007ff9edc68000 	C:\WINDOWS\System32\PSAPI.DLL
0x00007ff9ea610000 - 0x00007ff9ea61e000 	C:\Program Files\Java\jdk-21\bin\sunmscapi.dll
0x00007ff9ed1b0000 - 0x00007ff9ed30d000 	C:\WINDOWS\System32\CRYPT32.dll
0x00007ff9ecb30000 - 0x00007ff9ecb58000 	C:\WINDOWS\SYSTEM32\ncrypt.dll
0x00007ff9ecaf0000 - 0x00007ff9ecb2b000 	C:\WINDOWS\SYSTEM32\NTASN1.dll
0x00007ff9eca10000 - 0x00007ff9eca28000 	C:\WINDOWS\SYSTEM32\CRYPTSP.dll
0x00007ff9ec150000 - 0x00007ff9ec184000 	C:\WINDOWS\system32\rsaenh.dll
0x00007ff9ed050000 - 0x00007ff9ed07e000 	C:\WINDOWS\SYSTEM32\USERENV.dll
0x00007ff9eca30000 - 0x00007ff9eca3c000 	C:\WINDOWS\SYSTEM32\CRYPTBASE.dll
0x00007ff9ec510000 - 0x00007ff9ec54b000 	C:\WINDOWS\SYSTEM32\IPHLPAPI.DLL
0x00007ff9ede70000 - 0x00007ff9ede78000 	C:\WINDOWS\System32\NSI.dll
0x00007ff9e62b0000 - 0x00007ff9e62c0000 	C:\Program Files\Java\jdk-21\bin\verify.dll
0x00007ff9ec550000 - 0x00007ff9ec61a000 	C:\WINDOWS\SYSTEM32\DNSAPI.dll
0x00007ff9dcde0000 - 0x00007ff9dcdea000 	C:\Windows\System32\rasadhlp.dll
0x00007ff9dd5f0000 - 0x00007ff9dd670000 	C:\WINDOWS\System32\fwpuclnt.dll
0x00007ff9e58d0000 - 0x00007ff9e58d7000 	C:\Program Files\Java\jdk-21\bin\extnet.dll
0x00007ff9e3b10000 - 0x00007ff9e3b17000 	C:\WINDOWS\system32\wshunix.dll

dbghelp: loaded successfully - version: 4.0.5 - missing functions: none
symbol engine: initialized successfully - sym options: 0x614 - pdb path: .;C:\Program Files\Java\jdk-21\bin;C:\WINDOWS\SYSTEM32;C:\WINDOWS\WinSxS\amd64_microsoft.windows.common-controls_6595b64144ccf1df_6.0.19041.3636_none_60b6a03d71f818d5;C:\Program Files\Java\jdk-21\bin\server

VM Arguments:
java_command: com.example.gesvet.GesvetApplication
java_class_path (initial): C:\Users\nicol\OneDrive\Escritorio\sprinboot\gesvetnico\GesVet\target\classes;C:\Users\nicol\.m2\repository\org\springframework\boot\spring-boot-starter-thymeleaf\3.2.0\spring-boot-starter-thymeleaf-3.2.0.jar;C:\Users\nicol\.m2\repository\org\springframework\boot\spring-boot-starter\3.2.0\spring-boot-starter-3.2.0.jar;C:\Users\nicol\.m2\repository\org\springframework\boot\spring-boot-starter-logging\3.2.0\spring-boot-starter-logging-3.2.0.jar;C:\Users\nicol\.m2\repository\ch\qos\logback\logback-classic\1.4.11\logback-classic-1.4.11.jar;C:\Users\nicol\.m2\repository\ch\qos\logback\logback-core\1.4.11\logback-core-1.4.11.jar;C:\Users\nicol\.m2\repository\org\apache\logging\log4j\log4j-to-slf4j\2.21.1\log4j-to-slf4j-2.21.1.jar;C:\Users\nicol\.m2\repository\org\apache\logging\log4j\log4j-api\2.21.1\log4j-api-2.21.1.jar;C:\Users\nicol\.m2\repository\org\slf4j\jul-to-slf4j\2.0.9\jul-to-slf4j-2.0.9.jar;C:\Users\nicol\.m2\repository\jakarta\annotation\jakarta.annotation-api\2.1.1\jakarta.annotation-api-2.1.1.jar;C:\Users\nicol\.m2\repository\org\yaml\snakeyaml\2.2\snakeyaml-2.2.jar;C:\Users\nicol\.m2\repository\org\thymeleaf\thymeleaf-spring6\3.1.2.RELEASE\thymeleaf-spring6-3.1.2.RELEASE.jar;C:\Users\nicol\.m2\repository\org\thymeleaf\thymeleaf\3.1.2.RELEASE\thymeleaf-3.1.2.RELEASE.jar;C:\Users\nicol\.m2\repository\org\attoparser\attoparser\2.0.7.RELEASE\attoparser-2.0.7.RELEASE.jar;C:\Users\nicol\.m2\repository\org\unbescape\unbescape\1.1.6.RELEASE\unbescape-1.1.6.RELEASE.jar;C:\Users\nicol\.m2\repository\org\springframework\boot\spring-boot-starter-web\3.2.0\spring-boot-starter-web-3.2.0.jar;C:\Users\nicol\.m2\repository\org\springframework\boot\spring-boot-starter-json\3.2.0\spring-boot-starter-json-3.2.0.jar;C:\Users\nicol\.m2\repository\com\fasterxml\jackson\core\jackson-databind\2.15.3\jackson-databind-2.15.3.jar;C:\Users\nicol\.m2\repository\com\fasterxml\jackson\core\jackson-annotations\2.15.3\jackson-annotations-2.15.3.jar;C:\Users\nicol\.m2\repository\com\fasterxml\jackson\core\jackson-core\2.15.3\jackson-core-2.15.3.jar;C:\Users\nicol\.m2\repository\com\fasterxml\jackson\datatype\jackson-datatype-jdk8\2.15.3\jackson-datatype-jdk8-2.15.3.jar;C:\Users\nicol\.m2\repository\com\fasterxml\jackson\datatype\jackson-datatype-jsr310\2.15.3\jackson-datatype-jsr310-2.15.3.jar;C:\Users\nicol\.m2\repository\com\fasterxml\jackson\module\jackson-module-parameter-names\2.15.3\jackson-module-parameter-names-2.15.3.jar;C:\Users\nicol\.m2\repository\org\springframework\boot\spring-boot-starter-tomcat\3.2.0\spring-boot-starter-tomcat-3.2.0.jar;C:\Users\nicol\.m2\repository\org\apache\tomcat\embed\tomcat-embed-core\10.1.16\tomcat-embed-core-10.1.16.jar;C:\Users\nicol\.m2\repository\org\apache\tomcat\embed\tomcat-embed-websocket\10.1.16\tomcat-embed-websocket-10.1.16.jar;C:\Users\nicol\.m2\repository\org\springframework\spring-web\6.1.1\spring-web-6.1.1.jar;C:\Users\nicol\.m2\repository\org\springframework\spring-beans\6.1.1\spring-beans-6.1.1.jar;C:\Users\nicol\.m2\repository\io\micrometer\micrometer-observation\1.12.0\micrometer-observation-1.12.0.jar;C:\Users\nicol\.m2\repository\io\micrometer\micrometer-commons\1.12.0\micrometer-commons-1.12.0.jar;C:\Users\nicol\.m2\repository\org\springframework\spring-webmvc\6.1.1\spring-webmvc-6.1.1.jar;C:\Users\nicol\.m2\repository\org\springframework\spring-context\6.1.1\spring-context-6.1.1.jar;C:\Users\nicol\.m2\repository\org\springframework\spring-expression\6.1.1\spring-expression-6.1.1.jar;C:\Users\nicol\.m2\repository\org\springframework\boot\spring-boot-devtools\3.2.0\spring-boot-devtools-3.2.0.jar;C:\Users\nicol\.m2\repository\org\springframework\boot\spring-boot\3.2.0\spring-boot-3.2.0.jar;C:\Users\nicol\.m2\repository\org\springframework\boot\spring-boot-autoconfigure\3.2.0\spring-boot-autoconfigure-3.2.0.jar;C:\Users\nicol\.m2\repository\com\mysql\mysql-connector-j\8.1.0\mysql-connector-j-8.1.0.jar;C:\Users\nicol\.m2\repository\org\projectlombok\lombok\1.18.30\lombok-1.18.30.jar;C:\Users\nicol\.m2\repository\jakarta\xml\bind\jakarta.xml.bind-api\4.0.1\jakarta.xml.bind-api-4.0.1.jar;C:\Users\nicol\.m2\repository\jakarta\activation\jakarta.activation-api\2.1.2\jakarta.activation-api-2.1.2.jar;C:\Users\nicol\.m2\repository\net\bytebuddy\byte-buddy\1.14.10\byte-buddy-1.14.10.jar;C:\Users\nicol\.m2\repository\org\springframework\spring-core\6.1.1\spring-core-6.1.1.jar;C:\Users\nicol\.m2\repository\org\springframework\spring-jcl\6.1.1\spring-jcl-6.1.1.jar;C:\Users\nicol\.m2\repository\org\springframework\boot\spring-boot-starter-validation\3.2.0\spring-boot-starter-validation-3.2.0.jar;C:\Users\nicol\.m2\repository\org\apache\tomcat\embed\tomcat-embed-el\10.1.16\tomcat-embed-el-10.1.16.jar;C:\Users\nicol\.m2\repository\org\hibernate\validator\hibernate-validator\8.0.1.Final\hibernate-validator-8.0.1.Final.jar;C:\Users\nicol\.m2\repository\jakarta\validation\jakarta.validation-api\3.0.2\jakarta.validation-api-3.0.2.jar;C:\Users\nicol\.m2\repository\org\jboss\logging\jboss-logging\3.5.3.Final\jboss-logging-3.5.3.Final.jar;C:\Users\nicol\.m2\repository\com\fasterxml\classmate\1.6.0\classmate-1.6.0.jar;C:\Users\nicol\.m2\repository\javax\persistence\javax.persistence-api\2.2\javax.persistence-api-2.2.jar;C:\Users\nicol\.m2\repository\org\springframework\boot\spring-boot-starter-data-jpa\3.2.0\spring-boot-starter-data-jpa-3.2.0.jar;C:\Users\nicol\.m2\repository\org\springframework\boot\spring-boot-starter-aop\3.2.0\spring-boot-starter-aop-3.2.0.jar;C:\Users\nicol\.m2\repository\org\aspectj\aspectjweaver\1.9.20.1\aspectjweaver-1.9.20.1.jar;C:\Users\nicol\.m2\repository\org\springframework\boot\spring-boot-starter-jdbc\3.2.0\spring-boot-starter-jdbc-3.2.0.jar;C:\Users\nicol\.m2\repository\com\zaxxer\HikariCP\5.0.1\HikariCP-5.0.1.jar;C:\Users\nicol\.m2\repository\org\springframework\spring-jdbc\6.1.1\spring-jdbc-6.1.1.jar;C:\Users\nicol\.m2\repository\org\hibernate\orm\hibernate-core\6.3.1.Final\hibernate-core-6.3.1.Final.jar;C:\Users\nicol\.m2\repository\jakarta\persistence\jakarta.persistence-api\3.1.0\jakarta.persistence-api-3.1.0.jar;C:\Users\nicol\.m2\repository\jakarta\transaction\jakarta.transaction-api\2.0.1\jakarta.transaction-api-2.0.1.jar;C:\Users\nicol\.m2\repository\org\hibernate\common\hibernate-commons-annotations\6.0.6.Final\hibernate-commons-annotations-6.0.6.Final.jar;C:\Users\nicol\.m2\repository\io\smallrye\jandex\3.1.2\jandex-3.1.2.jar;C:\Users\nicol\.m2\repository\org\glassfish\jaxb\jaxb-runtime\4.0.4\jaxb-runtime-4.0.4.jar;C:\Users\nicol\.m2\repository\org\glassfish\jaxb\jaxb-core\4.0.4\jaxb-core-4.0.4.jar;C:\Users\nicol\.m2\repository\org\glassfish\jaxb\txw2\4.0.4\txw2-4.0.4.jar;C:\Users\nicol\.m2\repository\com\sun\istack\istack-commons-runtime\4.1.2\istack-commons-runtime-4.1.2.jar;C:\Users\nicol\.m2\repository\jakarta\inject\jakarta.inject-api\2.0.1\jakarta.inject-api-2.0.1.jar;C:\Users\nicol\.m2\repository\org\antlr\antlr4-runtime\4.10.1\antlr4-runtime-4.10.1.jar;C:\Users\nicol\.m2\repository\org\springframework\data\spring-data-jpa\3.2.0\spring-data-jpa-3.2.0.jar;C:\Users\nicol\.m2\repository\org\springframework\data\spring-data-commons\3.2.0\spring-data-commons-3.2.0.jar;C:\Users\nicol\.m2\repository\org\springframework\spring-orm\6.1.1\spring-orm-6.1.1.jar;C:\Users\nicol\.m2\repository\org\springframework\spring-tx\6.1.1\spring-tx-6.1.1.jar;C:\Users\nicol\.m2\repository\org\springframework\spring-aspects\6.1.1\spring-aspects-6.1.1.jar;C:\Users\nicol\.m2\repository\org\springframework\security\spring-security-core\6.2.0\spring-security-core-6.2.0.jar;C:\Users\nicol\.m2\repository\org\springframework\security\spring-security-crypto\6.2.0\spring-security-crypto-6.2.0.jar;C:\Users\nicol\.m2\repository\org\springframework\security\spring-security-web\6.2.0\spring-security-web-6.2.0.jar;C:\Users\nicol\.m2\repository\org\thymeleaf\extras\thymeleaf-extras-springsecurity6\3.1.2.RELEASE\thymeleaf-extras-springsecurity6-3.1.2.RELEASE.jar;C:\Users\nicol\.m2\repository\org\slf4j\slf4j-api\2.0.9\slf4j-api-2.0.9.jar;C:\Users\nicol\.m2\repository\org\springframework\boot\spring-boot-starter-security\3.2.0\spring-boot-starter-security-3.2.0.jar;C:\Users\nicol\.m2\repository\org\springframework\spring-aop\6.1.1\spring-aop-6.1.1.jar;C:\Users\nicol\.m2\repository\org\springframework\security\spring-security-config\6.2.0\spring-security-config-6.2.0.jar;C:\Users\nicol\.m2\repository\org\springframework\boot\spring-boot-starter-mail\3.2.0\spring-boot-starter-mail-3.2.0.jar;C:\Users\nicol\.m2\repository\org\springframework\spring-context-support\6.1.1\spring-context-support-6.1.1.jar;C:\Users\nicol\.m2\repository\org\eclipse\angus\jakarta.mail\2.0.2\jakarta.mail-2.0.2.jar;C:\Users\nicol\.m2\repository\org\eclipse\angus\angus-activation\2.0.1\angus-activation-2.0.1.jar;C:\Users\nicol\.m2\repository\ch\frostnova\persistence-jpa\1.0.0-RC1\persistence-jpa-1.0.0-RC1.jar
Launcher Type: SUN_STANDARD

[Global flags]
     intx CICompilerCount                          = 2                                         {product} {ergonomic}
     uint ConcGCThreads                            = 1                                         {product} {ergonomic}
     uint G1ConcRefinementThreads                  = 2                                         {product} {ergonomic}
   size_t G1HeapRegionSize                         = 1048576                                   {product} {ergonomic}
    uintx GCDrainStackTargetSize                   = 64                                        {product} {ergonomic}
   size_t InitialHeapSize                          = 67108864                                  {product} {ergonomic}
   size_t MarkStackSize                            = 4194304                                   {product} {ergonomic}
   size_t MaxHeapSize                              = 1050673152                                {product} {ergonomic}
   size_t MaxNewSize                               = 630194176                                 {product} {ergonomic}
   size_t MinHeapDeltaBytes                        = 1048576                                   {product} {ergonomic}
   size_t MinHeapSize                              = 8388608                                   {product} {ergonomic}
    uintx NonNMethodCodeHeapSize                   = 5826188                                {pd product} {ergonomic}
    uintx NonProfiledCodeHeapSize                  = 122916026                              {pd product} {ergonomic}
    uintx ProfiledCodeHeapSize                     = 122916026                              {pd product} {ergonomic}
    uintx ReservedCodeCacheSize                    = 251658240                              {pd product} {ergonomic}
     bool SegmentedCodeCache                       = true                                      {product} {ergonomic}
   size_t SoftMaxHeapSize                          = 1050673152                             {manageable} {ergonomic}
     bool UseCompressedOops                        = true                           {product lp64_product} {ergonomic}
     bool UseG1GC                                  = true                                      {product} {ergonomic}
     bool UseLargePagesIndividualAllocation        = false                                  {pd product} {ergonomic}

Logging:
Log output configuration:
 #0: stdout all=warning uptime,level,tags foldmultilines=false
 #1: stderr all=off uptime,level,tags foldmultilines=false

Environment Variables:
JAVA_HOME=C:\Program Files\Java\jdk-21
PATH=C:\Program Files\Common Files\Oracle\Java\javapath;C:\Program Files (x86)\Common Files\Oracle\Java\javapath;C:\WINDOWS\system32;C:\WINDOWS;C:\WINDOWS\System32\Wbem;C:\WINDOWS\System32\WindowsPowerShell\v1.0\;C:\WINDOWS\System32\OpenSSH\;C:\Program Files\Git\cmd;C:\Users\nicol\.console-ninja\.bin;C:\Users\nicol\AppData\Local\Programs\Python\Python312\Scripts\;C:\Users\nicol\AppData\Local\Programs\Python\Python312\;C:\Users\nicol\AppData\Local\Programs\Python\Launcher\;C:\Users\nicol\AppData\Local\Microsoft\WindowsApps;C:\Users\nicol\AppData\Local\Programs\Microsoft VS Code\bin;C:\Program Files\NetBeans-16\netbeans\java\maven\bin;
USERNAME=nicol
OS=Windows_NT
PROCESSOR_IDENTIFIER=Intel64 Family 6 Model 76 Stepping 4, GenuineIntel
TMP=C:\Users\nicol\AppData\Local\Temp
TEMP=C:\Users\nicol\AppData\Local\Temp




Periodic native trim disabled

---------------  S Y S T E M  ---------------

OS:
 Windows 10 , 64 bit Build 19041 (10.0.19041.3636)
OS uptime: 5 days 17:42 hours

CPU: total 2 (initial active 2) (2 cores per cpu, 1 threads per core) family 6 model 76 stepping 4 microcode 0x411, cx8, cmov, fxsr, mmx, 3dnowpref, sse, sse2, sse3, ssse3, sse4.1, sse4.2, popcnt, tsc, tscinvbit, aes, erms, clmul, clflush, rdtscp
Processor Information for all 2 processors :
  Max Mhz: 1601, Current Mhz: 1520, Mhz Limit: 1504

Memory: 4k page, system-wide physical 4001M (95M free)
TotalPageFile size 6791M (AvailPageFile size 5M)
current process WorkingSet (physical memory assigned to process): 256M, peak: 260M
current process commit charge ("private bytes"): 297M, peak: 298M

vm_info: Java HotSpot(TM) 64-Bit Server VM (21.0.1+12-LTS-29) for windows-amd64 JRE (21.0.1+12-LTS-29), built on 2023-10-05T13:27:09Z by "mach5one" with MS VC++ 17.1 (VS2022)

END.
